{"total": {"lines":{"total":1390,"covered":555,"skipped":0,"pct":39.92},"statements":{"total":1436,"covered":572,"skipped":0,"pct":39.83},"functions":{"total":423,"covered":128,"skipped":0,"pct":30.26},"branches":{"total":567,"covered":134,"skipped":0,"pct":23.63},"branchesTrue":{"total":0,"covered":0,"skipped":0,"pct":100}}
,"C:/Users/mafer/Documents/GitHub/UInnovate/UInnovateApp/src/api/AxiosCustom.ts": {"lines":{"total":15,"covered":2,"skipped":0,"pct":13.33},"functions":{"total":2,"covered":0,"skipped":0,"pct":0},"statements":{"total":15,"covered":2,"skipped":0,"pct":13.33},"branches":{"total":4,"covered":0,"skipped":0,"pct":0}}
,"C:/Users/mafer/Documents/GitHub/UInnovate/UInnovateApp/src/components/AddRowPopup.tsx": {"lines":{"total":18,"covered":1,"skipped":0,"pct":5.55},"functions":{"total":4,"covered":0,"skipped":0,"pct":0},"statements":{"total":18,"covered":1,"skipped":0,"pct":5.55},"branches":{"total":4,"covered":0,"skipped":0,"pct":0}}
,"C:/Users/mafer/Documents/GitHub/UInnovate/UInnovateApp/src/components/NavBar.tsx": {"lines":{"total":10,"covered":8,"skipped":0,"pct":80},"functions":{"total":5,"covered":2,"skipped":0,"pct":40},"statements":{"total":13,"covered":9,"skipped":0,"pct":69.23},"branches":{"total":13,"covered":11,"skipped":0,"pct":84.61}}
,"C:/Users/mafer/Documents/GitHub/UInnovate/UInnovateApp/src/components/ScriptLoadPopup.tsx": {"lines":{"total":5,"covered":1,"skipped":0,"pct":20},"functions":{"total":2,"covered":0,"skipped":0,"pct":0},"statements":{"total":5,"covered":1,"skipped":0,"pct":20},"branches":{"total":0,"covered":0,"skipped":0,"pct":100}}
,"C:/Users/mafer/Documents/GitHub/UInnovate/UInnovateApp/src/components/TableEnumView.tsx": {"lines":{"total":41,"covered":9,"skipped":0,"pct":21.95},"functions":{"total":9,"covered":1,"skipped":0,"pct":11.11},"statements":{"total":41,"covered":9,"skipped":0,"pct":21.95},"branches":{"total":12,"covered":1,"skipped":0,"pct":8.33}}
,"C:/Users/mafer/Documents/GitHub/UInnovate/UInnovateApp/src/components/TableListView.tsx": {"lines":{"total":205,"covered":91,"skipped":0,"pct":44.39},"functions":{"total":53,"covered":16,"skipped":0,"pct":30.18},"statements":{"total":208,"covered":92,"skipped":0,"pct":44.23},"branches":{"total":123,"covered":28,"skipped":0,"pct":22.76}}
,"C:/Users/mafer/Documents/GitHub/UInnovate/UInnovateApp/src/components/UnauthorizedScreen.tsx": {"lines":{"total":5,"covered":1,"skipped":0,"pct":20},"functions":{"total":2,"covered":0,"skipped":0,"pct":0},"statements":{"total":5,"covered":1,"skipped":0,"pct":20},"branches":{"total":0,"covered":0,"skipped":0,"pct":100}}
,"C:/Users/mafer/Documents/GitHub/UInnovate/UInnovateApp/src/components/Schema/DisplayType.tsx": {"lines":{"total":4,"covered":4,"skipped":0,"pct":100},"functions":{"total":1,"covered":1,"skipped":0,"pct":100},"statements":{"total":5,"covered":5,"skipped":0,"pct":100},"branches":{"total":2,"covered":2,"skipped":0,"pct":100}}
,"C:/Users/mafer/Documents/GitHub/UInnovate/UInnovateApp/src/components/Schema/SchemaSelector.tsx": {"lines":{"total":20,"covered":12,"skipped":0,"pct":60},"functions":{"total":8,"covered":4,"skipped":0,"pct":50},"statements":{"total":20,"covered":12,"skipped":0,"pct":60},"branches":{"total":9,"covered":3,"skipped":0,"pct":33.33}}
,"C:/Users/mafer/Documents/GitHub/UInnovate/UInnovateApp/src/components/SlidingComponents/LookUpTableDetails.tsx": {"lines":{"total":50,"covered":1,"skipped":0,"pct":2},"functions":{"total":13,"covered":0,"skipped":0,"pct":0},"statements":{"total":52,"covered":1,"skipped":0,"pct":1.92},"branches":{"total":22,"covered":0,"skipped":0,"pct":0}}
,"C:/Users/mafer/Documents/GitHub/UInnovate/UInnovateApp/src/components/settingsPage/AddUserModal.tsx": {"lines":{"total":24,"covered":17,"skipped":0,"pct":70.83},"functions":{"total":10,"covered":6,"skipped":0,"pct":60},"statements":{"total":25,"covered":18,"skipped":0,"pct":72},"branches":{"total":0,"covered":0,"skipped":0,"pct":100}}
,"C:/Users/mafer/Documents/GitHub/UInnovate/UInnovateApp/src/components/settingsPage/ButtonConfigurationSaver.tsx": {"lines":{"total":10,"covered":8,"skipped":0,"pct":80},"functions":{"total":3,"covered":2,"skipped":0,"pct":66.66},"statements":{"total":10,"covered":8,"skipped":0,"pct":80},"branches":{"total":0,"covered":0,"skipped":0,"pct":100}}
,"C:/Users/mafer/Documents/GitHub/UInnovate/UInnovateApp/src/components/settingsPage/ColumnConfig.tsx": {"lines":{"total":14,"covered":10,"skipped":0,"pct":71.42},"functions":{"total":7,"covered":5,"skipped":0,"pct":71.42},"statements":{"total":14,"covered":10,"skipped":0,"pct":71.42},"branches":{"total":2,"covered":2,"skipped":0,"pct":100}}
,"C:/Users/mafer/Documents/GitHub/UInnovate/UInnovateApp/src/components/settingsPage/ConfigurationSaver.tsx": {"lines":{"total":27,"covered":18,"skipped":0,"pct":66.66},"functions":{"total":6,"covered":4,"skipped":0,"pct":66.66},"statements":{"total":27,"covered":18,"skipped":0,"pct":66.66},"branches":{"total":2,"covered":0,"skipped":0,"pct":0}}
,"C:/Users/mafer/Documents/GitHub/UInnovate/UInnovateApp/src/components/settingsPage/CronJobsTab.tsx": {"lines":{"total":73,"covered":35,"skipped":0,"pct":47.94},"functions":{"total":29,"covered":5,"skipped":0,"pct":17.24},"statements":{"total":78,"covered":35,"skipped":0,"pct":44.87},"branches":{"total":26,"covered":10,"skipped":0,"pct":38.46}}
,"C:/Users/mafer/Documents/GitHub/UInnovate/UInnovateApp/src/components/settingsPage/DisplayTab.tsx": {"lines":{"total":8,"covered":8,"skipped":0,"pct":100},"functions":{"total":4,"covered":4,"skipped":0,"pct":100},"statements":{"total":8,"covered":8,"skipped":0,"pct":100},"branches":{"total":0,"covered":0,"skipped":0,"pct":100}}
,"C:/Users/mafer/Documents/GitHub/UInnovate/UInnovateApp/src/components/settingsPage/EnvVarCreator.tsx": {"lines":{"total":39,"covered":21,"skipped":0,"pct":53.84},"functions":{"total":13,"covered":3,"skipped":0,"pct":23.07},"statements":{"total":39,"covered":21,"skipped":0,"pct":53.84},"branches":{"total":20,"covered":8,"skipped":0,"pct":40}}
,"C:/Users/mafer/Documents/GitHub/UInnovate/UInnovateApp/src/components/settingsPage/EnvVarValueEditor.tsx": {"lines":{"total":9,"covered":1,"skipped":0,"pct":11.11},"functions":{"total":3,"covered":0,"skipped":0,"pct":0},"statements":{"total":9,"covered":1,"skipped":0,"pct":11.11},"branches":{"total":0,"covered":0,"skipped":0,"pct":100}}
,"C:/Users/mafer/Documents/GitHub/UInnovate/UInnovateApp/src/components/settingsPage/GeneralTab.tsx": {"lines":{"total":2,"covered":2,"skipped":0,"pct":100},"functions":{"total":1,"covered":1,"skipped":0,"pct":100},"statements":{"total":2,"covered":2,"skipped":0,"pct":100},"branches":{"total":0,"covered":0,"skipped":0,"pct":100}}
,"C:/Users/mafer/Documents/GitHub/UInnovate/UInnovateApp/src/components/settingsPage/InternationalizationTab.tsx": {"lines":{"total":96,"covered":25,"skipped":0,"pct":26.04},"functions":{"total":24,"covered":3,"skipped":0,"pct":12.5},"statements":{"total":98,"covered":25,"skipped":0,"pct":25.51},"branches":{"total":42,"covered":3,"skipped":0,"pct":7.14}}
,"C:/Users/mafer/Documents/GitHub/UInnovate/UInnovateApp/src/components/settingsPage/LookupSetting.tsx": {"lines":{"total":55,"covered":9,"skipped":0,"pct":16.36},"functions":{"total":22,"covered":1,"skipped":0,"pct":4.54},"statements":{"total":61,"covered":9,"skipped":0,"pct":14.75},"branches":{"total":18,"covered":1,"skipped":0,"pct":5.55}}
,"C:/Users/mafer/Documents/GitHub/UInnovate/UInnovateApp/src/components/settingsPage/MultiSelect.tsx": {"lines":{"total":9,"covered":3,"skipped":0,"pct":33.33},"functions":{"total":9,"covered":2,"skipped":0,"pct":22.22},"statements":{"total":10,"covered":3,"skipped":0,"pct":30},"branches":{"total":2,"covered":1,"skipped":0,"pct":50}}
,"C:/Users/mafer/Documents/GitHub/UInnovate/UInnovateApp/src/components/settingsPage/ScriptEditor.tsx": {"lines":{"total":31,"covered":2,"skipped":0,"pct":6.45},"functions":{"total":9,"covered":0,"skipped":0,"pct":0},"statements":{"total":31,"covered":2,"skipped":0,"pct":6.45},"branches":{"total":8,"covered":0,"skipped":0,"pct":0}}
,"C:/Users/mafer/Documents/GitHub/UInnovate/UInnovateApp/src/components/settingsPage/ScriptingTab.tsx": {"lines":{"total":34,"covered":19,"skipped":0,"pct":55.88},"functions":{"total":10,"covered":3,"skipped":0,"pct":30},"statements":{"total":34,"covered":19,"skipped":0,"pct":55.88},"branches":{"total":12,"covered":3,"skipped":0,"pct":25}}
,"C:/Users/mafer/Documents/GitHub/UInnovate/UInnovateApp/src/components/settingsPage/SignupModal.tsx": {"lines":{"total":138,"covered":41,"skipped":0,"pct":29.71},"functions":{"total":24,"covered":3,"skipped":0,"pct":12.5},"statements":{"total":145,"covered":46,"skipped":0,"pct":31.72},"branches":{"total":121,"covered":21,"skipped":0,"pct":17.35}}
,"C:/Users/mafer/Documents/GitHub/UInnovate/UInnovateApp/src/components/settingsPage/TableConfigTab.tsx": {"lines":{"total":26,"covered":16,"skipped":0,"pct":61.53},"functions":{"total":6,"covered":3,"skipped":0,"pct":50},"statements":{"total":26,"covered":16,"skipped":0,"pct":61.53},"branches":{"total":2,"covered":1,"skipped":0,"pct":50}}
,"C:/Users/mafer/Documents/GitHub/UInnovate/UInnovateApp/src/components/settingsPage/UserMangementTab.tsx": {"lines":{"total":22,"covered":15,"skipped":0,"pct":68.18},"functions":{"total":9,"covered":5,"skipped":0,"pct":55.55},"statements":{"total":24,"covered":16,"skipped":0,"pct":66.66},"branches":{"total":14,"covered":5,"skipped":0,"pct":35.71}}
,"C:/Users/mafer/Documents/GitHub/UInnovate/UInnovateApp/src/contexts/ConfigContext.tsx": {"lines":{"total":22,"covered":22,"skipped":0,"pct":100},"functions":{"total":5,"covered":5,"skipped":0,"pct":100},"statements":{"total":22,"covered":22,"skipped":0,"pct":100},"branches":{"total":9,"covered":9,"skipped":0,"pct":100}}
,"C:/Users/mafer/Documents/GitHub/UInnovate/UInnovateApp/src/pages/Settings.tsx": {"lines":{"total":2,"covered":2,"skipped":0,"pct":100},"functions":{"total":2,"covered":2,"skipped":0,"pct":100},"statements":{"total":3,"covered":3,"skipped":0,"pct":100},"branches":{"total":11,"covered":7,"skipped":0,"pct":63.63}}
,"C:/Users/mafer/Documents/GitHub/UInnovate/UInnovateApp/src/redux/AuthSlice.tsx": {"lines":{"total":19,"covered":7,"skipped":0,"pct":36.84},"functions":{"total":3,"covered":1,"skipped":0,"pct":33.33},"statements":{"total":20,"covered":8,"skipped":0,"pct":40},"branches":{"total":2,"covered":2,"skipped":0,"pct":100}}
,"C:/Users/mafer/Documents/GitHub/UInnovate/UInnovateApp/src/redux/SchemaSlice.tsx": {"lines":{"total":7,"covered":7,"skipped":0,"pct":100},"functions":{"total":1,"covered":1,"skipped":0,"pct":100},"statements":{"total":7,"covered":7,"skipped":0,"pct":100},"branches":{"total":2,"covered":2,"skipped":0,"pct":100}}
,"C:/Users/mafer/Documents/GitHub/UInnovate/UInnovateApp/src/virtualmodel/Config.ts": {"lines":{"total":30,"covered":28,"skipped":0,"pct":93.33},"functions":{"total":7,"covered":6,"skipped":0,"pct":85.71},"statements":{"total":32,"covered":30,"skipped":0,"pct":93.75},"branches":{"total":4,"covered":4,"skipped":0,"pct":100}}
,"C:/Users/mafer/Documents/GitHub/UInnovate/UInnovateApp/src/virtualmodel/ConfigProperties.ts": {"lines":{"total":11,"covered":11,"skipped":0,"pct":100},"functions":{"total":1,"covered":1,"skipped":0,"pct":100},"statements":{"total":12,"covered":12,"skipped":0,"pct":100},"branches":{"total":2,"covered":2,"skipped":0,"pct":100}}
,"C:/Users/mafer/Documents/GitHub/UInnovate/UInnovateApp/src/virtualmodel/DataAccessor.tsx": {"lines":{"total":25,"covered":1,"skipped":0,"pct":4},"functions":{"total":8,"covered":1,"skipped":0,"pct":12.5},"statements":{"total":25,"covered":1,"skipped":0,"pct":4},"branches":{"total":0,"covered":0,"skipped":0,"pct":100}}
,"C:/Users/mafer/Documents/GitHub/UInnovate/UInnovateApp/src/virtualmodel/EnvVarAccessor.ts": {"lines":{"total":14,"covered":2,"skipped":0,"pct":14.28},"functions":{"total":2,"covered":0,"skipped":0,"pct":0},"statements":{"total":14,"covered":2,"skipped":0,"pct":14.28},"branches":{"total":0,"covered":0,"skipped":0,"pct":100}}
,"C:/Users/mafer/Documents/GitHub/UInnovate/UInnovateApp/src/virtualmodel/FunctionAccessor.tsx": {"lines":{"total":9,"covered":5,"skipped":0,"pct":55.55},"functions":{"total":3,"covered":2,"skipped":0,"pct":66.66},"statements":{"total":9,"covered":5,"skipped":0,"pct":55.55},"branches":{"total":0,"covered":0,"skipped":0,"pct":100}}
,"C:/Users/mafer/Documents/GitHub/UInnovate/UInnovateApp/src/virtualmodel/PlatformFunctions.ts": {"lines":{"total":13,"covered":0,"skipped":0,"pct":0},"functions":{"total":2,"covered":0,"skipped":0,"pct":0},"statements":{"total":13,"covered":0,"skipped":0,"pct":0},"branches":{"total":4,"covered":0,"skipped":0,"pct":0}}
,"C:/Users/mafer/Documents/GitHub/UInnovate/UInnovateApp/src/virtualmodel/VMD.tsx": {"lines":{"total":212,"covered":54,"skipped":0,"pct":25.47},"functions":{"total":85,"covered":19,"skipped":0,"pct":22.35},"statements":{"total":220,"covered":56,"skipped":0,"pct":25.45},"branches":{"total":71,"covered":4,"skipped":0,"pct":5.63}}
,"C:/Users/mafer/Documents/GitHub/UInnovate/UInnovateApp/src/virtualmodel/__mocks__/DataAccessor.tsx": {"lines":{"total":12,"covered":12,"skipped":0,"pct":100},"functions":{"total":3,"covered":3,"skipped":0,"pct":100},"statements":{"total":12,"covered":12,"skipped":0,"pct":100},"branches":{"total":4,"covered":4,"skipped":0,"pct":100}}
,"C:/Users/mafer/Documents/GitHub/UInnovate/UInnovateApp/src/virtualmodel/__mocks__/FunctionAccessor.tsx": {"lines":{"total":5,"covered":5,"skipped":0,"pct":100},"functions":{"total":3,"covered":3,"skipped":0,"pct":100},"statements":{"total":5,"covered":5,"skipped":0,"pct":100},"branches":{"total":0,"covered":0,"skipped":0,"pct":100}}
,"C:/Users/mafer/Documents/GitHub/UInnovate/UInnovateApp/src/virtualmodel/__mocks__/VMD.tsx": {"lines":{"total":19,"covered":19,"skipped":0,"pct":100},"functions":{"total":10,"covered":10,"skipped":0,"pct":100},"statements":{"total":19,"covered":19,"skipped":0,"pct":100},"branches":{"total":0,"covered":0,"skipped":0,"pct":100}}
}
