{"C:/Users/mafer/Documents/GitHub/UInnovate/UInnovateApp/src/components/AddRowPopup.tsx": {"path":"C:/Users/mafer/Documents/GitHub/UInnovate/UInnovateApp/src/components/AddRowPopup.tsx","statementMap":{"0":{"start":{"line":7,"column":20},"end":{"line":120,"column":null}},"1":{"start":{"line":16,"column":40},"end":{"line":16,"column":null}},"2":{"start":{"line":18,"column":28},"end":{"line":23,"column":null}},"3":{"start":{"line":19,"column":4},"end":{"line":22,"column":null}},"4":{"start":{"line":25,"column":27},"end":{"line":40,"column":null}},"5":{"start":{"line":26,"column":19},"end":{"line":26,"column":null}},"6":{"start":{"line":27,"column":4},"end":{"line":30,"column":null}},"7":{"start":{"line":28,"column":6},"end":{"line":28,"column":null}},"8":{"start":{"line":29,"column":6},"end":{"line":29,"column":null}},"9":{"start":{"line":32,"column":40},"end":{"line":36,"column":null}},"10":{"start":{"line":38,"column":4},"end":{"line":38,"column":null}},"11":{"start":{"line":39,"column":4},"end":{"line":39,"column":null}},"12":{"start":{"line":42,"column":16},"end":{"line":55,"column":null}},"13":{"start":{"line":57,"column":21},"end":{"line":61,"column":null}},"14":{"start":{"line":63,"column":21},"end":{"line":67,"column":null}},"15":{"start":{"line":69,"column":22},"end":{"line":72,"column":null}},"16":{"start":{"line":74,"column":2},"end":{"line":118,"column":null}},"17":{"start":{"line":90,"column":12},"end":{"line":101,"column":null}}},"fnMap":{"0":{"name":"(anonymous_0)","decl":{"start":{"line":7,"column":20},"end":{"line":7,"column":21}},"loc":{"start":{"line":15,"column":6},"end":{"line":120,"column":null}}},"1":{"name":"(anonymous_1)","decl":{"start":{"line":18,"column":28},"end":{"line":18,"column":29}},"loc":{"start":{"line":18,"column":72},"end":{"line":23,"column":null}}},"2":{"name":"(anonymous_2)","decl":{"start":{"line":25,"column":27},"end":{"line":25,"column":33}},"loc":{"start":{"line":25,"column":33},"end":{"line":40,"column":null}}},"3":{"name":"(anonymous_3)","decl":{"start":{"line":89,"column":23},"end":{"line":89,"column":24}},"loc":{"start":{"line":89,"column":48},"end":{"line":103,"column":11}}}},"branchMap":{"0":{"loc":{"start":{"line":27,"column":4},"end":{"line":30,"column":null}},"type":"if","locations":[{"start":{"line":27,"column":4},"end":{"line":30,"column":null}},{"start":{"line":27,"column":4},"end":{"line":30,"column":null}}]},"1":{"loc":{"start":{"line":83,"column":9},"end":{"line":86,"column":null}},"type":"cond-expr","locations":[{"start":{"line":84,"column":10},"end":{"line":84,"column":null}},{"start":{"line":86,"column":10},"end":{"line":86,"column":null}}]}},"s":{"0":1,"1":0,"2":0,"3":0,"4":0,"5":0,"6":0,"7":0,"8":0,"9":0,"10":0,"11":0,"12":0,"13":0,"14":0,"15":0,"16":0,"17":0},"f":{"0":0,"1":0,"2":0,"3":0},"b":{"0":[0,0],"1":[0,0]}}
,"C:/Users/mafer/Documents/GitHub/UInnovate/UInnovateApp/src/components/NavBar.tsx": {"path":"C:/Users/mafer/Documents/GitHub/UInnovate/UInnovateApp/src/components/NavBar.tsx","statementMap":{"0":{"start":{"line":13,"column":2},"end":{"line":50,"column":null}}},"fnMap":{"0":{"name":"NavBar","decl":{"start":{"line":12,"column":16},"end":{"line":12,"column":23}},"loc":{"start":{"line":12,"column":65},"end":{"line":52,"column":null}}}},"branchMap":{"0":{"loc":{"start":{"line":12,"column":25},"end":{"line":12,"column":49}},"type":"default-arg","locations":[{"start":{"line":12,"column":44},"end":{"line":12,"column":49}}]},"1":{"loc":{"start":{"line":31,"column":14},"end":{"line":33,"column":null}},"type":"cond-expr","locations":[{"start":{"line":32,"column":18},"end":{"line":32,"column":null}},{"start":{"line":33,"column":18},"end":{"line":33,"column":null}}]}},"s":{"0":2},"f":{"0":2},"b":{"0":[2],"1":[2,0]}}
,"C:/Users/mafer/Documents/GitHub/UInnovate/UInnovateApp/src/components/TableListView.tsx": {"path":"C:/Users/mafer/Documents/GitHub/UInnovate/UInnovateApp/src/components/TableListView.tsx","statementMap":{"0":{"start":{"line":29,"column":20},"end":{"line":33,"column":null}},"1":{"start":{"line":35,"column":19},"end":{"line":41,"column":null}},"2":{"start":{"line":43,"column":52},"end":{"line":497,"column":null}},"3":{"start":{"line":48,"column":32},"end":{"line":48,"column":null}},"4":{"start":{"line":49,"column":26},"end":{"line":49,"column":null}},"5":{"start":{"line":50,"column":21},"end":{"line":50,"column":null}},"6":{"start":{"line":51,"column":46},"end":{"line":51,"column":null}},"7":{"start":{"line":52,"column":40},"end":{"line":52,"column":null}},"8":{"start":{"line":53,"column":52},"end":{"line":53,"column":null}},"9":{"start":{"line":54,"column":28},"end":{"line":54,"column":null}},"10":{"start":{"line":54,"column":57},"end":{"line":54,"column":85}},"11":{"start":{"line":55,"column":38},"end":{"line":55,"column":null}},"12":{"start":{"line":56,"column":48},"end":{"line":56,"column":null}},"13":{"start":{"line":57,"column":38},"end":{"line":57,"column":null}},"14":{"start":{"line":58,"column":31},"end":{"line":58,"column":null}},"15":{"start":{"line":59,"column":36},"end":{"line":59,"column":null}},"16":{"start":{"line":60,"column":15},"end":{"line":60,"column":null}},"17":{"start":{"line":61,"column":16},"end":{"line":61,"column":null}},"18":{"start":{"line":62,"column":2},"end":{"line":64,"column":null}},"19":{"start":{"line":63,"column":18},"end":{"line":63,"column":null}},"20":{"start":{"line":65,"column":19},"end":{"line":65,"column":null}},"21":{"start":{"line":68,"column":18},"end":{"line":103,"column":null}},"22":{"start":{"line":69,"column":23},"end":{"line":69,"column":null}},"23":{"start":{"line":70,"column":19},"end":{"line":70,"column":null}},"24":{"start":{"line":72,"column":4},"end":{"line":74,"column":null}},"25":{"start":{"line":73,"column":6},"end":{"line":73,"column":null}},"26":{"start":{"line":76,"column":40},"end":{"line":82,"column":null}},"27":{"start":{"line":84,"column":40},"end":{"line":87,"column":null}},"28":{"start":{"line":88,"column":18},"end":{"line":88,"column":null}},"29":{"start":{"line":89,"column":18},"end":{"line":89,"column":null}},"30":{"start":{"line":92,"column":25},"end":{"line":99,"column":null}},"31":{"start":{"line":94,"column":8},"end":{"line":94,"column":null}},"32":{"start":{"line":95,"column":6},"end":{"line":97,"column":null}},"33":{"start":{"line":96,"column":8},"end":{"line":96,"column":null}},"34":{"start":{"line":98,"column":6},"end":{"line":98,"column":null}},"35":{"start":{"line":100,"column":4},"end":{"line":100,"column":null}},"36":{"start":{"line":101,"column":4},"end":{"line":101,"column":null}},"37":{"start":{"line":102,"column":4},"end":{"line":102,"column":null}},"38":{"start":{"line":105,"column":2},"end":{"line":108,"column":null}},"39":{"start":{"line":107,"column":4},"end":{"line":107,"column":null}},"40":{"start":{"line":110,"column":36},"end":{"line":110,"column":null}},"41":{"start":{"line":111,"column":38},"end":{"line":111,"column":null}},"42":{"start":{"line":112,"column":38},"end":{"line":114,"column":null}},"43":{"start":{"line":113,"column":10},"end":{"line":113,"column":null}},"44":{"start":{"line":116,"column":17},"end":{"line":116,"column":null}},"45":{"start":{"line":117,"column":23},"end":{"line":117,"column":null}},"46":{"start":{"line":118,"column":32},"end":{"line":118,"column":null}},"47":{"start":{"line":120,"column":21},"end":{"line":135,"column":null}},"48":{"start":{"line":121,"column":4},"end":{"line":123,"column":null}},"49":{"start":{"line":122,"column":6},"end":{"line":122,"column":null}},"50":{"start":{"line":125,"column":40},"end":{"line":128,"column":null}},"51":{"start":{"line":130,"column":25},"end":{"line":130,"column":null}},"52":{"start":{"line":131,"column":28},"end":{"line":133,"column":null}},"53":{"start":{"line":132,"column":18},"end":{"line":132,"column":null}},"54":{"start":{"line":134,"column":4},"end":{"line":134,"column":null}},"55":{"start":{"line":137,"column":2},"end":{"line":139,"column":null}},"56":{"start":{"line":138,"column":4},"end":{"line":138,"column":null}},"57":{"start":{"line":142,"column":28},"end":{"line":145,"column":null}},"58":{"start":{"line":143,"column":4},"end":{"line":143,"column":null}},"59":{"start":{"line":148,"column":33},"end":{"line":153,"column":null}},"60":{"start":{"line":149,"column":4},"end":{"line":149,"column":null}},"61":{"start":{"line":150,"column":4},"end":{"line":150,"column":null}},"62":{"start":{"line":156,"column":27},"end":{"line":158,"column":null}},"63":{"start":{"line":157,"column":4},"end":{"line":157,"column":null}},"64":{"start":{"line":160,"column":28},"end":{"line":171,"column":null}},"65":{"start":{"line":161,"column":30},"end":{"line":161,"column":null}},"66":{"start":{"line":161,"column":59},"end":{"line":161,"column":87}},"67":{"start":{"line":162,"column":4},"end":{"line":164,"column":null}},"68":{"start":{"line":163,"column":6},"end":{"line":163,"column":null}},"69":{"start":{"line":166,"column":4},"end":{"line":169,"column":null}},"70":{"start":{"line":166,"column":41},"end":{"line":169,"column":6}},"71":{"start":{"line":173,"column":27},"end":{"line":197,"column":null}},"72":{"start":{"line":175,"column":4},"end":{"line":175,"column":null}},"73":{"start":{"line":177,"column":19},"end":{"line":177,"column":null}},"74":{"start":{"line":178,"column":4},"end":{"line":181,"column":null}},"75":{"start":{"line":179,"column":6},"end":{"line":179,"column":null}},"76":{"start":{"line":180,"column":6},"end":{"line":180,"column":null}},"77":{"start":{"line":183,"column":34},"end":{"line":183,"column":null}},"78":{"start":{"line":186,"column":40},"end":{"line":192,"column":null}},"79":{"start":{"line":193,"column":4},"end":{"line":193,"column":null}},"80":{"start":{"line":193,"column":41},"end":{"line":193,"column":50}},"81":{"start":{"line":194,"column":4},"end":{"line":194,"column":null}},"82":{"start":{"line":195,"column":4},"end":{"line":195,"column":null}},"83":{"start":{"line":205,"column":2},"end":{"line":290,"column":null}},"84":{"start":{"line":206,"column":26},"end":{"line":288,"column":null}},"85":{"start":{"line":207,"column":6},"end":{"line":209,"column":null}},"86":{"start":{"line":208,"column":8},"end":{"line":208,"column":null}},"87":{"start":{"line":213,"column":32},"end":{"line":218,"column":null}},"88":{"start":{"line":215,"column":10},"end":{"line":217,"column":null}},"89":{"start":{"line":224,"column":6},"end":{"line":229,"column":null}},"90":{"start":{"line":227,"column":8},"end":{"line":227,"column":null}},"91":{"start":{"line":230,"column":6},"end":{"line":233,"column":null}},"92":{"start":{"line":231,"column":23},"end":{"line":231,"column":null}},"93":{"start":{"line":232,"column":8},"end":{"line":232,"column":null}},"94":{"start":{"line":234,"column":6},"end":{"line":287,"column":null}},"95":{"start":{"line":235,"column":8},"end":{"line":243,"column":null}},"96":{"start":{"line":245,"column":6},"end":{"line":287,"column":null}},"97":{"start":{"line":246,"column":8},"end":{"line":254,"column":null}},"98":{"start":{"line":256,"column":6},"end":{"line":287,"column":null}},"99":{"start":{"line":257,"column":8},"end":{"line":265,"column":null}},"100":{"start":{"line":267,"column":6},"end":{"line":287,"column":null}},"101":{"start":{"line":268,"column":8},"end":{"line":274,"column":null}},"102":{"start":{"line":276,"column":6},"end":{"line":287,"column":null}},"103":{"start":{"line":277,"column":8},"end":{"line":285,"column":null}},"104":{"start":{"line":289,"column":4},"end":{"line":289,"column":null}},"105":{"start":{"line":289,"column":24},"end":{"line":289,"column":72}},"106":{"start":{"line":293,"column":26},"end":{"line":299,"column":null}},"107":{"start":{"line":294,"column":4},"end":{"line":294,"column":null}},"108":{"start":{"line":295,"column":4},"end":{"line":297,"column":null}},"109":{"start":{"line":296,"column":6},"end":{"line":296,"column":null}},"110":{"start":{"line":298,"column":4},"end":{"line":298,"column":null}},"111":{"start":{"line":302,"column":28},"end":{"line":304,"column":null}},"112":{"start":{"line":303,"column":4},"end":{"line":303,"column":null}},"113":{"start":{"line":306,"column":2},"end":{"line":312,"column":null}},"114":{"start":{"line":307,"column":4},"end":{"line":311,"column":null}},"115":{"start":{"line":308,"column":6},"end":{"line":310,"column":null}},"116":{"start":{"line":309,"column":8},"end":{"line":309,"column":null}},"117":{"start":{"line":314,"column":2},"end":{"line":495,"column":null}},"118":{"start":{"line":327,"column":27},"end":{"line":327,"column":null}},"119":{"start":{"line":333,"column":29},"end":{"line":333,"column":null}},"120":{"start":{"line":341,"column":12},"end":{"line":348,"column":null}},"121":{"start":{"line":363,"column":16},"end":{"line":365,"column":null}},"122":{"start":{"line":377,"column":14},"end":{"line":377,"column":null}},"123":{"start":{"line":383,"column":12},"end":{"line":392,"column":null}},"124":{"start":{"line":384,"column":46},"end":{"line":384,"column":null}},"125":{"start":{"line":386,"column":18},"end":{"line":389,"column":null}},"126":{"start":{"line":436,"column":31},"end":{"line":436,"column":null}},"127":{"start":{"line":444,"column":18},"end":{"line":450,"column":null}},"128":{"start":{"line":460,"column":29},"end":{"line":460,"column":null}},"129":{"start":{"line":486,"column":27},"end":{"line":486,"column":null}}},"fnMap":{"0":{"name":"(anonymous_0)","decl":{"start":{"line":43,"column":52},"end":{"line":43,"column":53}},"loc":{"start":{"line":47,"column":6},"end":{"line":497,"column":null}}},"1":{"name":"(anonymous_1)","decl":{"start":{"line":54,"column":47},"end":{"line":54,"column":57}},"loc":{"start":{"line":54,"column":57},"end":{"line":54,"column":85}}},"2":{"name":"(anonymous_2)","decl":{"start":{"line":68,"column":18},"end":{"line":68,"column":30}},"loc":{"start":{"line":68,"column":30},"end":{"line":103,"column":null}}},"3":{"name":"(anonymous_3)","decl":{"start":{"line":92,"column":36},"end":{"line":92,"column":37}},"loc":{"start":{"line":92,"column":45},"end":{"line":99,"column":5}}},"4":{"name":"(anonymous_4)","decl":{"start":{"line":95,"column":25},"end":{"line":95,"column":26}},"loc":{"start":{"line":95,"column":37},"end":{"line":97,"column":7}}},"5":{"name":"(anonymous_5)","decl":{"start":{"line":105,"column":12},"end":{"line":105,"column":18}},"loc":{"start":{"line":105,"column":18},"end":{"line":108,"column":5}}},"6":{"name":"(anonymous_6)","decl":{"start":{"line":113,"column":4},"end":{"line":113,"column":10}},"loc":{"start":{"line":113,"column":10},"end":{"line":113,"column":null}}},"7":{"name":"(anonymous_7)","decl":{"start":{"line":120,"column":21},"end":{"line":120,"column":33}},"loc":{"start":{"line":120,"column":33},"end":{"line":135,"column":null}}},"8":{"name":"(anonymous_8)","decl":{"start":{"line":132,"column":6},"end":{"line":132,"column":7}},"loc":{"start":{"line":132,"column":18},"end":{"line":132,"column":null}}},"9":{"name":"(anonymous_9)","decl":{"start":{"line":137,"column":12},"end":{"line":137,"column":18}},"loc":{"start":{"line":137,"column":18},"end":{"line":139,"column":5}}},"10":{"name":"(anonymous_10)","decl":{"start":{"line":142,"column":28},"end":{"line":142,"column":29}},"loc":{"start":{"line":142,"column":58},"end":{"line":145,"column":null}}},"11":{"name":"(anonymous_11)","decl":{"start":{"line":148,"column":33},"end":{"line":148,"column":34}},"loc":{"start":{"line":148,"column":63},"end":{"line":153,"column":null}}},"12":{"name":"(anonymous_12)","decl":{"start":{"line":156,"column":27},"end":{"line":156,"column":28}},"loc":{"start":{"line":156,"column":45},"end":{"line":158,"column":null}}},"13":{"name":"(anonymous_13)","decl":{"start":{"line":160,"column":28},"end":{"line":160,"column":29}},"loc":{"start":{"line":160,"column":76},"end":{"line":171,"column":null}}},"14":{"name":"(anonymous_14)","decl":{"start":{"line":161,"column":49},"end":{"line":161,"column":59}},"loc":{"start":{"line":161,"column":59},"end":{"line":161,"column":87}}},"15":{"name":"(anonymous_15)","decl":{"start":{"line":166,"column":19},"end":{"line":166,"column":20}},"loc":{"start":{"line":166,"column":41},"end":{"line":169,"column":6}}},"16":{"name":"(anonymous_16)","decl":{"start":{"line":173,"column":27},"end":{"line":173,"column":28}},"loc":{"start":{"line":173,"column":72},"end":{"line":197,"column":null}}},"17":{"name":"(anonymous_17)","decl":{"start":{"line":193,"column":35},"end":{"line":193,"column":41}},"loc":{"start":{"line":193,"column":41},"end":{"line":193,"column":50}}},"18":{"name":"(anonymous_18)","decl":{"start":{"line":205,"column":12},"end":{"line":205,"column":18}},"loc":{"start":{"line":205,"column":18},"end":{"line":290,"column":5}}},"19":{"name":"(anonymous_19)","decl":{"start":{"line":206,"column":26},"end":{"line":206,"column":27}},"loc":{"start":{"line":206,"column":46},"end":{"line":288,"column":null}}},"20":{"name":"(anonymous_20)","decl":{"start":{"line":214,"column":8},"end":{"line":214,"column":9}},"loc":{"start":{"line":215,"column":10},"end":{"line":217,"column":null}}},"21":{"name":"(anonymous_21)","decl":{"start":{"line":289,"column":18},"end":{"line":289,"column":24}},"loc":{"start":{"line":289,"column":24},"end":{"line":289,"column":72}}},"22":{"name":"(anonymous_22)","decl":{"start":{"line":293,"column":26},"end":{"line":293,"column":27}},"loc":{"start":{"line":293,"column":40},"end":{"line":299,"column":null}}},"23":{"name":"(anonymous_23)","decl":{"start":{"line":302,"column":28},"end":{"line":302,"column":34}},"loc":{"start":{"line":302,"column":34},"end":{"line":304,"column":null}}},"24":{"name":"(anonymous_24)","decl":{"start":{"line":306,"column":12},"end":{"line":306,"column":18}},"loc":{"start":{"line":306,"column":18},"end":{"line":312,"column":5}}},"25":{"name":"(anonymous_25)","decl":{"start":{"line":308,"column":17},"end":{"line":308,"column":23}},"loc":{"start":{"line":308,"column":23},"end":{"line":310,"column":9}}},"26":{"name":"(anonymous_26)","decl":{"start":{"line":327,"column":21},"end":{"line":327,"column":27}},"loc":{"start":{"line":327,"column":27},"end":{"line":327,"column":null}}},"27":{"name":"(anonymous_27)","decl":{"start":{"line":333,"column":23},"end":{"line":333,"column":29}},"loc":{"start":{"line":333,"column":29},"end":{"line":333,"column":null}}},"28":{"name":"(anonymous_28)","decl":{"start":{"line":340,"column":24},"end":{"line":340,"column":25}},"loc":{"start":{"line":340,"column":36},"end":{"line":350,"column":11}}},"29":{"name":"(anonymous_29)","decl":{"start":{"line":362,"column":33},"end":{"line":362,"column":34}},"loc":{"start":{"line":363,"column":16},"end":{"line":365,"column":null}}},"30":{"name":"(anonymous_30)","decl":{"start":{"line":376,"column":25},"end":{"line":376,"column":26}},"loc":{"start":{"line":376,"column":37},"end":{"line":378,"column":13}}},"31":{"name":"(anonymous_31)","decl":{"start":{"line":382,"column":21},"end":{"line":382,"column":22}},"loc":{"start":{"line":382,"column":38},"end":{"line":394,"column":11}}},"32":{"name":"(anonymous_32)","decl":{"start":{"line":384,"column":40},"end":{"line":384,"column":46}},"loc":{"start":{"line":384,"column":46},"end":{"line":384,"column":null}}},"33":{"name":"(anonymous_33)","decl":{"start":{"line":385,"column":44},"end":{"line":385,"column":45}},"loc":{"start":{"line":385,"column":59},"end":{"line":391,"column":17}}},"34":{"name":"(anonymous_34)","decl":{"start":{"line":436,"column":25},"end":{"line":436,"column":31}},"loc":{"start":{"line":436,"column":31},"end":{"line":436,"column":null}}},"35":{"name":"(anonymous_35)","decl":{"start":{"line":443,"column":29},"end":{"line":443,"column":30}},"loc":{"start":{"line":443,"column":49},"end":{"line":452,"column":17}}},"36":{"name":"(anonymous_36)","decl":{"start":{"line":460,"column":23},"end":{"line":460,"column":29}},"loc":{"start":{"line":460,"column":29},"end":{"line":460,"column":null}}},"37":{"name":"(anonymous_37)","decl":{"start":{"line":486,"column":21},"end":{"line":486,"column":27}},"loc":{"start":{"line":486,"column":27},"end":{"line":486,"column":null}}}},"branchMap":{"0":{"loc":{"start":{"line":55,"column":47},"end":{"line":55,"column":70}},"type":"binary-expr","locations":[{"start":{"line":55,"column":47},"end":{"line":55,"column":68}},{"start":{"line":55,"column":68},"end":{"line":55,"column":70}}]},"1":{"loc":{"start":{"line":62,"column":2},"end":{"line":64,"column":null}},"type":"if","locations":[{"start":{"line":62,"column":2},"end":{"line":64,"column":null}},{"start":{"line":62,"column":2},"end":{"line":64,"column":null}}]},"2":{"loc":{"start":{"line":72,"column":4},"end":{"line":74,"column":null}},"type":"if","locations":[{"start":{"line":72,"column":4},"end":{"line":74,"column":null}},{"start":{"line":72,"column":4},"end":{"line":74,"column":null}}]},"3":{"loc":{"start":{"line":100,"column":14},"end":{"line":100,"column":32}},"type":"binary-expr","locations":[{"start":{"line":100,"column":14},"end":{"line":100,"column":31}},{"start":{"line":100,"column":31},"end":{"line":100,"column":32}}]},"4":{"loc":{"start":{"line":121,"column":4},"end":{"line":123,"column":null}},"type":"if","locations":[{"start":{"line":121,"column":4},"end":{"line":123,"column":null}},{"start":{"line":121,"column":4},"end":{"line":123,"column":null}}]},"5":{"loc":{"start":{"line":121,"column":8},"end":{"line":121,"column":34}},"type":"binary-expr","locations":[{"start":{"line":121,"column":8},"end":{"line":121,"column":19}},{"start":{"line":121,"column":19},"end":{"line":121,"column":34}}]},"6":{"loc":{"start":{"line":162,"column":4},"end":{"line":164,"column":null}},"type":"if","locations":[{"start":{"line":162,"column":4},"end":{"line":164,"column":null}},{"start":{"line":162,"column":4},"end":{"line":164,"column":null}}]},"7":{"loc":{"start":{"line":178,"column":4},"end":{"line":181,"column":null}},"type":"if","locations":[{"start":{"line":178,"column":4},"end":{"line":181,"column":null}},{"start":{"line":178,"column":4},"end":{"line":181,"column":null}}]},"8":{"loc":{"start":{"line":207,"column":6},"end":{"line":209,"column":null}},"type":"if","locations":[{"start":{"line":207,"column":6},"end":{"line":209,"column":null}},{"start":{"line":207,"column":6},"end":{"line":209,"column":null}}]},"9":{"loc":{"start":{"line":215,"column":10},"end":{"line":217,"column":null}},"type":"binary-expr","locations":[{"start":{"line":215,"column":10},"end":{"line":215,"column":null}},{"start":{"line":216,"column":10},"end":{"line":216,"column":null}},{"start":{"line":217,"column":10},"end":{"line":217,"column":null}}]},"10":{"loc":{"start":{"line":224,"column":6},"end":{"line":229,"column":null}},"type":"if","locations":[{"start":{"line":224,"column":6},"end":{"line":229,"column":null}},{"start":{"line":224,"column":6},"end":{"line":229,"column":null}}]},"11":{"loc":{"start":{"line":230,"column":6},"end":{"line":233,"column":null}},"type":"if","locations":[{"start":{"line":230,"column":6},"end":{"line":233,"column":null}},{"start":{"line":230,"column":6},"end":{"line":233,"column":null}}]},"12":{"loc":{"start":{"line":234,"column":6},"end":{"line":287,"column":null}},"type":"if","locations":[{"start":{"line":234,"column":6},"end":{"line":287,"column":null}},{"start":{"line":245,"column":6},"end":{"line":287,"column":null}}]},"13":{"loc":{"start":{"line":234,"column":10},"end":{"line":234,"column":67}},"type":"binary-expr","locations":[{"start":{"line":234,"column":10},"end":{"line":234,"column":32}},{"start":{"line":234,"column":32},"end":{"line":234,"column":67}}]},"14":{"loc":{"start":{"line":237,"column":22},"end":{"line":237,"column":null}},"type":"cond-expr","locations":[{"start":{"line":237,"column":53},"end":{"line":237,"column":60}},{"start":{"line":237,"column":60},"end":{"line":237,"column":null}}]},"15":{"loc":{"start":{"line":238,"column":25},"end":{"line":238,"column":null}},"type":"binary-expr","locations":[{"start":{"line":238,"column":25},"end":{"line":238,"column":71}},{"start":{"line":238,"column":71},"end":{"line":238,"column":null}}]},"16":{"loc":{"start":{"line":245,"column":6},"end":{"line":287,"column":null}},"type":"if","locations":[{"start":{"line":245,"column":6},"end":{"line":287,"column":null}},{"start":{"line":256,"column":6},"end":{"line":287,"column":null}}]},"17":{"loc":{"start":{"line":248,"column":22},"end":{"line":248,"column":null}},"type":"cond-expr","locations":[{"start":{"line":248,"column":53},"end":{"line":248,"column":60}},{"start":{"line":248,"column":60},"end":{"line":248,"column":null}}]},"18":{"loc":{"start":{"line":249,"column":25},"end":{"line":249,"column":null}},"type":"binary-expr","locations":[{"start":{"line":249,"column":25},"end":{"line":249,"column":71}},{"start":{"line":249,"column":71},"end":{"line":249,"column":null}}]},"19":{"loc":{"start":{"line":256,"column":6},"end":{"line":287,"column":null}},"type":"if","locations":[{"start":{"line":256,"column":6},"end":{"line":287,"column":null}},{"start":{"line":267,"column":6},"end":{"line":287,"column":null}}]},"20":{"loc":{"start":{"line":259,"column":22},"end":{"line":259,"column":null}},"type":"cond-expr","locations":[{"start":{"line":259,"column":53},"end":{"line":259,"column":60}},{"start":{"line":259,"column":60},"end":{"line":259,"column":null}}]},"21":{"loc":{"start":{"line":260,"column":25},"end":{"line":260,"column":null}},"type":"binary-expr","locations":[{"start":{"line":260,"column":25},"end":{"line":260,"column":71}},{"start":{"line":260,"column":71},"end":{"line":260,"column":null}}]},"22":{"loc":{"start":{"line":267,"column":6},"end":{"line":287,"column":null}},"type":"if","locations":[{"start":{"line":267,"column":6},"end":{"line":287,"column":null}},{"start":{"line":276,"column":6},"end":{"line":287,"column":null}}]},"23":{"loc":{"start":{"line":271,"column":21},"end":{"line":271,"column":null}},"type":"binary-expr","locations":[{"start":{"line":271,"column":21},"end":{"line":271,"column":76}},{"start":{"line":271,"column":76},"end":{"line":271,"column":null}}]},"24":{"loc":{"start":{"line":276,"column":6},"end":{"line":287,"column":null}},"type":"if","locations":[{"start":{"line":276,"column":6},"end":{"line":287,"column":null}},{"start":{"line":276,"column":6},"end":{"line":287,"column":null}}]},"25":{"loc":{"start":{"line":280,"column":14},"end":{"line":282,"column":null}},"type":"cond-expr","locations":[{"start":{"line":281,"column":18},"end":{"line":281,"column":null}},{"start":{"line":282,"column":27},"end":{"line":282,"column":null}}]},"26":{"loc":{"start":{"line":295,"column":4},"end":{"line":297,"column":null}},"type":"if","locations":[{"start":{"line":295,"column":4},"end":{"line":297,"column":null}},{"start":{"line":295,"column":4},"end":{"line":297,"column":null}}]},"27":{"loc":{"start":{"line":307,"column":4},"end":{"line":311,"column":null}},"type":"if","locations":[{"start":{"line":307,"column":4},"end":{"line":311,"column":null}},{"start":{"line":307,"column":4},"end":{"line":311,"column":null}}]},"28":{"loc":{"start":{"line":331,"column":11},"end":{"line":336,"column":null}},"type":"binary-expr","locations":[{"start":{"line":331,"column":11},"end":{"line":331,"column":null}},{"start":{"line":332,"column":12},"end":{"line":336,"column":null}}]},"29":{"loc":{"start":{"line":388,"column":23},"end":{"line":388,"column":null}},"type":"cond-expr","locations":[{"start":{"line":388,"column":51},"end":{"line":388,"column":69}},{"start":{"line":388,"column":69},"end":{"line":388,"column":null}}]},"30":{"loc":{"start":{"line":475,"column":9},"end":{"line":489,"column":null}},"type":"cond-expr","locations":[{"start":{"line":476,"column":10},"end":{"line":476,"column":null}},{"start":{"line":477,"column":12},"end":{"line":489,"column":null}}]},"31":{"loc":{"start":{"line":475,"column":9},"end":{"line":475,"column":null}},"type":"binary-expr","locations":[{"start":{"line":475,"column":9},"end":{"line":475,"column":66}},{"start":{"line":475,"column":66},"end":{"line":475,"column":null}}]},"32":{"loc":{"start":{"line":477,"column":12},"end":{"line":489,"column":null}},"type":"cond-expr","locations":[{"start":{"line":478,"column":10},"end":{"line":480,"column":null}},{"start":{"line":482,"column":10},"end":{"line":489,"column":null}}]}},"s":{"0":1,"1":1,"2":1,"3":3,"4":3,"5":3,"6":3,"7":3,"8":3,"9":3,"10":9,"11":3,"12":3,"13":3,"14":3,"15":3,"16":3,"17":3,"18":3,"19":3,"20":3,"21":3,"22":1,"23":1,"24":1,"25":0,"26":1,"27":1,"28":1,"29":1,"30":1,"31":0,"32":0,"33":0,"34":0,"35":1,"36":1,"37":1,"38":3,"39":1,"40":3,"41":3,"42":3,"43":1,"44":3,"45":3,"46":3,"47":3,"48":1,"49":0,"50":1,"51":1,"52":1,"53":0,"54":1,"55":3,"56":1,"57":3,"58":0,"59":3,"60":0,"61":0,"62":3,"63":0,"64":3,"65":0,"66":0,"67":0,"68":0,"69":0,"70":0,"71":3,"72":0,"73":0,"74":0,"75":0,"76":0,"77":0,"78":0,"79":0,"80":0,"81":0,"82":0,"83":3,"84":2,"85":3,"86":0,"87":3,"88":0,"89":3,"90":0,"91":3,"92":0,"93":0,"94":3,"95":3,"96":0,"97":0,"98":0,"99":0,"100":0,"101":0,"102":0,"103":0,"104":2,"105":1,"106":3,"107":0,"108":0,"109":0,"110":0,"111":3,"112":0,"113":3,"114":1,"115":0,"116":0,"117":3,"118":0,"119":0,"120":0,"121":9,"122":3,"123":0,"124":0,"125":0,"126":0,"127":3,"128":0,"129":0},"f":{"0":3,"1":9,"2":1,"3":0,"4":0,"5":1,"6":1,"7":1,"8":0,"9":1,"10":0,"11":0,"12":0,"13":0,"14":0,"15":0,"16":0,"17":0,"18":2,"19":3,"20":0,"21":1,"22":0,"23":0,"24":1,"25":0,"26":0,"27":0,"28":0,"29":9,"30":3,"31":0,"32":0,"33":0,"34":0,"35":3,"36":0,"37":0},"b":{"0":[3,3],"1":[3,0],"2":[0,1],"3":[1,1],"4":[0,1],"5":[1,1],"6":[0,0],"7":[0,0],"8":[0,3],"9":[0,0,0],"10":[0,3],"11":[0,3],"12":[3,0],"13":[3,0],"14":[0,3],"15":[3,0],"16":[0,0],"17":[0,0],"18":[0,0],"19":[0,0],"20":[0,0],"21":[0,0],"22":[0,0],"23":[0,0],"24":[0,0],"25":[0,0],"26":[0,0],"27":[0,1],"28":[3,0],"29":[0,0],"30":[3,0],"31":[3,0],"32":[0,0]}}
,"C:/Users/mafer/Documents/GitHub/UInnovate/UInnovateApp/src/components/Schema/DisplayType.tsx": {"path":"C:/Users/mafer/Documents/GitHub/UInnovate/UInnovateApp/src/components/Schema/DisplayType.tsx","statementMap":{"0":{"start":{"line":1,"column":0},"end":{"line":1,"column":null}},"1":{"start":{"line":2,"column":2},"end":{"line":2,"column":16}},"2":{"start":{"line":3,"column":2},"end":{"line":3,"column":null}},"3":{"start":{"line":4,"column":2},"end":{"line":4,"column":null}},"4":{"start":{"line":1,"column":5},"end":{"line":1,"column":null}}},"fnMap":{"0":{"name":"(anonymous_0)","decl":{"start":{"line":1,"column":0},"end":{"line":1,"column":5}},"loc":{"start":{"line":1,"column":0},"end":{"line":1,"column":null}}}},"branchMap":{"0":{"loc":{"start":{"line":1,"column":5},"end":{"line":1,"column":null}},"type":"binary-expr","locations":[{"start":{"line":1,"column":5},"end":{"line":1,"column":null}},{"start":{"line":1,"column":5},"end":{"line":1,"column":null}}]}},"s":{"0":2,"1":2,"2":2,"3":2,"4":2},"f":{"0":2},"b":{"0":[2,2]}}
,"C:/Users/mafer/Documents/GitHub/UInnovate/UInnovateApp/src/components/Schema/SchemaSelector.tsx": {"path":"C:/Users/mafer/Documents/GitHub/UInnovate/UInnovateApp/src/components/Schema/SchemaSelector.tsx","statementMap":{"0":{"start":{"line":13,"column":23},"end":{"line":86,"column":null}},"1":{"start":{"line":16,"column":18},"end":{"line":18,"column":null}},"2":{"start":{"line":17,"column":48},"end":{"line":17,"column":66}},"3":{"start":{"line":20,"column":33},"end":{"line":22,"column":null}},"4":{"start":{"line":21,"column":26},"end":{"line":21,"column":null}},"5":{"start":{"line":23,"column":19},"end":{"line":23,"column":null}},"6":{"start":{"line":25,"column":23},"end":{"line":32,"column":null}},"7":{"start":{"line":29,"column":16},"end":{"line":29,"column":null}},"8":{"start":{"line":30,"column":4},"end":{"line":30,"column":null}},"9":{"start":{"line":31,"column":4},"end":{"line":31,"column":null}},"10":{"start":{"line":33,"column":2},"end":{"line":49,"column":null}},"11":{"start":{"line":34,"column":4},"end":{"line":49,"column":null}},"12":{"start":{"line":38,"column":12},"end":{"line":46,"column":null}},"13":{"start":{"line":42,"column":16},"end":{"line":42,"column":null}},"14":{"start":{"line":52,"column":2},"end":{"line":67,"column":null}},"15":{"start":{"line":53,"column":4},"end":{"line":67,"column":null}},"16":{"start":{"line":62,"column":12},"end":{"line":64,"column":null}},"17":{"start":{"line":70,"column":2},"end":{"line":84,"column":null}},"18":{"start":{"line":71,"column":4},"end":{"line":84,"column":null}},"19":{"start":{"line":79,"column":12},"end":{"line":81,"column":null}}},"fnMap":{"0":{"name":"(anonymous_0)","decl":{"start":{"line":13,"column":23},"end":{"line":13,"column":24}},"loc":{"start":{"line":15,"column":27},"end":{"line":86,"column":null}}},"1":{"name":"(anonymous_1)","decl":{"start":{"line":17,"column":36},"end":{"line":17,"column":37}},"loc":{"start":{"line":17,"column":48},"end":{"line":17,"column":66}}},"2":{"name":"(anonymous_2)","decl":{"start":{"line":21,"column":4},"end":{"line":21,"column":5}},"loc":{"start":{"line":21,"column":26},"end":{"line":21,"column":null}}},"3":{"name":"(anonymous_3)","decl":{"start":{"line":25,"column":23},"end":{"line":25,"column":null}},"loc":{"start":{"line":28,"column":7},"end":{"line":32,"column":null}}},"4":{"name":"(anonymous_4)","decl":{"start":{"line":37,"column":23},"end":{"line":37,"column":24}},"loc":{"start":{"line":38,"column":12},"end":{"line":46,"column":null}}},"5":{"name":"(anonymous_5)","decl":{"start":{"line":41,"column":23},"end":{"line":41,"column":29}},"loc":{"start":{"line":41,"column":29},"end":{"line":43,"column":null}}},"6":{"name":"(anonymous_6)","decl":{"start":{"line":61,"column":23},"end":{"line":61,"column":24}},"loc":{"start":{"line":62,"column":12},"end":{"line":64,"column":null}}},"7":{"name":"(anonymous_7)","decl":{"start":{"line":78,"column":23},"end":{"line":78,"column":24}},"loc":{"start":{"line":79,"column":12},"end":{"line":81,"column":null}}}},"branchMap":{"0":{"loc":{"start":{"line":14,"column":2},"end":{"line":14,"column":null}},"type":"default-arg","locations":[{"start":{"line":14,"column":16},"end":{"line":14,"column":null}}]},"1":{"loc":{"start":{"line":29,"column":16},"end":{"line":29,"column":null}},"type":"binary-expr","locations":[{"start":{"line":29,"column":16},"end":{"line":29,"column":28}},{"start":{"line":29,"column":28},"end":{"line":29,"column":null}}]},"2":{"loc":{"start":{"line":33,"column":2},"end":{"line":49,"column":null}},"type":"if","locations":[{"start":{"line":33,"column":2},"end":{"line":49,"column":null}},{"start":{"line":33,"column":2},"end":{"line":49,"column":null}}]},"3":{"loc":{"start":{"line":52,"column":2},"end":{"line":67,"column":null}},"type":"if","locations":[{"start":{"line":52,"column":2},"end":{"line":67,"column":null}},{"start":{"line":52,"column":2},"end":{"line":67,"column":null}}]},"4":{"loc":{"start":{"line":70,"column":2},"end":{"line":84,"column":null}},"type":"if","locations":[{"start":{"line":70,"column":2},"end":{"line":84,"column":null}},{"start":{"line":70,"column":2},"end":{"line":84,"column":null}}]}},"s":{"0":2,"1":2,"2":4,"3":2,"4":4,"5":2,"6":2,"7":0,"8":0,"9":0,"10":2,"11":0,"12":0,"13":0,"14":2,"15":0,"16":0,"17":2,"18":2,"19":4},"f":{"0":2,"1":4,"2":4,"3":0,"4":0,"5":0,"6":0,"7":4},"b":{"0":[0],"1":[0,0],"2":[0,2],"3":[0,2],"4":[2,0]}}
,"C:/Users/mafer/Documents/GitHub/UInnovate/UInnovateApp/src/components/SlidingComponents/LookUpTableDetails.tsx": {"path":"C:/Users/mafer/Documents/GitHub/UInnovate/UInnovateApp/src/components/SlidingComponents/LookUpTableDetails.tsx","statementMap":{"0":{"start":{"line":11,"column":57},"end":{"line":144,"column":null}},"1":{"start":{"line":12,"column":15},"end":{"line":12,"column":null}},"2":{"start":{"line":13,"column":16},"end":{"line":13,"column":null}},"3":{"start":{"line":14,"column":2},"end":{"line":143,"column":null}},"4":{"start":{"line":15,"column":4},"end":{"line":15,"column":null}},"5":{"start":{"line":18,"column":34},"end":{"line":18,"column":null}},"6":{"start":{"line":19,"column":28},"end":{"line":19,"column":null}},"7":{"start":{"line":20,"column":21},"end":{"line":20,"column":null}},"8":{"start":{"line":21,"column":16},"end":{"line":21,"column":null}},"9":{"start":{"line":24,"column":25},"end":{"line":128,"column":null}},"10":{"start":{"line":25,"column":6},"end":{"line":25,"column":null}},"11":{"start":{"line":27,"column":6},"end":{"line":126,"column":null}},"12":{"start":{"line":28,"column":8},"end":{"line":28,"column":null}},"13":{"start":{"line":31,"column":26},"end":{"line":31,"column":null}},"14":{"start":{"line":32,"column":23},"end":{"line":32,"column":null}},"15":{"start":{"line":34,"column":34},"end":{"line":34,"column":null}},"16":{"start":{"line":35,"column":8},"end":{"line":42,"column":null}},"17":{"start":{"line":36,"column":10},"end":{"line":41,"column":null}},"18":{"start":{"line":37,"column":12},"end":{"line":37,"column":null}},"19":{"start":{"line":40,"column":12},"end":{"line":40,"column":null}},"20":{"start":{"line":43,"column":21},"end":{"line":43,"column":null}},"21":{"start":{"line":44,"column":29},"end":{"line":44,"column":null}},"22":{"start":{"line":45,"column":8},"end":{"line":47,"column":null}},"23":{"start":{"line":46,"column":10},"end":{"line":46,"column":null}},"24":{"start":{"line":50,"column":8},"end":{"line":87,"column":null}},"25":{"start":{"line":52,"column":26},"end":{"line":85,"column":null}},"26":{"start":{"line":53,"column":30},"end":{"line":53,"column":null}},"27":{"start":{"line":54,"column":12},"end":{"line":56,"column":null}},"28":{"start":{"line":55,"column":14},"end":{"line":55,"column":null}},"29":{"start":{"line":57,"column":29},"end":{"line":57,"column":null}},"30":{"start":{"line":58,"column":12},"end":{"line":60,"column":null}},"31":{"start":{"line":59,"column":14},"end":{"line":59,"column":null}},"32":{"start":{"line":61,"column":26},"end":{"line":61,"column":null}},"33":{"start":{"line":62,"column":12},"end":{"line":62,"column":null}},"34":{"start":{"line":62,"column":38},"end":{"line":62,"column":61}},"35":{"start":{"line":63,"column":48},"end":{"line":68,"column":null}},"36":{"start":{"line":69,"column":12},"end":{"line":69,"column":null}},"37":{"start":{"line":70,"column":26},"end":{"line":70,"column":null}},"38":{"start":{"line":71,"column":12},"end":{"line":73,"column":null}},"39":{"start":{"line":72,"column":14},"end":{"line":72,"column":null}},"40":{"start":{"line":75,"column":33},"end":{"line":82,"column":null}},"41":{"start":{"line":77,"column":16},"end":{"line":77,"column":null}},"42":{"start":{"line":78,"column":14},"end":{"line":80,"column":null}},"43":{"start":{"line":79,"column":16},"end":{"line":79,"column":null}},"44":{"start":{"line":81,"column":14},"end":{"line":81,"column":null}},"45":{"start":{"line":83,"column":12},"end":{"line":83,"column":null}},"46":{"start":{"line":83,"column":32},"end":{"line":83,"column":59}},"47":{"start":{"line":86,"column":10},"end":{"line":86,"column":null}},"48":{"start":{"line":90,"column":8},"end":{"line":121,"column":null}},"49":{"start":{"line":101,"column":22},"end":{"line":101,"column":null}},"50":{"start":{"line":107,"column":20},"end":{"line":113,"column":null}},"51":{"start":{"line":109,"column":24},"end":{"line":111,"column":null}},"52":{"start":{"line":131,"column":4},"end":{"line":138,"column":null}},"53":{"start":{"line":133,"column":8},"end":{"line":135,"column":null}}},"fnMap":{"0":{"name":"(anonymous_0)","decl":{"start":{"line":11,"column":57},"end":{"line":11,"column":58}},"loc":{"start":{"line":11,"column":92},"end":{"line":144,"column":null}}},"1":{"name":"(anonymous_1)","decl":{"start":{"line":24,"column":25},"end":{"line":24,"column":26}},"loc":{"start":{"line":24,"column":42},"end":{"line":128,"column":null}}},"2":{"name":"(anonymous_2)","decl":{"start":{"line":35,"column":20},"end":{"line":35,"column":21}},"loc":{"start":{"line":35,"column":35},"end":{"line":42,"column":9}}},"3":{"name":"(anonymous_3)","decl":{"start":{"line":50,"column":18},"end":{"line":50,"column":24}},"loc":{"start":{"line":50,"column":24},"end":{"line":87,"column":11}}},"4":{"name":"(anonymous_4)","decl":{"start":{"line":52,"column":26},"end":{"line":52,"column":38}},"loc":{"start":{"line":52,"column":38},"end":{"line":85,"column":null}}},"5":{"name":"(anonymous_5)","decl":{"start":{"line":62,"column":23},"end":{"line":62,"column":38}},"loc":{"start":{"line":62,"column":38},"end":{"line":62,"column":61}}},"6":{"name":"(anonymous_6)","decl":{"start":{"line":75,"column":44},"end":{"line":75,"column":45}},"loc":{"start":{"line":75,"column":53},"end":{"line":82,"column":13}}},"7":{"name":"(anonymous_7)","decl":{"start":{"line":78,"column":28},"end":{"line":78,"column":29}},"loc":{"start":{"line":78,"column":40},"end":{"line":80,"column":15}}},"8":{"name":"(anonymous_8)","decl":{"start":{"line":83,"column":20},"end":{"line":83,"column":32}},"loc":{"start":{"line":83,"column":32},"end":{"line":83,"column":59}}},"9":{"name":"(anonymous_9)","decl":{"start":{"line":100,"column":42},"end":{"line":100,"column":43}},"loc":{"start":{"line":100,"column":54},"end":{"line":102,"column":21}}},"10":{"name":"(anonymous_10)","decl":{"start":{"line":106,"column":69},"end":{"line":106,"column":70}},"loc":{"start":{"line":107,"column":20},"end":{"line":113,"column":null}}},"11":{"name":"(anonymous_11)","decl":{"start":{"line":108,"column":46},"end":{"line":108,"column":47}},"loc":{"start":{"line":109,"column":24},"end":{"line":111,"column":null}}},"12":{"name":"(anonymous_12)","decl":{"start":{"line":132,"column":29},"end":{"line":132,"column":30}},"loc":{"start":{"line":133,"column":8},"end":{"line":135,"column":null}}}},"branchMap":{"0":{"loc":{"start":{"line":14,"column":2},"end":{"line":143,"column":null}},"type":"if","locations":[{"start":{"line":14,"column":2},"end":{"line":143,"column":null}},{"start":{"line":17,"column":7},"end":{"line":143,"column":null}}]},"1":{"loc":{"start":{"line":27,"column":6},"end":{"line":126,"column":null}},"type":"if","locations":[{"start":{"line":27,"column":6},"end":{"line":126,"column":null}},{"start":{"line":30,"column":11},"end":{"line":126,"column":null}}]},"2":{"loc":{"start":{"line":36,"column":10},"end":{"line":41,"column":null}},"type":"if","locations":[{"start":{"line":36,"column":10},"end":{"line":41,"column":null}},{"start":{"line":39,"column":15},"end":{"line":41,"column":null}}]},"3":{"loc":{"start":{"line":45,"column":8},"end":{"line":47,"column":null}},"type":"if","locations":[{"start":{"line":45,"column":8},"end":{"line":47,"column":null}},{"start":{"line":45,"column":8},"end":{"line":47,"column":null}}]},"4":{"loc":{"start":{"line":54,"column":12},"end":{"line":56,"column":null}},"type":"if","locations":[{"start":{"line":54,"column":12},"end":{"line":56,"column":null}},{"start":{"line":54,"column":12},"end":{"line":56,"column":null}}]},"5":{"loc":{"start":{"line":58,"column":12},"end":{"line":60,"column":null}},"type":"if","locations":[{"start":{"line":58,"column":12},"end":{"line":60,"column":null}},{"start":{"line":58,"column":12},"end":{"line":60,"column":null}}]},"6":{"loc":{"start":{"line":71,"column":12},"end":{"line":73,"column":null}},"type":"if","locations":[{"start":{"line":71,"column":12},"end":{"line":73,"column":null}},{"start":{"line":71,"column":12},"end":{"line":73,"column":null}}]},"7":{"loc":{"start":{"line":96,"column":13},"end":{"line":118,"column":null}},"type":"cond-expr","locations":[{"start":{"line":97,"column":14},"end":{"line":116,"column":null}},{"start":{"line":118,"column":14},"end":{"line":118,"column":null}}]},"8":{"loc":{"start":{"line":96,"column":13},"end":{"line":96,"column":null}},"type":"binary-expr","locations":[{"start":{"line":96,"column":13},"end":{"line":96,"column":33}},{"start":{"line":96,"column":33},"end":{"line":96,"column":null}}]},"9":{"loc":{"start":{"line":106,"column":19},"end":{"line":114,"column":null}},"type":"binary-expr","locations":[{"start":{"line":106,"column":19},"end":{"line":106,"column":51}},{"start":{"line":106,"column":51},"end":{"line":114,"column":null}}]},"10":{"loc":{"start":{"line":110,"column":27},"end":{"line":110,"column":null}},"type":"cond-expr","locations":[{"start":{"line":110,"column":62},"end":{"line":110,"column":80}},{"start":{"line":110,"column":80},"end":{"line":110,"column":null}}]},"11":{"loc":{"start":{"line":110,"column":27},"end":{"line":110,"column":62}},"type":"binary-expr","locations":[{"start":{"line":110,"column":27},"end":{"line":110,"column":35}},{"start":{"line":110,"column":35},"end":{"line":110,"column":62}}]}},"s":{"0":1,"1":0,"2":0,"3":0,"4":0,"5":0,"6":0,"7":0,"8":0,"9":0,"10":0,"11":0,"12":0,"13":0,"14":0,"15":0,"16":0,"17":0,"18":0,"19":0,"20":0,"21":0,"22":0,"23":0,"24":0,"25":0,"26":0,"27":0,"28":0,"29":0,"30":0,"31":0,"32":0,"33":0,"34":0,"35":0,"36":0,"37":0,"38":0,"39":0,"40":0,"41":0,"42":0,"43":0,"44":0,"45":0,"46":0,"47":0,"48":0,"49":0,"50":0,"51":0,"52":0,"53":0},"f":{"0":0,"1":0,"2":0,"3":0,"4":0,"5":0,"6":0,"7":0,"8":0,"9":0,"10":0,"11":0,"12":0},"b":{"0":[0,0],"1":[0,0],"2":[0,0],"3":[0,0],"4":[0,0],"5":[0,0],"6":[0,0],"7":[0,0],"8":[0,0],"9":[0,0],"10":[0,0],"11":[0,0]}}
,"C:/Users/mafer/Documents/GitHub/UInnovate/UInnovateApp/src/components/settingsPage/AddUserModal.tsx": {"path":"C:/Users/mafer/Documents/GitHub/UInnovate/UInnovateApp/src/components/settingsPage/AddUserModal.tsx","statementMap":{"0":{"start":{"line":17,"column":50},"end":{"line":123,"column":null}},"1":{"start":{"line":19,"column":28},"end":{"line":19,"column":null}},"2":{"start":{"line":20,"column":39},"end":{"line":20,"column":null}},"3":{"start":{"line":23,"column":25},"end":{"line":23,"column":null}},"4":{"start":{"line":26,"column":49},"end":{"line":26,"column":null}},"5":{"start":{"line":27,"column":21},"end":{"line":27,"column":null}},"6":{"start":{"line":27,"column":54},"end":{"line":27,"column":72}},"7":{"start":{"line":30,"column":44},"end":{"line":30,"column":null}},"8":{"start":{"line":34,"column":19},"end":{"line":37,"column":null}},"9":{"start":{"line":38,"column":2},"end":{"line":38,"column":null}},"10":{"start":{"line":42,"column":2},"end":{"line":42,"column":null}},"11":{"start":{"line":43,"column":2},"end":{"line":43,"column":null}},"12":{"start":{"line":47,"column":2},"end":{"line":47,"column":null}},"13":{"start":{"line":48,"column":2},"end":{"line":48,"column":null}},"14":{"start":{"line":49,"column":2},"end":{"line":49,"column":null}},"15":{"start":{"line":54,"column":2},"end":{"line":54,"column":null}},"16":{"start":{"line":60,"column":2},"end":{"line":60,"column":null}},"17":{"start":{"line":61,"column":2},"end":{"line":69,"column":null}},"18":{"start":{"line":63,"column":4},"end":{"line":63,"column":null}},"19":{"start":{"line":64,"column":4},"end":{"line":64,"column":null}},"20":{"start":{"line":65,"column":4},"end":{"line":65,"column":null}},"21":{"start":{"line":68,"column":4},"end":{"line":68,"column":null}},"22":{"start":{"line":73,"column":1},"end":{"line":122,"column":null}},"23":{"start":{"line":93,"column":28},"end":{"line":93,"column":null}}},"fnMap":{"0":{"name":"(anonymous_0)","decl":{"start":{"line":17,"column":50},"end":{"line":17,"column":51}},"loc":{"start":{"line":17,"column":87},"end":{"line":123,"column":null}}},"1":{"name":"(anonymous_1)","decl":{"start":{"line":27,"column":42},"end":{"line":27,"column":43}},"loc":{"start":{"line":27,"column":54},"end":{"line":27,"column":72}}},"2":{"name":"handleInputChange","decl":{"start":{"line":33,"column":10},"end":{"line":33,"column":28}},"loc":{"start":{"line":33,"column":96},"end":{"line":39,"column":2}}},"3":{"name":"handleRoleChange","decl":{"start":{"line":41,"column":10},"end":{"line":41,"column":27}},"loc":{"start":{"line":41,"column":57},"end":{"line":44,"column":null}}},"4":{"name":"resetModal","decl":{"start":{"line":46,"column":10},"end":{"line":46,"column":23}},"loc":{"start":{"line":46,"column":23},"end":{"line":50,"column":null}}},"5":{"name":"handleClose","decl":{"start":{"line":53,"column":10},"end":{"line":53,"column":24}},"loc":{"start":{"line":53,"column":24},"end":{"line":55,"column":null}}},"6":{"name":"handleFormSubmit","decl":{"start":{"line":58,"column":10},"end":{"line":58,"column":29}},"loc":{"start":{"line":58,"column":29},"end":{"line":70,"column":null}}},"7":{"name":"(anonymous_7)","decl":{"start":{"line":62,"column":9},"end":{"line":62,"column":10}},"loc":{"start":{"line":62,"column":23},"end":{"line":66,"column":4}}},"8":{"name":"(anonymous_8)","decl":{"start":{"line":67,"column":10},"end":{"line":67,"column":11}},"loc":{"start":{"line":67,"column":21},"end":{"line":69,"column":4}}},"9":{"name":"(anonymous_9)","decl":{"start":{"line":93,"column":17},"end":{"line":93,"column":18}},"loc":{"start":{"line":93,"column":28},"end":{"line":93,"column":null}}}},"branchMap":{},"s":{"0":2,"1":15,"2":15,"3":15,"4":15,"5":15,"6":30,"7":15,"8":0,"9":0,"10":0,"11":0,"12":1,"13":1,"14":1,"15":2,"16":1,"17":1,"18":1,"19":1,"20":1,"21":0,"22":15,"23":0},"f":{"0":15,"1":30,"2":0,"3":0,"4":1,"5":2,"6":1,"7":1,"8":0,"9":0},"b":{}}
,"C:/Users/mafer/Documents/GitHub/UInnovate/UInnovateApp/src/components/settingsPage/ButtonConfigurationSaver.tsx": {"path":"C:/Users/mafer/Documents/GitHub/UInnovate/UInnovateApp/src/components/settingsPage/ButtonConfigurationSaver.tsx","statementMap":{"0":{"start":{"line":6,"column":27},"end":{"line":9,"column":null}},"1":{"start":{"line":12,"column":43},"end":{"line":39,"column":null}},"2":{"start":{"line":13,"column":21},"end":{"line":13,"column":null}},"3":{"start":{"line":14,"column":20},"end":{"line":14,"column":null}},"4":{"start":{"line":17,"column":2},"end":{"line":20,"column":null}},"5":{"start":{"line":18,"column":4},"end":{"line":18,"column":null}},"6":{"start":{"line":19,"column":4},"end":{"line":19,"column":null}},"7":{"start":{"line":24,"column":4},"end":{"line":24,"column":null}},"8":{"start":{"line":25,"column":4},"end":{"line":25,"column":null}},"9":{"start":{"line":28,"column":2},"end":{"line":37,"column":null}}},"fnMap":{"0":{"name":"(anonymous_0)","decl":{"start":{"line":12,"column":43},"end":{"line":12,"column":49}},"loc":{"start":{"line":12,"column":49},"end":{"line":39,"column":null}}},"1":{"name":"(anonymous_1)","decl":{"start":{"line":17,"column":12},"end":{"line":17,"column":18}},"loc":{"start":{"line":17,"column":18},"end":{"line":20,"column":5}}},"2":{"name":"handleClick","decl":{"start":{"line":23,"column":11},"end":{"line":23,"column":25}},"loc":{"start":{"line":23,"column":25},"end":{"line":26,"column":null}}}},"branchMap":{},"s":{"0":1,"1":1,"2":1,"3":1,"4":1,"5":1,"6":1,"7":0,"8":0,"9":1},"f":{"0":1,"1":1,"2":0},"b":{}}
,"C:/Users/mafer/Documents/GitHub/UInnovate/UInnovateApp/src/components/settingsPage/ColumnConfig.tsx": {"path":"C:/Users/mafer/Documents/GitHub/UInnovate/UInnovateApp/src/components/settingsPage/ColumnConfig.tsx","statementMap":{"0":{"start":{"line":21,"column":57},"end":{"line":51,"column":null}},"1":{"start":{"line":24,"column":21},"end":{"line":24,"column":null}},"2":{"start":{"line":25,"column":27},"end":{"line":25,"column":null}},"3":{"start":{"line":27,"column":2},"end":{"line":49,"column":null}},"4":{"start":{"line":33,"column":12},"end":{"line":33,"column":null}},"5":{"start":{"line":40,"column":12},"end":{"line":45,"column":null}},"6":{"start":{"line":53,"column":56},"end":{"line":102,"column":null}},"7":{"start":{"line":57,"column":27},"end":{"line":57,"column":null}},"8":{"start":{"line":60,"column":4},"end":{"line":60,"column":null}},"9":{"start":{"line":61,"column":4},"end":{"line":66,"column":null}},"10":{"start":{"line":70,"column":4},"end":{"line":70,"column":null}},"11":{"start":{"line":71,"column":4},"end":{"line":76,"column":null}},"12":{"start":{"line":78,"column":2},"end":{"line":100,"column":null}},"13":{"start":{"line":92,"column":14},"end":{"line":94,"column":null}}},"fnMap":{"0":{"name":"(anonymous_0)","decl":{"start":{"line":21,"column":57},"end":{"line":21,"column":58}},"loc":{"start":{"line":23,"column":25},"end":{"line":51,"column":null}}},"1":{"name":"(anonymous_1)","decl":{"start":{"line":32,"column":32},"end":{"line":32,"column":33}},"loc":{"start":{"line":32,"column":46},"end":{"line":34,"column":11}}},"2":{"name":"(anonymous_2)","decl":{"start":{"line":39,"column":25},"end":{"line":39,"column":26}},"loc":{"start":{"line":39,"column":40},"end":{"line":47,"column":11}}},"3":{"name":"(anonymous_3)","decl":{"start":{"line":53,"column":56},"end":{"line":53,"column":57}},"loc":{"start":{"line":56,"column":28},"end":{"line":102,"column":null}}},"4":{"name":"handleVisibilityToggle","decl":{"start":{"line":59,"column":11},"end":{"line":59,"column":34}},"loc":{"start":{"line":59,"column":78},"end":{"line":67,"column":null}}},"5":{"name":"handleDisplayChange","decl":{"start":{"line":69,"column":11},"end":{"line":69,"column":31}},"loc":{"start":{"line":69,"column":65},"end":{"line":77,"column":null}}},"6":{"name":"(anonymous_6)","decl":{"start":{"line":91,"column":49},"end":{"line":91,"column":50}},"loc":{"start":{"line":92,"column":14},"end":{"line":94,"column":null}}}},"branchMap":{"0":{"loc":{"start":{"line":38,"column":9},"end":{"line":47,"column":null}},"type":"binary-expr","locations":[{"start":{"line":38,"column":9},"end":{"line":38,"column":null}},{"start":{"line":39,"column":10},"end":{"line":47,"column":null}}]}},"s":{"0":4,"1":14,"2":14,"3":14,"4":28,"5":2,"6":4,"7":2,"8":0,"9":0,"10":0,"11":0,"12":2,"13":10},"f":{"0":14,"1":28,"2":2,"3":2,"4":0,"5":0,"6":10},"b":{"0":[14,14]}}
,"C:/Users/mafer/Documents/GitHub/UInnovate/UInnovateApp/src/components/settingsPage/ConfigurationSaver.tsx": {"path":"C:/Users/mafer/Documents/GitHub/UInnovate/UInnovateApp/src/components/settingsPage/ConfigurationSaver.tsx","statementMap":{"0":{"start":{"line":8,"column":31},"end":{"line":8,"column":null}},"1":{"start":{"line":9,"column":42},"end":{"line":9,"column":null}},"2":{"start":{"line":12,"column":37},"end":{"line":85,"column":null}},"3":{"start":{"line":13,"column":21},"end":{"line":13,"column":null}},"4":{"start":{"line":14,"column":20},"end":{"line":14,"column":null}},"5":{"start":{"line":15,"column":50},"end":{"line":15,"column":null}},"6":{"start":{"line":19,"column":1},"end":{"line":22,"column":null}},"7":{"start":{"line":20,"column":2},"end":{"line":20,"column":null}},"8":{"start":{"line":21,"column":2},"end":{"line":21,"column":null}},"9":{"start":{"line":25,"column":2},"end":{"line":41,"column":null}},"10":{"start":{"line":26,"column":21},"end":{"line":30,"column":null}},"11":{"start":{"line":27,"column":6},"end":{"line":27,"column":null}},"12":{"start":{"line":28,"column":6},"end":{"line":28,"column":null}},"13":{"start":{"line":29,"column":6},"end":{"line":29,"column":null}},"14":{"start":{"line":33,"column":2},"end":{"line":40,"column":null}},"15":{"start":{"line":34,"column":3},"end":{"line":34,"column":null}},"16":{"start":{"line":35,"column":3},"end":{"line":35,"column":null}},"17":{"start":{"line":36,"column":3},"end":{"line":36,"column":null}},"18":{"start":{"line":37,"column":3},"end":{"line":39,"column":null}},"19":{"start":{"line":47,"column":2},"end":{"line":49,"column":null}},"20":{"start":{"line":48,"column":3},"end":{"line":48,"column":null}},"21":{"start":{"line":51,"column":2},"end":{"line":51,"column":null}},"22":{"start":{"line":53,"column":1},"end":{"line":83,"column":null}}},"fnMap":{"0":{"name":"(anonymous_0)","decl":{"start":{"line":12,"column":37},"end":{"line":12,"column":43}},"loc":{"start":{"line":12,"column":43},"end":{"line":85,"column":null}}},"1":{"name":"(anonymous_1)","decl":{"start":{"line":19,"column":11},"end":{"line":19,"column":17}},"loc":{"start":{"line":19,"column":17},"end":{"line":22,"column":4}}},"2":{"name":"(anonymous_2)","decl":{"start":{"line":25,"column":12},"end":{"line":25,"column":18}},"loc":{"start":{"line":25,"column":18},"end":{"line":41,"column":4}}},"3":{"name":"(anonymous_3)","decl":{"start":{"line":26,"column":33},"end":{"line":26,"column":39}},"loc":{"start":{"line":26,"column":39},"end":{"line":30,"column":7}}},"4":{"name":"(anonymous_4)","decl":{"start":{"line":33,"column":9},"end":{"line":33,"column":15}},"loc":{"start":{"line":33,"column":15},"end":{"line":40,"column":null}}},"5":{"name":"handleSnackbarClose","decl":{"start":{"line":43,"column":10},"end":{"line":43,"column":null}},"loc":{"start":{"line":46,"column":3},"end":{"line":52,"column":null}}}},"branchMap":{"0":{"loc":{"start":{"line":47,"column":2},"end":{"line":49,"column":null}},"type":"if","locations":[{"start":{"line":47,"column":2},"end":{"line":49,"column":null}},{"start":{"line":47,"column":2},"end":{"line":49,"column":null}}]}},"s":{"0":2,"1":2,"2":2,"3":3,"4":3,"5":3,"6":3,"7":3,"8":3,"9":3,"10":3,"11":0,"12":0,"13":0,"14":3,"15":2,"16":2,"17":2,"18":2,"19":0,"20":0,"21":0,"22":3},"f":{"0":3,"1":3,"2":3,"3":0,"4":2,"5":0},"b":{"0":[0,0]}}
,"C:/Users/mafer/Documents/GitHub/UInnovate/UInnovateApp/src/components/settingsPage/DisplayTab.tsx": {"path":"C:/Users/mafer/Documents/GitHub/UInnovate/UInnovateApp/src/components/settingsPage/DisplayTab.tsx","statementMap":{"0":{"start":{"line":9,"column":19},"end":{"line":52,"column":null}},"1":{"start":{"line":10,"column":17},"end":{"line":10,"column":null}},"2":{"start":{"line":11,"column":21},"end":{"line":13,"column":null}},"3":{"start":{"line":12,"column":4},"end":{"line":12,"column":null}},"4":{"start":{"line":15,"column":2},"end":{"line":50,"column":null}},"5":{"start":{"line":24,"column":16},"end":{"line":27,"column":null}},"6":{"start":{"line":35,"column":34},"end":{"line":35,"column":null}},"7":{"start":{"line":36,"column":16},"end":{"line":43,"column":null}}},"fnMap":{"0":{"name":"(anonymous_0)","decl":{"start":{"line":9,"column":19},"end":{"line":9,"column":25}},"loc":{"start":{"line":9,"column":25},"end":{"line":52,"column":null}}},"1":{"name":"(anonymous_1)","decl":{"start":{"line":11,"column":33},"end":{"line":11,"column":34}},"loc":{"start":{"line":12,"column":4},"end":{"line":12,"column":null}}},"2":{"name":"(anonymous_2)","decl":{"start":{"line":23,"column":27},"end":{"line":23,"column":28}},"loc":{"start":{"line":23,"column":47},"end":{"line":29,"column":15}}},"3":{"name":"(anonymous_3)","decl":{"start":{"line":34,"column":31},"end":{"line":34,"column":32}},"loc":{"start":{"line":34,"column":51},"end":{"line":45,"column":15}}}},"branchMap":{},"s":{"0":2,"1":3,"2":3,"3":9,"4":3,"5":9,"6":9,"7":9},"f":{"0":3,"1":9,"2":9,"3":9},"b":{}}
,"C:/Users/mafer/Documents/GitHub/UInnovate/UInnovateApp/src/components/settingsPage/GeneralTab.tsx": {"path":"C:/Users/mafer/Documents/GitHub/UInnovate/UInnovateApp/src/components/settingsPage/GeneralTab.tsx","statementMap":{"0":{"start":{"line":4,"column":26},"end":{"line":17,"column":null}},"1":{"start":{"line":5,"column":1},"end":{"line":15,"column":null}}},"fnMap":{"0":{"name":"(anonymous_0)","decl":{"start":{"line":4,"column":26},"end":{"line":4,"column":32}},"loc":{"start":{"line":4,"column":32},"end":{"line":17,"column":null}}}},"branchMap":{},"s":{"0":1,"1":1},"f":{"0":1},"b":{}}
,"C:/Users/mafer/Documents/GitHub/UInnovate/UInnovateApp/src/components/settingsPage/InternationalizationTab.tsx": {"path":"C:/Users/mafer/Documents/GitHub/UInnovate/UInnovateApp/src/components/settingsPage/InternationalizationTab.tsx","statementMap":{"0":{"start":{"line":10,"column":20},"end":{"line":14,"column":null}},"1":{"start":{"line":17,"column":32},"end":{"line":169,"column":null}},"2":{"start":{"line":18,"column":19},"end":{"line":18,"column":null}},"3":{"start":{"line":19,"column":24},"end":{"line":19,"column":null}},"4":{"start":{"line":20,"column":20},"end":{"line":20,"column":null}},"5":{"start":{"line":22,"column":34},"end":{"line":22,"column":null}},"6":{"start":{"line":23,"column":38},"end":{"line":23,"column":null}},"7":{"start":{"line":24,"column":38},"end":{"line":24,"column":null}},"8":{"start":{"line":27,"column":23},"end":{"line":40,"column":null}},"9":{"start":{"line":28,"column":4},"end":{"line":30,"column":null}},"10":{"start":{"line":29,"column":8},"end":{"line":29,"column":null}},"11":{"start":{"line":32,"column":40},"end":{"line":36,"column":null}},"12":{"start":{"line":38,"column":25},"end":{"line":38,"column":null}},"13":{"start":{"line":39,"column":4},"end":{"line":39,"column":null}},"14":{"start":{"line":42,"column":4},"end":{"line":44,"column":null}},"15":{"start":{"line":43,"column":8},"end":{"line":43,"column":null}},"16":{"start":{"line":46,"column":30},"end":{"line":48,"column":null}},"17":{"start":{"line":47,"column":8},"end":{"line":47,"column":null}},"18":{"start":{"line":50,"column":24},"end":{"line":52,"column":null}},"19":{"start":{"line":51,"column":8},"end":{"line":51,"column":null}},"20":{"start":{"line":54,"column":23},"end":{"line":64,"column":null}},"21":{"start":{"line":55,"column":30},"end":{"line":59,"column":null}},"22":{"start":{"line":61,"column":8},"end":{"line":61,"column":null}},"23":{"start":{"line":62,"column":8},"end":{"line":62,"column":null}},"24":{"start":{"line":63,"column":8},"end":{"line":63,"column":null}},"25":{"start":{"line":65,"column":4},"end":{"line":167,"column":null}}},"fnMap":{"0":{"name":"(anonymous_0)","decl":{"start":{"line":17,"column":32},"end":{"line":17,"column":38}},"loc":{"start":{"line":17,"column":38},"end":{"line":169,"column":null}}},"1":{"name":"(anonymous_1)","decl":{"start":{"line":27,"column":23},"end":{"line":27,"column":35}},"loc":{"start":{"line":27,"column":35},"end":{"line":40,"column":null}}},"2":{"name":"(anonymous_2)","decl":{"start":{"line":42,"column":14},"end":{"line":42,"column":20}},"loc":{"start":{"line":42,"column":20},"end":{"line":44,"column":5}}},"3":{"name":"(anonymous_3)","decl":{"start":{"line":46,"column":30},"end":{"line":46,"column":42}},"loc":{"start":{"line":46,"column":42},"end":{"line":48,"column":null}}},"4":{"name":"(anonymous_4)","decl":{"start":{"line":50,"column":24},"end":{"line":50,"column":30}},"loc":{"start":{"line":50,"column":30},"end":{"line":52,"column":null}}},"5":{"name":"(anonymous_5)","decl":{"start":{"line":54,"column":23},"end":{"line":54,"column":35}},"loc":{"start":{"line":54,"column":35},"end":{"line":64,"column":null}}}},"branchMap":{"0":{"loc":{"start":{"line":28,"column":4},"end":{"line":30,"column":null}},"type":"if","locations":[{"start":{"line":28,"column":4},"end":{"line":30,"column":null}},{"start":{"line":28,"column":4},"end":{"line":30,"column":null}}]},"1":{"loc":{"start":{"line":28,"column":8},"end":{"line":28,"column":33}},"type":"binary-expr","locations":[{"start":{"line":28,"column":8},"end":{"line":28,"column":19}},{"start":{"line":28,"column":19},"end":{"line":28,"column":33}}]}},"s":{"0":1,"1":1,"2":4,"3":4,"4":4,"5":4,"6":4,"7":4,"8":4,"9":3,"10":0,"11":3,"12":3,"13":3,"14":4,"15":3,"16":4,"17":0,"18":4,"19":0,"20":4,"21":0,"22":0,"23":0,"24":0,"25":4},"f":{"0":4,"1":3,"2":3,"3":0,"4":0,"5":0},"b":{"0":[0,3],"1":[3,3]}}
,"C:/Users/mafer/Documents/GitHub/UInnovate/UInnovateApp/src/components/settingsPage/LookupSetting.tsx": {"path":"C:/Users/mafer/Documents/GitHub/UInnovate/UInnovateApp/src/components/settingsPage/LookupSetting.tsx","statementMap":{"0":{"start":{"line":20,"column":48},"end":{"line":194,"column":null}},"1":{"start":{"line":25,"column":21},"end":{"line":25,"column":null}},"2":{"start":{"line":26,"column":14},"end":{"line":26,"column":null}},"3":{"start":{"line":27,"column":40},"end":{"line":27,"column":null}},"4":{"start":{"line":29,"column":2},"end":{"line":37,"column":null}},"5":{"start":{"line":30,"column":4},"end":{"line":36,"column":null}},"6":{"start":{"line":31,"column":6},"end":{"line":31,"column":null}},"7":{"start":{"line":32,"column":6},"end":{"line":32,"column":null}},"8":{"start":{"line":35,"column":6},"end":{"line":35,"column":null}},"9":{"start":{"line":38,"column":2},"end":{"line":193,"column":null}},"10":{"start":{"line":39,"column":4},"end":{"line":39,"column":null}},"11":{"start":{"line":43,"column":21},"end":{"line":43,"column":null}},"12":{"start":{"line":44,"column":4},"end":{"line":47,"column":null}},"13":{"start":{"line":44,"column":17},"end":{"line":44,"column":21}},"14":{"start":{"line":46,"column":6},"end":{"line":46,"column":null}},"15":{"start":{"line":50,"column":17},"end":{"line":50,"column":null}},"16":{"start":{"line":51,"column":42},"end":{"line":59,"column":null}},"17":{"start":{"line":52,"column":26},"end":{"line":52,"column":null}},"18":{"start":{"line":53,"column":6},"end":{"line":58,"column":null}},"19":{"start":{"line":55,"column":8},"end":{"line":55,"column":null}},"20":{"start":{"line":57,"column":8},"end":{"line":57,"column":null}},"21":{"start":{"line":62,"column":4},"end":{"line":64,"column":null}},"22":{"start":{"line":63,"column":6},"end":{"line":63,"column":null}},"23":{"start":{"line":65,"column":4},"end":{"line":68,"column":null}},"24":{"start":{"line":66,"column":19},"end":{"line":66,"column":null}},"25":{"start":{"line":67,"column":6},"end":{"line":67,"column":null}},"26":{"start":{"line":71,"column":30},"end":{"line":91,"column":null}},"27":{"start":{"line":72,"column":6},"end":{"line":89,"column":null}},"28":{"start":{"line":80,"column":16},"end":{"line":82,"column":null}},"29":{"start":{"line":94,"column":34},"end":{"line":98,"column":null}},"30":{"start":{"line":96,"column":27},"end":{"line":96,"column":null}},"31":{"start":{"line":97,"column":6},"end":{"line":97,"column":null}},"32":{"start":{"line":102,"column":4},"end":{"line":107,"column":null}},"33":{"start":{"line":104,"column":6},"end":{"line":104,"column":null}},"34":{"start":{"line":105,"column":6},"end":{"line":106,"column":null}},"35":{"start":{"line":109,"column":4},"end":{"line":111,"column":null}},"36":{"start":{"line":110,"column":6},"end":{"line":110,"column":null}},"37":{"start":{"line":116,"column":25},"end":{"line":123,"column":null}},"38":{"start":{"line":116,"column":44},"end":{"line":123,"column":null}},"39":{"start":{"line":117,"column":6},"end":{"line":120,"column":null}},"40":{"start":{"line":117,"column":43},"end":{"line":120,"column":8}},"41":{"start":{"line":126,"column":30},"end":{"line":132,"column":null}},"42":{"start":{"line":127,"column":6},"end":{"line":131,"column":null}},"43":{"start":{"line":128,"column":8},"end":{"line":128,"column":null}},"44":{"start":{"line":131,"column":8},"end":{"line":131,"column":null}},"45":{"start":{"line":131,"column":32},"end":{"line":131,"column":43}},"46":{"start":{"line":134,"column":36},"end":{"line":141,"column":null}},"47":{"start":{"line":135,"column":6},"end":{"line":140,"column":null}},"48":{"start":{"line":136,"column":8},"end":{"line":136,"column":null}},"49":{"start":{"line":136,"column":32},"end":{"line":136,"column":43}},"50":{"start":{"line":137,"column":8},"end":{"line":137,"column":null}},"51":{"start":{"line":140,"column":8},"end":{"line":140,"column":null}},"52":{"start":{"line":143,"column":24},"end":{"line":148,"column":null}},"53":{"start":{"line":144,"column":6},"end":{"line":147,"column":null}},"54":{"start":{"line":144,"column":43},"end":{"line":147,"column":8}},"55":{"start":{"line":152,"column":4},"end":{"line":191,"column":null}},"56":{"start":{"line":161,"column":16},"end":{"line":163,"column":null}},"57":{"start":{"line":187,"column":12},"end":{"line":187,"column":null}}},"fnMap":{"0":{"name":"(anonymous_0)","decl":{"start":{"line":20,"column":48},"end":{"line":20,"column":49}},"loc":{"start":{"line":20,"column":81},"end":{"line":194,"column":null}}},"1":{"name":"(anonymous_1)","decl":{"start":{"line":29,"column":18},"end":{"line":29,"column":19}},"loc":{"start":{"line":29,"column":33},"end":{"line":37,"column":3}}},"2":{"name":"(anonymous_2)","decl":{"start":{"line":51,"column":56},"end":{"line":51,"column":62}},"loc":{"start":{"line":51,"column":62},"end":{"line":59,"column":5}}},"3":{"name":"(anonymous_3)","decl":{"start":{"line":62,"column":31},"end":{"line":62,"column":41}},"loc":{"start":{"line":62,"column":67},"end":{"line":64,"column":null}}},"4":{"name":"(anonymous_4)","decl":{"start":{"line":65,"column":31},"end":{"line":65,"column":41}},"loc":{"start":{"line":65,"column":54},"end":{"line":68,"column":null}}},"5":{"name":"(anonymous_5)","decl":{"start":{"line":71,"column":30},"end":{"line":71,"column":31}},"loc":{"start":{"line":71,"column":76},"end":{"line":91,"column":null}}},"6":{"name":"(anonymous_6)","decl":{"start":{"line":79,"column":39},"end":{"line":79,"column":40}},"loc":{"start":{"line":80,"column":16},"end":{"line":82,"column":null}}},"7":{"name":"(anonymous_7)","decl":{"start":{"line":94,"column":43},"end":{"line":94,"column":49}},"loc":{"start":{"line":94,"column":49},"end":{"line":98,"column":5}}},"8":{"name":"(anonymous_8)","decl":{"start":{"line":102,"column":14},"end":{"line":102,"column":20}},"loc":{"start":{"line":102,"column":20},"end":{"line":107,"column":7}}},"9":{"name":"(anonymous_9)","decl":{"start":{"line":109,"column":14},"end":{"line":109,"column":20}},"loc":{"start":{"line":109,"column":20},"end":{"line":111,"column":7}}},"10":{"name":"(anonymous_10)","decl":{"start":{"line":116,"column":25},"end":{"line":116,"column":26}},"loc":{"start":{"line":116,"column":44},"end":{"line":123,"column":null}}},"11":{"name":"(anonymous_11)","decl":{"start":{"line":116,"column":44},"end":{"line":116,"column":45}},"loc":{"start":{"line":116,"column":94},"end":{"line":123,"column":null}}},"12":{"name":"(anonymous_12)","decl":{"start":{"line":117,"column":21},"end":{"line":117,"column":22}},"loc":{"start":{"line":117,"column":43},"end":{"line":120,"column":8}}},"13":{"name":"(anonymous_13)","decl":{"start":{"line":126,"column":30},"end":{"line":126,"column":36}},"loc":{"start":{"line":126,"column":36},"end":{"line":132,"column":null}}},"14":{"name":"(anonymous_14)","decl":{"start":{"line":131,"column":19},"end":{"line":131,"column":20}},"loc":{"start":{"line":131,"column":32},"end":{"line":131,"column":43}}},"15":{"name":"(anonymous_15)","decl":{"start":{"line":134,"column":36},"end":{"line":134,"column":42}},"loc":{"start":{"line":134,"column":42},"end":{"line":141,"column":null}}},"16":{"name":"(anonymous_16)","decl":{"start":{"line":136,"column":19},"end":{"line":136,"column":20}},"loc":{"start":{"line":136,"column":32},"end":{"line":136,"column":43}}},"17":{"name":"(anonymous_17)","decl":{"start":{"line":143,"column":24},"end":{"line":143,"column":30}},"loc":{"start":{"line":143,"column":30},"end":{"line":148,"column":null}}},"18":{"name":"(anonymous_18)","decl":{"start":{"line":144,"column":21},"end":{"line":144,"column":22}},"loc":{"start":{"line":144,"column":43},"end":{"line":147,"column":8}}},"19":{"name":"(anonymous_19)","decl":{"start":{"line":160,"column":39},"end":{"line":160,"column":40}},"loc":{"start":{"line":161,"column":16},"end":{"line":163,"column":null}}},"20":{"name":"(anonymous_20)","decl":{"start":{"line":185,"column":35},"end":{"line":185,"column":36}},"loc":{"start":{"line":187,"column":12},"end":{"line":187,"column":null}}}},"branchMap":{"0":{"loc":{"start":{"line":30,"column":4},"end":{"line":36,"column":null}},"type":"if","locations":[{"start":{"line":30,"column":4},"end":{"line":36,"column":null}},{"start":{"line":34,"column":9},"end":{"line":36,"column":null}}]},"1":{"loc":{"start":{"line":30,"column":8},"end":{"line":30,"column":84}},"type":"binary-expr","locations":[{"start":{"line":30,"column":8},"end":{"line":30,"column":48}},{"start":{"line":30,"column":48},"end":{"line":30,"column":84}}]},"2":{"loc":{"start":{"line":38,"column":2},"end":{"line":193,"column":null}},"type":"if","locations":[{"start":{"line":38,"column":2},"end":{"line":193,"column":null}},{"start":{"line":41,"column":7},"end":{"line":193,"column":null}}]},"3":{"loc":{"start":{"line":53,"column":6},"end":{"line":58,"column":null}},"type":"if","locations":[{"start":{"line":53,"column":6},"end":{"line":58,"column":null}},{"start":{"line":56,"column":13},"end":{"line":58,"column":null}}]},"4":{"loc":{"start":{"line":53,"column":10},"end":{"line":53,"column":71}},"type":"binary-expr","locations":[{"start":{"line":53,"column":10},"end":{"line":53,"column":25}},{"start":{"line":53,"column":25},"end":{"line":53,"column":49}},{"start":{"line":53,"column":49},"end":{"line":53,"column":71}}]},"5":{"loc":{"start":{"line":67,"column":13},"end":{"line":67,"column":null}},"type":"cond-expr","locations":[{"start":{"line":67,"column":20},"end":{"line":67,"column":39}},{"start":{"line":67,"column":39},"end":{"line":67,"column":null}}]},"6":{"loc":{"start":{"line":77,"column":64},"end":{"line":77,"column":null}},"type":"cond-expr","locations":[{"start":{"line":77,"column":104},"end":{"line":77,"column":114}},{"start":{"line":77,"column":114},"end":{"line":77,"column":null}}]},"7":{"loc":{"start":{"line":97,"column":13},"end":{"line":97,"column":null}},"type":"cond-expr","locations":[{"start":{"line":97,"column":37},"end":{"line":97,"column":60}},{"start":{"line":97,"column":60},"end":{"line":97,"column":null}}]},"8":{"loc":{"start":{"line":105,"column":6},"end":{"line":106,"column":null}},"type":"if","locations":[{"start":{"line":105,"column":6},"end":{"line":106,"column":null}},{"start":{"line":105,"column":6},"end":{"line":106,"column":null}}]},"9":{"loc":{"start":{"line":105,"column":10},"end":{"line":105,"column":63}},"type":"binary-expr","locations":[{"start":{"line":105,"column":10},"end":{"line":105,"column":25}},{"start":{"line":105,"column":25},"end":{"line":105,"column":63}}]},"10":{"loc":{"start":{"line":127,"column":6},"end":{"line":131,"column":null}},"type":"if","locations":[{"start":{"line":127,"column":6},"end":{"line":131,"column":null}},{"start":{"line":131,"column":8},"end":{"line":131,"column":null}}]},"11":{"loc":{"start":{"line":127,"column":10},"end":{"line":127,"column":46}},"type":"binary-expr","locations":[{"start":{"line":127,"column":10},"end":{"line":127,"column":34}},{"start":{"line":127,"column":34},"end":{"line":127,"column":46}}]},"12":{"loc":{"start":{"line":135,"column":6},"end":{"line":140,"column":null}},"type":"if","locations":[{"start":{"line":135,"column":6},"end":{"line":140,"column":null}},{"start":{"line":140,"column":8},"end":{"line":140,"column":null}}]},"13":{"loc":{"start":{"line":158,"column":55},"end":{"line":158,"column":null}},"type":"cond-expr","locations":[{"start":{"line":158,"column":86},"end":{"line":158,"column":96}},{"start":{"line":158,"column":96},"end":{"line":158,"column":null}}]}},"s":{"0":3,"1":12,"2":12,"3":12,"4":12,"5":0,"6":0,"7":0,"8":0,"9":12,"10":12,"11":0,"12":0,"13":0,"14":0,"15":0,"16":0,"17":0,"18":0,"19":0,"20":0,"21":0,"22":0,"23":0,"24":0,"25":0,"26":0,"27":0,"28":0,"29":0,"30":0,"31":0,"32":0,"33":0,"34":0,"35":0,"36":0,"37":0,"38":0,"39":0,"40":0,"41":0,"42":0,"43":0,"44":0,"45":0,"46":0,"47":0,"48":0,"49":0,"50":0,"51":0,"52":0,"53":0,"54":0,"55":0,"56":0,"57":0},"f":{"0":12,"1":0,"2":0,"3":0,"4":0,"5":0,"6":0,"7":0,"8":0,"9":0,"10":0,"11":0,"12":0,"13":0,"14":0,"15":0,"16":0,"17":0,"18":0,"19":0,"20":0},"b":{"0":[0,0],"1":[0,0],"2":[12,0],"3":[0,0],"4":[0,0,0],"5":[0,0],"6":[0,0],"7":[0,0],"8":[0,0],"9":[0,0],"10":[0,0],"11":[0,0],"12":[0,0],"13":[0,0]}}
,"C:/Users/mafer/Documents/GitHub/UInnovate/UInnovateApp/src/components/settingsPage/ScriptEditor.tsx": {"path":"C:/Users/mafer/Documents/GitHub/UInnovate/UInnovateApp/src/components/settingsPage/ScriptEditor.tsx","statementMap":{"0":{"start":{"line":23,"column":0},"end":{"line":23,"column":null}},"1":{"start":{"line":28,"column":57},"end":{"line":135,"column":null}},"2":{"start":{"line":29,"column":22},"end":{"line":29,"column":null}},"3":{"start":{"line":30,"column":17},"end":{"line":30,"column":null}},"4":{"start":{"line":32,"column":42},"end":{"line":32,"column":null}},"5":{"start":{"line":33,"column":32},"end":{"line":33,"column":null}},"6":{"start":{"line":34,"column":36},"end":{"line":34,"column":null}},"7":{"start":{"line":36,"column":23},"end":{"line":60,"column":null}},"8":{"start":{"line":37,"column":24},"end":{"line":37,"column":null}},"9":{"start":{"line":39,"column":4},"end":{"line":49,"column":null}},"10":{"start":{"line":41,"column":8},"end":{"line":41,"column":null}},"11":{"start":{"line":42,"column":8},"end":{"line":42,"column":null}},"12":{"start":{"line":44,"column":8},"end":{"line":44,"column":null}},"13":{"start":{"line":45,"column":8},"end":{"line":45,"column":null}},"14":{"start":{"line":47,"column":8},"end":{"line":47,"column":null}},"15":{"start":{"line":48,"column":8},"end":{"line":48,"column":null}},"16":{"start":{"line":51,"column":4},"end":{"line":51,"column":null}},"17":{"start":{"line":53,"column":26},"end":{"line":57,"column":null}},"18":{"start":{"line":59,"column":4},"end":{"line":59,"column":null}},"19":{"start":{"line":62,"column":2},"end":{"line":133,"column":null}},"20":{"start":{"line":73,"column":18},"end":{"line":73,"column":null}},"21":{"start":{"line":81,"column":37},"end":{"line":81,"column":null}},"22":{"start":{"line":84,"column":18},"end":{"line":87,"column":null}},"23":{"start":{"line":98,"column":41},"end":{"line":98,"column":null}},"24":{"start":{"line":103,"column":18},"end":{"line":106,"column":null}},"25":{"start":{"line":107,"column":18},"end":{"line":107,"column":null}},"26":{"start":{"line":118,"column":16},"end":{"line":118,"column":null}}},"fnMap":{"0":{"name":"(anonymous_0)","decl":{"start":{"line":28,"column":57},"end":{"line":28,"column":58}},"loc":{"start":{"line":28,"column":73},"end":{"line":135,"column":null}}},"1":{"name":"(anonymous_1)","decl":{"start":{"line":36,"column":23},"end":{"line":36,"column":24}},"loc":{"start":{"line":36,"column":79},"end":{"line":60,"column":null}}},"2":{"name":"(anonymous_2)","decl":{"start":{"line":72,"column":26},"end":{"line":72,"column":27}},"loc":{"start":{"line":73,"column":18},"end":{"line":73,"column":null}}},"3":{"name":"(anonymous_3)","decl":{"start":{"line":81,"column":26},"end":{"line":81,"column":27}},"loc":{"start":{"line":81,"column":37},"end":{"line":81,"column":null}}},"4":{"name":"(anonymous_4)","decl":{"start":{"line":83,"column":28},"end":{"line":83,"column":29}},"loc":{"start":{"line":83,"column":39},"end":{"line":89,"column":17}}},"5":{"name":"(anonymous_5)","decl":{"start":{"line":98,"column":35},"end":{"line":98,"column":41}},"loc":{"start":{"line":98,"column":41},"end":{"line":98,"column":null}}},"6":{"name":"(anonymous_6)","decl":{"start":{"line":102,"column":25},"end":{"line":102,"column":31}},"loc":{"start":{"line":102,"column":31},"end":{"line":108,"column":null}}},"7":{"name":"(anonymous_7)","decl":{"start":{"line":117,"column":24},"end":{"line":117,"column":25}},"loc":{"start":{"line":117,"column":35},"end":{"line":119,"column":null}}}},"branchMap":{"0":{"loc":{"start":{"line":33,"column":49},"end":{"line":33,"column":72}},"type":"binary-expr","locations":[{"start":{"line":33,"column":49},"end":{"line":33,"column":70}},{"start":{"line":33,"column":70},"end":{"line":33,"column":72}}]},"1":{"loc":{"start":{"line":39,"column":4},"end":{"line":49,"column":null}},"type":"switch","locations":[{"start":{"line":40,"column":6},"end":{"line":42,"column":null}},{"start":{"line":43,"column":6},"end":{"line":45,"column":null}},{"start":{"line":46,"column":6},"end":{"line":48,"column":null}}]},"2":{"loc":{"start":{"line":128,"column":32},"end":{"line":128,"column":52}},"type":"cond-expr","locations":[{"start":{"line":128,"column":44},"end":{"line":128,"column":48}},{"start":{"line":128,"column":48},"end":{"line":128,"column":52}}]}},"s":{"0":1,"1":1,"2":0,"3":0,"4":0,"5":0,"6":0,"7":0,"8":0,"9":0,"10":0,"11":0,"12":0,"13":0,"14":0,"15":0,"16":0,"17":0,"18":0,"19":0,"20":0,"21":0,"22":0,"23":0,"24":0,"25":0,"26":0},"f":{"0":0,"1":0,"2":0,"3":0,"4":0,"5":0,"6":0,"7":0},"b":{"0":[0,0],"1":[0,0,0],"2":[0,0]}}
[...]
t":{"line":555,"column":8},"end":{"line":556,"column":null}}},"60":{"name":"(anonymous_60)","decl":{"start":{"line":564,"column":2},"end":{"line":564,"column":19}},"loc":{"start":{"line":564,"column":19},"end":{"line":566,"column":null}}},"61":{"name":"(anonymous_61)","decl":{"start":{"line":570,"column":2},"end":{"line":570,"column":17}},"loc":{"start":{"line":570,"column":45},"end":{"line":572,"column":null}}},"62":{"name":"(anonymous_62)","decl":{"start":{"line":576,"column":2},"end":{"line":576,"column":18}},"loc":{"start":{"line":576,"column":18},"end":{"line":578,"column":null}}},"63":{"name":"(anonymous_63)","decl":{"start":{"line":582,"column":2},"end":{"line":582,"column":16}},"loc":{"start":{"line":582,"column":37},"end":{"line":584,"column":null}}},"64":{"name":"(anonymous_64)","decl":{"start":{"line":588,"column":2},"end":{"line":588,"column":22}},"loc":{"start":{"line":588,"column":22},"end":{"line":590,"column":null}}},"65":{"name":"(anonymous_65)","decl":{"start":{"line":594,"column":2},"end":{"line":594,"column":20}},"loc":{"start":{"line":594,"column":47},"end":{"line":596,"column":null}}},"66":{"name":"(anonymous_66)","decl":{"start":{"line":600,"column":2},"end":{"line":600,"column":11}},"loc":{"start":{"line":600,"column":11},"end":{"line":602,"column":null}}},"67":{"name":"(anonymous_67)","decl":{"start":{"line":606,"column":2},"end":{"line":606,"column":9}},"loc":{"start":{"line":606,"column":22},"end":{"line":608,"column":null}}},"68":{"name":"(anonymous_68)","decl":{"start":{"line":612,"column":2},"end":{"line":612,"column":20}},"loc":{"start":{"line":612,"column":20},"end":{"line":614,"column":null}}},"69":{"name":"(anonymous_69)","decl":{"start":{"line":618,"column":2},"end":{"line":618,"column":18}},"loc":{"start":{"line":618,"column":38},"end":{"line":620,"column":null}}},"70":{"name":"(anonymous_70)","decl":{"start":{"line":634,"column":2},"end":{"line":634,"column":14}},"loc":{"start":{"line":634,"column":35},"end":{"line":641,"column":null}}},"71":{"name":"(anonymous_71)","decl":{"start":{"line":645,"column":2},"end":{"line":645,"column":10}},"loc":{"start":{"line":645,"column":31},"end":{"line":647,"column":null}}},"72":{"name":"(anonymous_72)","decl":{"start":{"line":651,"column":2},"end":{"line":651,"column":16}},"loc":{"start":{"line":651,"column":37},"end":{"line":653,"column":null}}},"73":{"name":"(anonymous_73)","decl":{"start":{"line":657,"column":2},"end":{"line":657,"column":20}},"loc":{"start":{"line":657,"column":46},"end":{"line":659,"column":null}}},"74":{"name":"(anonymous_74)","decl":{"start":{"line":663,"column":2},"end":{"line":663,"column":22}},"loc":{"start":{"line":663,"column":22},"end":{"line":665,"column":null}}},"75":{"name":"(anonymous_75)","decl":{"start":{"line":670,"column":2},"end":{"line":670,"column":17}},"loc":{"start":{"line":670,"column":39},"end":{"line":672,"column":null}}},"76":{"name":"(anonymous_76)","decl":{"start":{"line":676,"column":2},"end":{"line":676,"column":19}},"loc":{"start":{"line":676,"column":19},"end":{"line":678,"column":null}}},"77":{"name":"(anonymous_77)","decl":{"start":{"line":685,"column":2},"end":{"line":685,"column":14}},"loc":{"start":{"line":685,"column":33},"end":{"line":688,"column":null}}},"78":{"name":"(anonymous_78)","decl":{"start":{"line":692,"column":7},"end":{"line":692,"column":12}},"loc":{"start":{"line":692,"column":7},"end":{"line":692,"column":null}}}},"branchMap":{"0":{"loc":{"start":{"line":123,"column":8},"end":{"line":124,"column":null}},"type":"binary-expr","locations":[{"start":{"line":123,"column":8},"end":{"line":123,"column":null}},{"start":{"line":124,"column":8},"end":{"line":124,"column":null}}]},"1":{"loc":{"start":{"line":128,"column":11},"end":{"line":128,"column":null}},"type":"binary-expr","locations":[{"start":{"line":128,"column":11},"end":{"line":128,"column":25}},{"start":{"line":128,"column":25},"end":{"line":128,"column":null}}]},"2":{"loc":{"start":{"line":148,"column":4},"end":{"line":150,"column":null}},"type":"if","locations":[{"start":{"line":148,"column":4},"end":{"line":150,"column":null}},{"start":{"line":148,"column":4},"end":{"line":150,"column":null}}]},"3":{"loc":{"start":{"line":162,"column":8},"end":{"line":166,"column":null}},"type":"if","locations":[{"start":{"line":162,"column":8},"end":{"line":166,"column":null}},{"start":{"line":162,"column":8},"end":{"line":166,"column":null}}]},"4":{"loc":{"start":{"line":170,"column":8},"end":{"line":174,"column":null}},"type":"if","locations":[{"start":{"line":170,"column":8},"end":{"line":174,"column":null}},{"start":{"line":170,"column":8},"end":{"line":174,"column":null}}]},"5":{"loc":{"start":{"line":190,"column":8},"end":{"line":194,"column":null}},"type":"if","locations":[{"start":{"line":190,"column":8},"end":{"line":194,"column":null}},{"start":{"line":190,"column":8},"end":{"line":194,"column":null}}]},"6":{"loc":{"start":{"line":198,"column":8},"end":{"line":202,"column":null}},"type":"if","locations":[{"start":{"line":198,"column":8},"end":{"line":202,"column":null}},{"start":{"line":198,"column":8},"end":{"line":202,"column":null}}]},"7":{"loc":{"start":{"line":216,"column":4},"end":{"line":218,"column":null}},"type":"if","locations":[{"start":{"line":216,"column":4},"end":{"line":218,"column":null}},{"start":{"line":216,"column":4},"end":{"line":218,"column":null}}]},"8":{"loc":{"start":{"line":231,"column":8},"end":{"line":234,"column":null}},"type":"if","locations":[{"start":{"line":231,"column":8},"end":{"line":234,"column":null}},{"start":{"line":231,"column":8},"end":{"line":234,"column":null}}]},"9":{"loc":{"start":{"line":239,"column":8},"end":{"line":242,"column":null}},"type":"if","locations":[{"start":{"line":239,"column":8},"end":{"line":242,"column":null}},{"start":{"line":239,"column":8},"end":{"line":242,"column":null}}]},"10":{"loc":{"start":{"line":248,"column":8},"end":{"line":250,"column":null}},"type":"if","locations":[{"start":{"line":248,"column":8},"end":{"line":250,"column":null}},{"start":{"line":248,"column":8},"end":{"line":250,"column":null}}]},"11":{"loc":{"start":{"line":253,"column":8},"end":{"line":271,"column":null}},"type":"switch","locations":[{"start":{"line":254,"column":10},"end":{"line":261,"column":null}},{"start":{"line":262,"column":10},"end":{"line":264,"column":null}},{"start":{"line":265,"column":10},"end":{"line":267,"column":null}},{"start":{"line":268,"column":10},"end":{"line":270,"column":null}}]},"12":{"loc":{"start":{"line":257,"column":12},"end":{"line":259,"column":null}},"type":"cond-expr","locations":[{"start":{"line":258,"column":17},"end":{"line":258,"column":null}},{"start":{"line":259,"column":17},"end":{"line":259,"column":null}}]},"13":{"loc":{"start":{"line":298,"column":4},"end":{"line":304,"column":null}},"type":"if","locations":[{"start":{"line":298,"column":4},"end":{"line":304,"column":null}},{"start":{"line":302,"column":11},"end":{"line":304,"column":null}}]},"14":{"loc":{"start":{"line":298,"column":8},"end":{"line":298,"column":25}},"type":"binary-expr","locations":[{"start":{"line":298,"column":8},"end":{"line":298,"column":18}},{"start":{"line":298,"column":18},"end":{"line":298,"column":25}}]},"15":{"loc":{"start":{"line":314,"column":4},"end":{"line":320,"column":null}},"type":"if","locations":[{"start":{"line":314,"column":4},"end":{"line":320,"column":null}},{"start":{"line":318,"column":11},"end":{"line":320,"column":null}}]},"16":{"loc":{"start":{"line":314,"column":8},"end":{"line":314,"column":25}},"type":"binary-expr","locations":[{"start":{"line":314,"column":8},"end":{"line":314,"column":18}},{"start":{"line":314,"column":18},"end":{"line":314,"column":25}}]},"17":{"loc":{"start":{"line":328,"column":4},"end":{"line":334,"column":null}},"type":"if","locations":[{"start":{"line":328,"column":4},"end":{"line":334,"column":null}},{"start":{"line":332,"column":11},"end":{"line":334,"column":null}}]},"18":{"loc":{"start":{"line":328,"column":8},"end":{"line":328,"column":25}},"type":"binary-expr","locations":[{"start":{"line":328,"column":8},"end":{"line":328,"column":18}},{"start":{"line":328,"column":18},"end":{"line":328,"column":25}}]},"19":{"loc":{"start":{"line":346,"column":4},"end":{"line":359,"column":null}},"type":"if","locations":[{"start":{"line":346,"column":4},"end":{"line":359,"column":null}},{"start":{"line":357,"column":11},"end":{"line":359,"column":null}}]},"20":{"loc":{"start":{"line":346,"column":8},"end":{"line":346,"column":25}},"type":"binary-expr","locations":[{"start":{"line":346,"column":8},"end":{"line":346,"column":18}},{"start":{"line":346,"column":18},"end":{"line":346,"column":25}}]},"21":{"loc":{"start":{"line":368,"column":4},"end":{"line":381,"column":null}},"type":"if","locations":[{"start":{"line":368,"column":4},"end":{"line":381,"column":null}},{"start":{"line":379,"column":11},"end":{"line":381,"column":null}}]},"22":{"loc":{"start":{"line":368,"column":8},"end":{"line":368,"column":25}},"type":"binary-expr","locations":[{"start":{"line":368,"column":8},"end":{"line":368,"column":18}},{"start":{"line":368,"column":18},"end":{"line":368,"column":25}}]},"23":{"loc":{"start":{"line":390,"column":4},"end":{"line":403,"column":null}},"type":"if","locations":[{"start":{"line":390,"column":4},"end":{"line":403,"column":null}},{"start":{"line":401,"column":11},"end":{"line":403,"column":null}}]},"24":{"loc":{"start":{"line":390,"column":8},"end":{"line":390,"column":25}},"type":"binary-expr","locations":[{"start":{"line":390,"column":8},"end":{"line":390,"column":18}},{"start":{"line":390,"column":18},"end":{"line":390,"column":25}}]},"25":{"loc":{"start":{"line":416,"column":4},"end":{"line":429,"column":null}},"type":"if","locations":[{"start":{"line":416,"column":4},"end":{"line":429,"column":null}},{"start":{"line":427,"column":11},"end":{"line":429,"column":null}}]},"26":{"loc":{"start":{"line":416,"column":8},"end":{"line":416,"column":25}},"type":"binary-expr","locations":[{"start":{"line":416,"column":8},"end":{"line":416,"column":18}},{"start":{"line":416,"column":18},"end":{"line":416,"column":25}}]},"27":{"loc":{"start":{"line":440,"column":4},"end":{"line":446,"column":null}},"type":"if","locations":[{"start":{"line":440,"column":4},"end":{"line":446,"column":null}},{"start":{"line":444,"column":11},"end":{"line":446,"column":null}}]},"28":{"loc":{"start":{"line":440,"column":8},"end":{"line":440,"column":24}},"type":"binary-expr","locations":[{"start":{"line":440,"column":8},"end":{"line":440,"column":18}},{"start":{"line":440,"column":18},"end":{"line":440,"column":24}}]},"29":{"loc":{"start":{"line":455,"column":4},"end":{"line":462,"column":null}},"type":"if","locations":[{"start":{"line":455,"column":4},"end":{"line":462,"column":null}},{"start":{"line":460,"column":11},"end":{"line":462,"column":null}}]},"30":{"loc":{"start":{"line":555,"column":8},"end":{"line":556,"column":null}},"type":"binary-expr","locations":[{"start":{"line":555,"column":8},"end":{"line":555,"column":null}},{"start":{"line":556,"column":8},"end":{"line":556,"column":null}}]},"31":{"loc":{"start":{"line":559,"column":11},"end":{"line":559,"column":null}},"type":"binary-expr","locations":[{"start":{"line":559,"column":11},"end":{"line":559,"column":25}},{"start":{"line":559,"column":25},"end":{"line":559,"column":null}}]},"32":{"loc":{"start":{"line":692,"column":12},"end":{"line":692,"column":null}},"type":"binary-expr","locations":[{"start":{"line":692,"column":12},"end":{"line":692,"column":null}},{"start":{"line":692,"column":12},"end":{"line":692,"column":null}}]}},"s":{"0":8,"1":8,"2":8,"3":8,"4":8,"5":96,"6":88,"7":48,"8":48,"9":72,"10":48,"11":72,"12":0,"13":0,"14":0,"15":0,"16":0,"17":0,"18":0,"19":0,"20":0,"21":0,"22":0,"23":0,"24":0,"25":0,"26":0,"27":0,"28":0,"29":0,"30":0,"31":0,"32":0,"33":8,"34":0,"35":8,"36":8,"37":8,"38":8,"39":8,"40":8,"41":48,"42":48,"43":8,"44":8,"45":48,"46":48,"47":16,"48":16,"49":48,"50":8,"51":0,"52":0,"53":0,"54":0,"55":0,"56":0,"57":0,"58":0,"59":0,"60":0,"61":0,"62":8,"63":8,"64":0,"65":8,"66":8,"67":8,"68":8,"69":8,"70":48,"71":48,"72":0,"73":48,"74":48,"75":0,"76":48,"77":96,"78":48,"79":0,"80":48,"81":0,"82":0,"83":0,"84":0,"85":0,"86":0,"87":0,"88":0,"89":8,"90":0,"91":0,"92":0,"93":0,"94":0,"95":0,"96":0,"97":0,"98":0,"99":0,"100":0,"101":0,"102":0,"103":0,"104":0,"105":0,"106":0,"107":0,"108":0,"109":0,"110":0,"111":0,"112":0,"113":0,"114":0,"115":0,"116":0,"117":0,"118":0,"119":0,"120":0,"121":0,"122":0,"123":0,"124":0,"125":0,"126":0,"127":0,"128":0,"129":0,"130":0,"131":0,"132":0,"133":0,"134":0,"135":0,"136":0,"137":0,"138":0,"139":0,"140":0,"141":0,"142":0,"143":30,"144":30,"145":30,"146":16,"147":48,"148":56,"149":0,"150":0,"151":0,"152":37,"153":37,"154":37,"155":37,"156":37,"157":37,"158":37,"159":52,"160":52,"161":52,"162":0,"163":0,"164":32,"165":0,"166":0,"167":1,"168":3,"169":0,"170":0,"171":0,"172":0,"173":13,"174":1,"175":12,"176":0,"177":12,"178":0,"179":0,"180":0,"181":0,"182":0,"183":52,"184":52,"185":52,"186":52,"187":52,"188":52,"189":0,"190":0,"191":52,"192":0,"193":52,"194":0,"195":0,"196":0,"197":8,"198":8,"199":8,"200":8,"201":8,"202":8,"203":8},"f":{"0":8,"1":8,"2":96,"3":88,"4":48,"5":48,"6":72,"7":48,"8":72,"9":0,"10":0,"11":0,"12":0,"13":0,"14":0,"15":0,"16":0,"17":0,"18":0,"19":0,"20":0,"21":0,"22":0,"23":0,"24":0,"25":0,"26":8,"27":48,"28":0,"29":8,"30":48,"31":96,"32":0,"33":0,"34":0,"35":0,"36":0,"37":0,"38":0,"39":0,"40":0,"41":0,"42":30,"43":16,"44":48,"45":56,"46":0,"47":0,"48":0,"49":37,"50":52,"51":0,"52":0,"53":32,"54":0,"55":0,"56":1,"57":3,"58":0,"59":0,"60":13,"61":1,"62":12,"63":0,"64":12,"65":0,"66":0,"67":0,"68":0,"69":0,"70":52,"71":0,"72":0,"73":52,"74":0,"75":52,"76":0,"77":0,"78":8},"b":{"0":[0,0],"1":[0,0],"2":[0,8],"3":[8,40],"4":[16,32],"5":[0,0],"6":[0,0],"7":[0,8],"8":[0,48],"9":[0,48],"10":[0,48],"11":[0,0,0,0],"12":[0,0],"13":[0,0],"14":[0,0],"15":[0,0],"16":[0,0],"17":[0,0],"18":[0,0],"19":[0,0],"20":[0,0],"21":[0,0],"22":[0,0],"23":[0,0],"24":[0,0],"25":[0,0],"26":[0,0],"27":[0,0],"28":[0,0],"29":[0,0],"30":[0,0],"31":[0,0],"32":[8,8]}}
,"C:/Users/mafer/Documents/GitHub/UInnovate/UInnovateApp/src/virtualmodel/__mocks__/DataAccessor.tsx": {"path":"C:/Users/mafer/Documents/GitHub/UInnovate/UInnovateApp/src/virtualmodel/__mocks__/DataAccessor.tsx","statementMap":{"0":{"start":{"line":8,"column":14},"end":{"line":11,"column":null}},"1":{"start":{"line":9,"column":4},"end":{"line":9,"column":null}},"2":{"start":{"line":10,"column":4},"end":{"line":10,"column":null}},"3":{"start":{"line":13,"column":11},"end":{"line":16,"column":null}},"4":{"start":{"line":14,"column":4},"end":{"line":14,"column":null}},"5":{"start":{"line":15,"column":4},"end":{"line":15,"column":null}}},"fnMap":{"0":{"name":"(anonymous_0)","decl":{"start":{"line":6,"column":2},"end":{"line":6,"column":16}},"loc":{"start":{"line":6,"column":16},"end":{"line":6,"column":null}}},"1":{"name":"(anonymous_1)","decl":{"start":{"line":8,"column":41},"end":{"line":8,"column":47}},"loc":{"start":{"line":8,"column":47},"end":{"line":11,"column":3}}},"2":{"name":"(anonymous_2)","decl":{"start":{"line":13,"column":38},"end":{"line":13,"column":44}},"loc":{"start":{"line":13,"column":44},"end":{"line":16,"column":3}}}},"branchMap":{},"s":{"0":21,"1":19,"2":19,"3":21,"4":2,"5":2},"f":{"0":21,"1":19,"2":2},"b":{}}
,"C:/Users/mafer/Documents/GitHub/UInnovate/UInnovateApp/src/virtualmodel/__mocks__/FunctionAccessor.tsx": {"path":"C:/Users/mafer/Documents/GitHub/UInnovate/UInnovateApp/src/virtualmodel/__mocks__/FunctionAccessor.tsx","statementMap":{"0":{"start":{"line":6,"column":12},"end":{"line":8,"column":null}},"1":{"start":{"line":7,"column":4},"end":{"line":7,"column":null}},"2":{"start":{"line":10,"column":20},"end":{"line":13,"column":null}},"3":{"start":{"line":11,"column":4},"end":{"line":11,"column":null}},"4":{"start":{"line":12,"column":4},"end":{"line":12,"column":null}}},"fnMap":{"0":{"name":"(anonymous_0)","decl":{"start":{"line":4,"column":2},"end":{"line":4,"column":16}},"loc":{"start":{"line":4,"column":16},"end":{"line":4,"column":null}}},"1":{"name":"(anonymous_1)","decl":{"start":{"line":6,"column":39},"end":{"line":6,"column":45}},"loc":{"start":{"line":6,"column":45},"end":{"line":8,"column":3}}},"2":{"name":"(anonymous_2)","decl":{"start":{"line":10,"column":47},"end":{"line":10,"column":53}},"loc":{"start":{"line":10,"column":53},"end":{"line":13,"column":3}}}},"branchMap":{},"s":{"0":15,"1":1,"2":15,"3":1,"4":1},"f":{"0":15,"1":1,"2":1},"b":{}}
,"C:/Users/mafer/Documents/GitHub/UInnovate/UInnovateApp/src/virtualmodel/__mocks__/VMD.tsx": {"path":"C:/Users/mafer/Documents/GitHub/UInnovate/UInnovateApp/src/virtualmodel/__mocks__/VMD.tsx","statementMap":{"0":{"start":{"line":11,"column":4},"end":{"line":11,"column":null}},"1":{"start":{"line":12,"column":4},"end":{"line":12,"column":null}},"2":{"start":{"line":15,"column":4},"end":{"line":15,"column":null}},"3":{"start":{"line":16,"column":4},"end":{"line":16,"column":null}},"4":{"start":{"line":19,"column":4},"end":{"line":19,"column":null}},"5":{"start":{"line":20,"column":4},"end":{"line":20,"column":null}},"6":{"start":{"line":23,"column":4},"end":{"line":23,"column":null}},"7":{"start":{"line":24,"column":4},"end":{"line":24,"column":null}},"8":{"start":{"line":27,"column":4},"end":{"line":27,"column":null}},"9":{"start":{"line":28,"column":4},"end":{"line":31,"column":null}},"10":{"start":{"line":34,"column":4},"end":{"line":34,"column":null}},"11":{"start":{"line":35,"column":4},"end":{"line":35,"column":null}},"12":{"start":{"line":38,"column":4},"end":{"line":38,"column":null}},"13":{"start":{"line":39,"column":4},"end":{"line":39,"column":null}},"14":{"start":{"line":42,"column":4},"end":{"line":42,"column":null}},"15":{"start":{"line":45,"column":4},"end":{"line":45,"column":null}},"16":{"start":{"line":46,"column":4},"end":{"line":46,"column":null}},"17":{"start":{"line":49,"column":4},"end":{"line":49,"column":null}},"18":{"start":{"line":50,"column":4},"end":{"line":50,"column":null}}},"fnMap":{"0":{"name":"(anonymous_0)","decl":{"start":{"line":10,"column":50},"end":{"line":10,"column":56}},"loc":{"start":{"line":10,"column":56},"end":{"line":13,"column":3}}},"1":{"name":"(anonymous_1)","decl":{"start":{"line":14,"column":58},"end":{"line":14,"column":64}},"loc":{"start":{"line":14,"column":64},"end":{"line":17,"column":3}}},"2":{"name":"(anonymous_2)","decl":{"start":{"line":18,"column":52},"end":{"line":18,"column":58}},"loc":{"start":{"line":18,"column":58},"end":{"line":21,"column":3}}},"3":{"name":"(anonymous_3)","decl":{"start":{"line":22,"column":40},"end":{"line":22,"column":46}},"loc":{"start":{"line":22,"column":46},"end":{"line":25,"column":3}}},"4":{"name":"(anonymous_4)","decl":{"start":{"line":26,"column":41},"end":{"line":26,"column":47}},"loc":{"start":{"line":26,"column":47},"end":{"line":32,"column":3}}},"5":{"name":"(anonymous_5)","decl":{"start":{"line":33,"column":39},"end":{"line":33,"column":45}},"loc":{"start":{"line":33,"column":45},"end":{"line":36,"column":3}}},"6":{"name":"(anonymous_6)","decl":{"start":{"line":37,"column":45},"end":{"line":37,"column":51}},"loc":{"start":{"line":37,"column":51},"end":{"line":40,"column":3}}},"7":{"name":"(anonymous_7)","decl":{"start":{"line":41,"column":43},"end":{"line":41,"column":49}},"loc":{"start":{"line":41,"column":49},"end":{"line":43,"column":3}}},"8":{"name":"(anonymous_8)","decl":{"start":{"line":44,"column":50},"end":{"line":44,"column":56}},"loc":{"start":{"line":44,"column":56},"end":{"line":47,"column":3}}},"9":{"name":"(anonymous_9)","decl":{"start":{"line":48,"column":54},"end":{"line":48,"column":60}},"loc":{"start":{"line":48,"column":60},"end":{"line":51,"column":3}}}},"branchMap":{},"s":{"0":12,"1":12,"2":1,"3":1,"4":2,"5":2,"6":9,"7":9,"8":19,"9":19,"10":9,"11":9,"12":13,"13":13,"14":3,"15":15,"16":15,"17":6,"18":6},"f":{"0":12,"1":1,"2":2,"3":9,"4":19,"5":9,"6":13,"7":3,"8":15,"9":6},"b":{}}
}
