{"total": {"lines":{"total":803,"covered":386,"skipped":0,"pct":48.06},"statements":{"total":830,"covered":397,"skipped":0,"pct":47.83},"functions":{"total":282,"covered":117,"skipped":0,"pct":41.48},"branches":{"total":262,"covered":66,"skipped":0,"pct":25.19},"branchesTrue":{"total":0,"covered":0,"skipped":0,"pct":100}}
,"C:/Users/mafer/Documents/GitHub/UInnovate/UInnovateApp/src/components/AddRowPopup.tsx": {"lines":{"total":18,"covered":1,"skipped":0,"pct":5.55},"functions":{"total":4,"covered":0,"skipped":0,"pct":0},"statements":{"total":18,"covered":1,"skipped":0,"pct":5.55},"branches":{"total":4,"covered":0,"skipped":0,"pct":0}}
,"C:/Users/mafer/Documents/GitHub/UInnovate/UInnovateApp/src/components/NavBar.tsx": {"lines":{"total":1,"covered":1,"skipped":0,"pct":100},"functions":{"total":1,"covered":1,"skipped":0,"pct":100},"statements":{"total":1,"covered":1,"skipped":0,"pct":100},"branches":{"total":3,"covered":2,"skipped":0,"pct":66.66}}
,"C:/Users/mafer/Documents/GitHub/UInnovate/UInnovateApp/src/components/TableListView.tsx": {"lines":{"total":125,"covered":71,"skipped":0,"pct":56.8},"functions":{"total":38,"covered":14,"skipped":0,"pct":36.84},"statements":{"total":130,"covered":73,"skipped":0,"pct":56.15},"branches":{"total":67,"covered":20,"skipped":0,"pct":29.85}}
,"C:/Users/mafer/Documents/GitHub/UInnovate/UInnovateApp/src/components/Schema/DisplayType.tsx": {"lines":{"total":4,"covered":4,"skipped":0,"pct":100},"functions":{"total":1,"covered":1,"skipped":0,"pct":100},"statements":{"total":5,"covered":5,"skipped":0,"pct":100},"branches":{"total":2,"covered":2,"skipped":0,"pct":100}}
,"C:/Users/mafer/Documents/GitHub/UInnovate/UInnovateApp/src/components/Schema/SchemaSelector.tsx": {"lines":{"total":20,"covered":12,"skipped":0,"pct":60},"functions":{"total":8,"covered":4,"skipped":0,"pct":50},"statements":{"total":20,"covered":12,"skipped":0,"pct":60},"branches":{"total":9,"covered":3,"skipped":0,"pct":33.33}}
,"C:/Users/mafer/Documents/GitHub/UInnovate/UInnovateApp/src/components/SlidingComponents/LookUpTableDetails.tsx": {"lines":{"total":52,"covered":1,"skipped":0,"pct":1.92},"functions":{"total":13,"covered":0,"skipped":0,"pct":0},"statements":{"total":54,"covered":1,"skipped":0,"pct":1.85},"branches":{"total":24,"covered":0,"skipped":0,"pct":0}}
,"C:/Users/mafer/Documents/GitHub/UInnovate/UInnovateApp/src/components/settingsPage/AddUserModal.tsx": {"lines":{"total":23,"covered":17,"skipped":0,"pct":73.91},"functions":{"total":10,"covered":6,"skipped":0,"pct":60},"statements":{"total":24,"covered":18,"skipped":0,"pct":75},"branches":{"total":0,"covered":0,"skipped":0,"pct":100}}
,"C:/Users/mafer/Documents/GitHub/UInnovate/UInnovateApp/src/components/settingsPage/ButtonConfigurationSaver.tsx": {"lines":{"total":10,"covered":8,"skipped":0,"pct":80},"functions":{"total":3,"covered":2,"skipped":0,"pct":66.66},"statements":{"total":10,"covered":8,"skipped":0,"pct":80},"branches":{"total":0,"covered":0,"skipped":0,"pct":100}}
,"C:/Users/mafer/Documents/GitHub/UInnovate/UInnovateApp/src/components/settingsPage/ColumnConfig.tsx": {"lines":{"total":14,"covered":10,"skipped":0,"pct":71.42},"functions":{"total":7,"covered":5,"skipped":0,"pct":71.42},"statements":{"total":14,"covered":10,"skipped":0,"pct":71.42},"branches":{"total":2,"covered":2,"skipped":0,"pct":100}}
,"C:/Users/mafer/Documents/GitHub/UInnovate/UInnovateApp/src/components/settingsPage/ConfigurationSaver.tsx": {"lines":{"total":23,"covered":17,"skipped":0,"pct":73.91},"functions":{"total":6,"covered":4,"skipped":0,"pct":66.66},"statements":{"total":23,"covered":17,"skipped":0,"pct":73.91},"branches":{"total":2,"covered":0,"skipped":0,"pct":0}}
,"C:/Users/mafer/Documents/GitHub/UInnovate/UInnovateApp/src/components/settingsPage/DisplayTab.tsx": {"lines":{"total":8,"covered":8,"skipped":0,"pct":100},"functions":{"total":4,"covered":4,"skipped":0,"pct":100},"statements":{"total":8,"covered":8,"skipped":0,"pct":100},"branches":{"total":0,"covered":0,"skipped":0,"pct":100}}
,"C:/Users/mafer/Documents/GitHub/UInnovate/UInnovateApp/src/components/settingsPage/GeneralTab.tsx": {"lines":{"total":2,"covered":2,"skipped":0,"pct":100},"functions":{"total":1,"covered":1,"skipped":0,"pct":100},"statements":{"total":2,"covered":2,"skipped":0,"pct":100},"branches":{"total":0,"covered":0,"skipped":0,"pct":100}}
,"C:/Users/mafer/Documents/GitHub/UInnovate/UInnovateApp/src/components/settingsPage/InternationalizationTab.tsx": {"lines":{"total":26,"covered":19,"skipped":0,"pct":73.07},"functions":{"total":6,"covered":3,"skipped":0,"pct":50},"statements":{"total":26,"covered":19,"skipped":0,"pct":73.07},"branches":{"total":4,"covered":3,"skipped":0,"pct":75}}
,"C:/Users/mafer/Documents/GitHub/UInnovate/UInnovateApp/src/components/settingsPage/LookupSetting.tsx": {"lines":{"total":52,"covered":7,"skipped":0,"pct":13.46},"functions":{"total":21,"covered":1,"skipped":0,"pct":4.76},"statements":{"total":58,"covered":7,"skipped":0,"pct":12.06},"branches":{"total":29,"covered":1,"skipped":0,"pct":3.44}}
,"C:/Users/mafer/Documents/GitHub/UInnovate/UInnovateApp/src/components/settingsPage/ScriptEditor.tsx": {"lines":{"total":27,"covered":2,"skipped":0,"pct":7.4},"functions":{"total":8,"covered":0,"skipped":0,"pct":0},"statements":{"total":27,"covered":2,"skipped":0,"pct":7.4},"branches":{"total":7,"covered":0,"skipped":0,"pct":0}}
,"C:/Users/mafer/Documents/GitHub/UInnovate/UInnovateApp/src/components/settingsPage/ScriptingTab.tsx": {"lines":{"total":34,"covered":19,"skipped":0,"pct":55.88},"functions":{"total":10,"covered":3,"skipped":0,"pct":30},"statements":{"total":34,"covered":19,"skipped":0,"pct":55.88},"branches":{"total":12,"covered":3,"skipped":0,"pct":25}}
,"C:/Users/mafer/Documents/GitHub/UInnovate/UInnovateApp/src/components/settingsPage/TableConfigTab.tsx": {"lines":{"total":22,"covered":15,"skipped":0,"pct":68.18},"functions":{"total":5,"covered":3,"skipped":0,"pct":60},"statements":{"total":22,"covered":15,"skipped":0,"pct":68.18},"branches":{"total":2,"covered":1,"skipped":0,"pct":50}}
,"C:/Users/mafer/Documents/GitHub/UInnovate/UInnovateApp/src/components/settingsPage/UserMangementTab.tsx": {"lines":{"total":28,"covered":16,"skipped":0,"pct":57.14},"functions":{"total":17,"covered":6,"skipped":0,"pct":35.29},"statements":{"total":30,"covered":16,"skipped":0,"pct":53.33},"branches":{"total":12,"covered":4,"skipped":0,"pct":33.33}}
,"C:/Users/mafer/Documents/GitHub/UInnovate/UInnovateApp/src/contexts/ConfigContext.tsx": {"lines":{"total":22,"covered":21,"skipped":0,"pct":95.45},"functions":{"total":5,"covered":5,"skipped":0,"pct":100},"statements":{"total":22,"covered":21,"skipped":0,"pct":95.45},"branches":{"total":9,"covered":8,"skipped":0,"pct":88.88}}
,"C:/Users/mafer/Documents/GitHub/UInnovate/UInnovateApp/src/pages/Settings.tsx": {"lines":{"total":1,"covered":1,"skipped":0,"pct":100},"functions":{"total":1,"covered":1,"skipped":0,"pct":100},"statements":{"total":1,"covered":1,"skipped":0,"pct":100},"branches":{"total":0,"covered":0,"skipped":0,"pct":100}}
,"C:/Users/mafer/Documents/GitHub/UInnovate/UInnovateApp/src/redux/SchemaSlice.tsx": {"lines":{"total":7,"covered":4,"skipped":0,"pct":57.14},"functions":{"total":1,"covered":0,"skipped":0,"pct":0},"statements":{"total":7,"covered":4,"skipped":0,"pct":57.14},"branches":{"total":2,"covered":2,"skipped":0,"pct":100}}
,"C:/Users/mafer/Documents/GitHub/UInnovate/UInnovateApp/src/virtualmodel/Config.ts": {"lines":{"total":16,"covered":13,"skipped":0,"pct":81.25},"functions":{"total":6,"covered":4,"skipped":0,"pct":66.66},"statements":{"total":17,"covered":14,"skipped":0,"pct":82.35},"branches":{"total":2,"covered":2,"skipped":0,"pct":100}}
,"C:/Users/mafer/Documents/GitHub/UInnovate/UInnovateApp/src/virtualmodel/ConfigProperties.ts": {"lines":{"total":8,"covered":8,"skipped":0,"pct":100},"functions":{"total":1,"covered":1,"skipped":0,"pct":100},"statements":{"total":9,"covered":9,"skipped":0,"pct":100},"branches":{"total":2,"covered":2,"skipped":0,"pct":100}}
,"C:/Users/mafer/Documents/GitHub/UInnovate/UInnovateApp/src/virtualmodel/DataAccessor.tsx": {"lines":{"total":24,"covered":1,"skipped":0,"pct":4.16},"functions":{"total":7,"covered":1,"skipped":0,"pct":14.28},"statements":{"total":24,"covered":1,"skipped":0,"pct":4.16},"branches":{"total":0,"covered":0,"skipped":0,"pct":100}}
,"C:/Users/mafer/Documents/GitHub/UInnovate/UInnovateApp/src/virtualmodel/FunctionAccessor.tsx": {"lines":{"total":10,"covered":0,"skipped":0,"pct":0},"functions":{"total":3,"covered":0,"skipped":0,"pct":0},"statements":{"total":10,"covered":0,"skipped":0,"pct":0},"branches":{"total":0,"covered":0,"skipped":0,"pct":100}}
,"C:/Users/mafer/Documents/GitHub/UInnovate/UInnovateApp/src/virtualmodel/VMD.tsx": {"lines":{"total":196,"covered":78,"skipped":0,"pct":39.79},"functions":{"total":79,"covered":31,"skipped":0,"pct":39.24},"statements":{"total":204,"covered":83,"skipped":0,"pct":40.68},"branches":{"total":68,"covered":11,"skipped":0,"pct":16.17}}
,"C:/Users/mafer/Documents/GitHub/UInnovate/UInnovateApp/src/virtualmodel/__mocks__/DataAccessor.tsx": {"lines":{"total":6,"covered":6,"skipped":0,"pct":100},"functions":{"total":3,"covered":3,"skipped":0,"pct":100},"statements":{"total":6,"covered":6,"skipped":0,"pct":100},"branches":{"total":0,"covered":0,"skipped":0,"pct":100}}
,"C:/Users/mafer/Documents/GitHub/UInnovate/UInnovateApp/src/virtualmodel/__mocks__/FunctionAccessor.tsx": {"lines":{"total":5,"covered":5,"skipped":0,"pct":100},"functions":{"total":3,"covered":3,"skipped":0,"pct":100},"statements":{"total":5,"covered":5,"skipped":0,"pct":100},"branches":{"total":0,"covered":0,"skipped":0,"pct":100}}
,"C:/Users/mafer/Documents/GitHub/UInnovate/UInnovateApp/src/virtualmodel/__mocks__/VMD.tsx": {"lines":{"total":19,"covered":19,"skipped":0,"pct":100},"functions":{"total":10,"covered":10,"skipped":0,"pct":100},"statements":{"total":19,"covered":19,"skipped":0,"pct":100},"branches":{"total":0,"covered":0,"skipped":0,"pct":100}}
}
