{"/home/will/concordia/soen-490/UInnovate/UInnovateApp/src/api/AxiosCustom.ts": {"path":"/home/will/concordia/soen-490/UInnovate/UInnovateApp/src/api/AxiosCustom.ts","statementMap":{"0":{"start":{"line":7,"column":20},"end":{"line":7,"column":null}},"1":{"start":{"line":10,"column":0},"end":{"line":38,"column":null}},"2":{"start":{"line":11,"column":16},"end":{"line":11,"column":null}},"3":{"start":{"line":13,"column":24},"end":{"line":13,"column":null}},"4":{"start":{"line":16,"column":4},"end":{"line":34,"column":null}},"5":{"start":{"line":20,"column":6},"end":{"line":20,"column":null}},"6":{"start":{"line":21,"column":6},"end":{"line":21,"column":null}},"7":{"start":{"line":22,"column":39},"end":{"line":25,"column":null}},"8":{"start":{"line":26,"column":23},"end":{"line":28,"column":null}},"9":{"start":{"line":29,"column":6},"end":{"line":29,"column":null}},"10":{"start":{"line":30,"column":20},"end":{"line":30,"column":null}},"11":{"start":{"line":31,"column":6},"end":{"line":31,"column":null}},"12":{"start":{"line":32,"column":6},"end":{"line":32,"column":null}},"13":{"start":{"line":33,"column":6},"end":{"line":33,"column":null}},"14":{"start":{"line":36,"column":4},"end":{"line":36,"column":null}}},"fnMap":{"0":{"name":"(anonymous_0)","decl":{"start":{"line":11,"column":3},"end":{"line":11,"column":16}},"loc":{"start":{"line":11,"column":16},"end":{"line":11,"column":null}}},"1":{"name":"(anonymous_1)","decl":{"start":{"line":12,"column":2},"end":{"line":12,"column":9}},"loc":{"start":{"line":12,"column":19},"end":{"line":37,"column":null}}}},"branchMap":{"0":{"loc":{"start":{"line":16,"column":4},"end":{"line":34,"column":null}},"type":"if","locations":[{"start":{"line":16,"column":4},"end":{"line":34,"column":null}},{"start":{"line":16,"column":4},"end":{"line":34,"column":null}}]},"1":{"loc":{"start":{"line":17,"column":6},"end":{"line":18,"column":null}},"type":"binary-expr","locations":[{"start":{"line":17,"column":6},"end":{"line":17,"column":null}},{"start":{"line":18,"column":4},"end":{"line":18,"column":null}}]}},"s":{"0":25,"1":25,"2":4,"3":1,"4":1,"5":1,"6":1,"7":1,"8":1,"9":1,"10":1,"11":0,"12":0,"13":0,"14":0},"f":{"0":4,"1":1},"b":{"0":[1,0],"1":[1,1]}}
,"/home/will/concordia/soen-490/UInnovate/UInnovateApp/src/components/AddRowPopup.tsx": {"path":"/home/will/concordia/soen-490/UInnovate/UInnovateApp/src/components/AddRowPopup.tsx","statementMap":{"0":{"start":{"line":11,"column":20},"end":{"line":132,"column":null}},"1":{"start":{"line":20,"column":40},"end":{"line":20,"column":null}},"2":{"start":{"line":21,"column":43},"end":{"line":21,"column":null}},"3":{"start":{"line":21,"column":77},"end":{"line":21,"column":87}},"4":{"start":{"line":22,"column":28},"end":{"line":27,"column":null}},"5":{"start":{"line":23,"column":4},"end":{"line":26,"column":null}},"6":{"start":{"line":29,"column":27},"end":{"line":52,"column":null}},"7":{"start":{"line":30,"column":19},"end":{"line":30,"column":null}},"8":{"start":{"line":31,"column":4},"end":{"line":34,"column":null}},"9":{"start":{"line":32,"column":6},"end":{"line":32,"column":null}},"10":{"start":{"line":33,"column":6},"end":{"line":33,"column":null}},"11":{"start":{"line":36,"column":4},"end":{"line":42,"column":null}},"12":{"start":{"line":44,"column":40},"end":{"line":48,"column":null}},"13":{"start":{"line":50,"column":4},"end":{"line":50,"column":null}},"14":{"start":{"line":51,"column":4},"end":{"line":51,"column":null}},"15":{"start":{"line":54,"column":16},"end":{"line":67,"column":null}},"16":{"start":{"line":69,"column":21},"end":{"line":73,"column":null}},"17":{"start":{"line":75,"column":21},"end":{"line":79,"column":null}},"18":{"start":{"line":81,"column":22},"end":{"line":84,"column":null}},"19":{"start":{"line":86,"column":2},"end":{"line":130,"column":null}},"20":{"start":{"line":102,"column":12},"end":{"line":113,"column":null}}},"fnMap":{"0":{"name":"(anonymous_0)","decl":{"start":{"line":11,"column":20},"end":{"line":11,"column":21}},"loc":{"start":{"line":19,"column":6},"end":{"line":132,"column":null}}},"1":{"name":"(anonymous_1)","decl":{"start":{"line":21,"column":55},"end":{"line":21,"column":56}},"loc":{"start":{"line":21,"column":77},"end":{"line":21,"column":87}}},"2":{"name":"(anonymous_2)","decl":{"start":{"line":22,"column":28},"end":{"line":22,"column":29}},"loc":{"start":{"line":22,"column":72},"end":{"line":27,"column":null}}},"3":{"name":"(anonymous_3)","decl":{"start":{"line":29,"column":27},"end":{"line":29,"column":33}},"loc":{"start":{"line":29,"column":33},"end":{"line":52,"column":null}}},"4":{"name":"(anonymous_4)","decl":{"start":{"line":101,"column":23},"end":{"line":101,"column":24}},"loc":{"start":{"line":101,"column":48},"end":{"line":115,"column":11}}}},"branchMap":{"0":{"loc":{"start":{"line":31,"column":4},"end":{"line":34,"column":null}},"type":"if","locations":[{"start":{"line":31,"column":4},"end":{"line":34,"column":null}},{"start":{"line":31,"column":4},"end":{"line":34,"column":null}}]},"1":{"loc":{"start":{"line":37,"column":6},"end":{"line":37,"column":null}},"type":"binary-expr","locations":[{"start":{"line":37,"column":6},"end":{"line":37,"column":22}},{"start":{"line":37,"column":22},"end":{"line":37,"column":null}}]},"2":{"loc":{"start":{"line":40,"column":6},"end":{"line":40,"column":null}},"type":"binary-expr","locations":[{"start":{"line":40,"column":6},"end":{"line":40,"column":29}},{"start":{"line":40,"column":29},"end":{"line":40,"column":null}}]},"3":{"loc":{"start":{"line":95,"column":9},"end":{"line":98,"column":null}},"type":"cond-expr","locations":[{"start":{"line":96,"column":10},"end":{"line":96,"column":null}},{"start":{"line":98,"column":10},"end":{"line":98,"column":null}}]}},"s":{"0":3,"1":3,"2":3,"3":6,"4":3,"5":0,"6":3,"7":0,"8":0,"9":0,"10":0,"11":0,"12":0,"13":0,"14":0,"15":3,"16":3,"17":3,"18":3,"19":3,"20":6},"f":{"0":3,"1":6,"2":0,"3":0,"4":6},"b":{"0":[0,0],"1":[0,0],"2":[0,0],"3":[2,1]}}
,"/home/will/concordia/soen-490/UInnovate/UInnovateApp/src/components/CSVUploadButton.tsx": {"path":"/home/will/concordia/soen-490/UInnovate/UInnovateApp/src/components/CSVUploadButton.tsx","statementMap":{"0":{"start":{"line":18,"column":63},"end":{"line":78,"column":null}},"1":{"start":{"line":19,"column":18},"end":{"line":19,"column":null}},"2":{"start":{"line":20,"column":22},"end":{"line":20,"column":null}},"3":{"start":{"line":20,"column":56},"end":{"line":20,"column":71}},"4":{"start":{"line":22,"column":15},"end":{"line":22,"column":null}},"5":{"start":{"line":23,"column":2},"end":{"line":58,"column":null}},"6":{"start":{"line":24,"column":3},"end":{"line":56,"column":null}},"7":{"start":{"line":25,"column":4},"end":{"line":25,"column":null}},"8":{"start":{"line":28,"column":4},"end":{"line":55,"column":null}},"9":{"start":{"line":30,"column":6},"end":{"line":30,"column":null}},"10":{"start":{"line":31,"column":6},"end":{"line":53,"column":null}},"11":{"start":{"line":32,"column":7},"end":{"line":32,"column":null}},"12":{"start":{"line":33,"column":7},"end":{"line":33,"column":null}},"13":{"start":{"line":34,"column":7},"end":{"line":34,"column":null}},"14":{"start":{"line":35,"column":22},"end":{"line":35,"column":null}},"15":{"start":{"line":36,"column":7},"end":{"line":42,"column":null}},"16":{"start":{"line":43,"column":7},"end":{"line":43,"column":null}},"17":{"start":{"line":46,"column":7},"end":{"line":51,"column":null}},"18":{"start":{"line":47,"column":8},"end":{"line":47,"column":null}},"19":{"start":{"line":48,"column":7},"end":{"line":51,"column":null}},"20":{"start":{"line":50,"column":8},"end":{"line":50,"column":null}},"21":{"start":{"line":57,"column":3},"end":{"line":57,"column":null}},"22":{"start":{"line":60,"column":1},"end":{"line":77,"column":null}}},"fnMap":{"0":{"name":"(anonymous_0)","decl":{"start":{"line":18,"column":63},"end":{"line":18,"column":64}},"loc":{"start":{"line":18,"column":87},"end":{"line":78,"column":null}}},"1":{"name":"(anonymous_1)","decl":{"start":{"line":20,"column":34},"end":{"line":20,"column":35}},"loc":{"start":{"line":20,"column":56},"end":{"line":20,"column":71}}},"2":{"name":"handleFileUpload","decl":{"start":{"line":21,"column":10},"end":{"line":21,"column":27}},"loc":{"start":{"line":21,"column":71},"end":{"line":59,"column":null}}},"3":{"name":"(anonymous_3)","decl":{"start":{"line":29,"column":51},"end":{"line":29,"column":58}},"loc":{"start":{"line":29,"column":69},"end":{"line":54,"column":null}}}},"branchMap":{"0":{"loc":{"start":{"line":23,"column":2},"end":{"line":58,"column":null}},"type":"if","locations":[{"start":{"line":23,"column":2},"end":{"line":58,"column":null}},{"start":{"line":23,"column":2},"end":{"line":58,"column":null}}]},"1":{"loc":{"start":{"line":24,"column":3},"end":{"line":56,"column":null}},"type":"if","locations":[{"start":{"line":24,"column":3},"end":{"line":56,"column":null}},{"start":{"line":27,"column":8},"end":{"line":56,"column":null}}]},"2":{"loc":{"start":{"line":37,"column":8},"end":{"line":37,"column":null}},"type":"binary-expr","locations":[{"start":{"line":37,"column":8},"end":{"line":37,"column":24}},{"start":{"line":37,"column":24},"end":{"line":37,"column":null}}]},"3":{"loc":{"start":{"line":40,"column":8},"end":{"line":40,"column":null}},"type":"binary-expr","locations":[{"start":{"line":40,"column":8},"end":{"line":40,"column":31}},{"start":{"line":40,"column":31},"end":{"line":40,"column":null}}]},"4":{"loc":{"start":{"line":46,"column":7},"end":{"line":51,"column":null}},"type":"if","locations":[{"start":{"line":46,"column":7},"end":{"line":51,"column":null}},{"start":{"line":48,"column":7},"end":{"line":51,"column":null}}]},"5":{"loc":{"start":{"line":48,"column":7},"end":{"line":51,"column":null}},"type":"if","locations":[{"start":{"line":48,"column":7},"end":{"line":51,"column":null}},{"start":{"line":48,"column":7},"end":{"line":51,"column":null}}]}},"s":{"0":2,"1":26,"2":26,"3":33,"4":2,"5":2,"6":2,"7":1,"8":1,"9":1,"10":1,"11":1,"12":1,"13":1,"14":1,"15":1,"16":1,"17":0,"18":0,"19":0,"20":0,"21":2,"22":26},"f":{"0":26,"1":33,"2":2,"3":1},"b":{"0":[2,0],"1":[1,1],"2":[1,0],"3":[1,0],"4":[0,0],"5":[0,0]}}
,"/home/will/concordia/soen-490/UInnovate/UInnovateApp/src/components/Dropzone.tsx": {"path":"/home/will/concordia/soen-490/UInnovate/UInnovateApp/src/components/Dropzone.tsx","statementMap":{"0":{"start":{"line":9,"column":36},"end":{"line":9,"column":null}},"1":{"start":{"line":10,"column":36},"end":{"line":10,"column":null}},"2":{"start":{"line":11,"column":40},"end":{"line":11,"column":null}},"3":{"start":{"line":13,"column":23},"end":{"line":13,"column":null}},"4":{"start":{"line":14,"column":25},"end":{"line":16,"column":null}},"5":{"start":{"line":15,"column":4},"end":{"line":15,"column":null}},"6":{"start":{"line":18,"column":29},"end":{"line":47,"column":null}},"7":{"start":{"line":19,"column":17},"end":{"line":19,"column":null}},"8":{"start":{"line":20,"column":22},"end":{"line":20,"column":null}},"9":{"start":{"line":21,"column":19},"end":{"line":21,"column":null}},"10":{"start":{"line":22,"column":4},"end":{"line":22,"column":null}},"11":{"start":{"line":23,"column":4},"end":{"line":46,"column":null}},"12":{"start":{"line":25,"column":8},"end":{"line":41,"column":null}},"13":{"start":{"line":43,"column":6},"end":{"line":45,"column":null}},"14":{"start":{"line":44,"column":8},"end":{"line":44,"column":null}},"15":{"start":{"line":50,"column":4},"end":{"line":50,"column":null}},"16":{"start":{"line":51,"column":22},"end":{"line":51,"column":null}},"17":{"start":{"line":52,"column":18},"end":{"line":52,"column":null}},"18":{"start":{"line":53,"column":4},"end":{"line":56,"column":null}},"19":{"start":{"line":53,"column":17},"end":{"line":53,"column":20}},"20":{"start":{"line":54,"column":20},"end":{"line":54,"column":null}},"21":{"start":{"line":55,"column":6},"end":{"line":55,"column":null}},"22":{"start":{"line":57,"column":4},"end":{"line":57,"column":null}},"23":{"start":{"line":60,"column":20},"end":{"line":70,"column":null}},"24":{"start":{"line":61,"column":21},"end":{"line":63,"column":null}},"25":{"start":{"line":64,"column":18},"end":{"line":64,"column":null}},"26":{"start":{"line":65,"column":17},"end":{"line":67,"column":null}},"27":{"start":{"line":68,"column":4},"end":{"line":68,"column":null}},"28":{"start":{"line":69,"column":4},"end":{"line":69,"column":null}},"29":{"start":{"line":72,"column":23},"end":{"line":80,"column":null}},"30":{"start":{"line":73,"column":16},"end":{"line":73,"column":null}},"31":{"start":{"line":74,"column":17},"end":{"line":74,"column":null}},"32":{"start":{"line":75,"column":4},"end":{"line":75,"column":null}},"33":{"start":{"line":76,"column":4},"end":{"line":76,"column":null}},"34":{"start":{"line":77,"column":4},"end":{"line":77,"column":null}},"35":{"start":{"line":78,"column":4},"end":{"line":78,"column":null}},"36":{"start":{"line":79,"column":4},"end":{"line":79,"column":null}},"37":{"start":{"line":82,"column":31},"end":{"line":85,"column":null}},"38":{"start":{"line":83,"column":4},"end":{"line":83,"column":null}},"39":{"start":{"line":84,"column":4},"end":{"line":84,"column":null}},"40":{"start":{"line":112,"column":2},"end":{"line":192,"column":null}},"41":{"start":{"line":117,"column":14},"end":{"line":160,"column":null}},"42":{"start":{"line":122,"column":38},"end":{"line":122,"column":null}},"43":{"start":{"line":132,"column":40},"end":{"line":132,"column":null}}},"fnMap":{"0":{"name":"Dropzone","decl":{"start":{"line":8,"column":9},"end":{"line":8,"column":18}},"loc":{"start":{"line":8,"column":72},"end":{"line":194,"column":null}}},"1":{"name":"(anonymous_1)","decl":{"start":{"line":14,"column":25},"end":{"line":14,"column":31}},"loc":{"start":{"line":14,"column":31},"end":{"line":16,"column":null}}},"2":{"name":"(anonymous_2)","decl":{"start":{"line":18,"column":29},"end":{"line":18,"column":30}},"loc":{"start":{"line":18,"column":38},"end":{"line":47,"column":null}}},"3":{"name":"(anonymous_3)","decl":{"start":{"line":23,"column":20},"end":{"line":23,"column":21}},"loc":{"start":{"line":23,"column":27},"end":{"line":46,"column":null}}},"4":{"name":"convertToByteArray","decl":{"start":{"line":49,"column":11},"end":{"line":49,"column":30}},"loc":{"start":{"line":49,"column":37},"end":{"line":58,"column":null}}},"5":{"name":"(anonymous_5)","decl":{"start":{"line":60,"column":20},"end":{"line":60,"column":27}},"loc":{"start":{"line":60,"column":36},"end":{"line":70,"column":null}}},"6":{"name":"(anonymous_6)","decl":{"start":{"line":72,"column":23},"end":{"line":72,"column":24}},"loc":{"start":{"line":72,"column":39},"end":{"line":80,"column":null}}},"7":{"name":"(anonymous_7)","decl":{"start":{"line":82,"column":31},"end":{"line":82,"column":38}},"loc":{"start":{"line":82,"column":50},"end":{"line":85,"column":null}}},"8":{"name":"(anonymous_8)","decl":{"start":{"line":116,"column":26},"end":{"line":116,"column":27}},"loc":{"start":{"line":116,"column":43},"end":{"line":162,"column":13}}},"9":{"name":"(anonymous_9)","decl":{"start":{"line":122,"column":31},"end":{"line":122,"column":32}},"loc":{"start":{"line":122,"column":38},"end":{"line":122,"column":null}}},"10":{"name":"(anonymous_10)","decl":{"start":{"line":132,"column":33},"end":{"line":132,"column":34}},"loc":{"start":{"line":132,"column":40},"end":{"line":132,"column":null}}}},"branchMap":{"0":{"loc":{"start":{"line":25,"column":8},"end":{"line":41,"column":null}},"type":"cond-expr","locations":[{"start":{"line":26,"column":12},"end":{"line":28,"column":null}},{"start":{"line":29,"column":12},"end":{"line":41,"column":null}}]},"1":{"loc":{"start":{"line":29,"column":12},"end":{"line":41,"column":null}},"type":"cond-expr","locations":[{"start":{"line":30,"column":14},"end":{"line":30,"column":null}},{"start":{"line":31,"column":14},"end":{"line":41,"column":null}}]},"2":{"loc":{"start":{"line":31,"column":14},"end":{"line":41,"column":null}},"type":"cond-expr","locations":[{"start":{"line":32,"column":16},"end":{"line":32,"column":null}},{"start":{"line":33,"column":16},"end":{"line":41,"column":null}}]},"3":{"loc":{"start":{"line":33,"column":16},"end":{"line":41,"column":null}},"type":"cond-expr","locations":[{"start":{"line":34,"column":18},"end":{"line":36,"column":null}},{"start":{"line":37,"column":18},"end":{"line":41,"column":null}}]},"4":{"loc":{"start":{"line":37,"column":18},"end":{"line":41,"column":null}},"type":"cond-expr","locations":[{"start":{"line":38,"column":20},"end":{"line":40,"column":null}},{"start":{"line":41,"column":20},"end":{"line":41,"column":null}}]},"5":{"loc":{"start":{"line":43,"column":6},"end":{"line":45,"column":null}},"type":"if","locations":[{"start":{"line":43,"column":6},"end":{"line":45,"column":null}},{"start":{"line":43,"column":6},"end":{"line":45,"column":null}}]},"6":{"loc":{"start":{"line":115,"column":9},"end":{"line":163,"column":null}},"type":"cond-expr","locations":[{"start":{"line":116,"column":12},"end":{"line":162,"column":null}},{"start":{"line":163,"column":12},"end":{"line":163,"column":null}}]},"7":{"loc":{"start":{"line":144,"column":24},"end":{"line":152,"column":null}},"type":"cond-expr","locations":[{"start":{"line":145,"column":28},"end":{"line":145,"column":null}},{"start":{"line":146,"column":28},"end":{"line":152,"column":null}}]},"8":{"loc":{"start":{"line":146,"column":28},"end":{"line":152,"column":null}},"type":"cond-expr","locations":[{"start":{"line":149,"column":30},"end":{"line":149,"column":null}},{"start":{"line":150,"column":30},"end":{"line":152,"column":null}}]},"9":{"loc":{"start":{"line":146,"column":28},"end":{"line":148,"column":null}},"type":"binary-expr","locations":[{"start":{"line":146,"column":28},"end":{"line":146,"column":null}},{"start":{"line":147,"column":30},"end":{"line":147,"column":null}},{"start":{"line":148,"column":30},"end":{"line":148,"column":null}}]},"10":{"loc":{"start":{"line":150,"column":30},"end":{"line":152,"column":null}},"type":"cond-expr","locations":[{"start":{"line":151,"column":32},"end":{"line":151,"column":null}},{"start":{"line":152,"column":32},"end":{"line":152,"column":null}}]},"11":{"loc":{"start":{"line":166,"column":12},"end":{"line":166,"column":null}},"type":"cond-expr","locations":[{"start":{"line":166,"column":24},"end":{"line":166,"column":44}},{"start":{"line":166,"column":44},"end":{"line":166,"column":null}}]}},"s":{"0":2,"1":2,"2":2,"3":2,"4":2,"5":0,"6":2,"7":0,"8":0,"9":0,"10":0,"11":0,"12":0,"13":0,"14":0,"15":0,"16":0,"17":0,"18":0,"19":0,"20":0,"21":0,"22":0,"23":2,"24":0,"25":0,"26":0,"27":0,"28":0,"29":2,"30":0,"31":0,"32":0,"33":0,"34":0,"35":0,"36":0,"37":2,"38":0,"39":0,"40":2,"41":0,"42":0,"43":0},"f":{"0":2,"1":0,"2":0,"3":0,"4":0,"5":0,"6":0,"7":0,"8":0,"9":0,"10":0},"b":{"0":[0,0],"1":[0,0],"2":[0,0],"3":[0,0],"4":[0,0],"5":[0,0],"6":[0,2],"7":[0,0],"8":[0,0],"9":[0,0,0],"10":[0,0],"11":[0,2]}}
,"/home/will/concordia/soen-490/UInnovate/UInnovateApp/src/components/FunctionLoadPopup.tsx": {"path":"/home/will/concordia/soen-490/UInnovate/UInnovateApp/src/components/FunctionLoadPopup.tsx","statementMap":{"0":{"start":{"line":8,"column":26},"end":{"line":108,"column":null}},"1":{"start":{"line":15,"column":30},"end":{"line":15,"column":null}},"2":{"start":{"line":16,"column":34},"end":{"line":16,"column":null}},"3":{"start":{"line":18,"column":24},"end":{"line":22,"column":null}},"4":{"start":{"line":19,"column":8},"end":{"line":19,"column":null}},"5":{"start":{"line":20,"column":8},"end":{"line":20,"column":null}},"6":{"start":{"line":21,"column":8},"end":{"line":21,"column":null}},"7":{"start":{"line":24,"column":26},"end":{"line":41,"column":null}},"8":{"start":{"line":25,"column":8},"end":{"line":40,"column":null}},"9":{"start":{"line":26,"column":28},"end":{"line":26,"column":null}},"10":{"start":{"line":29,"column":12},"end":{"line":39,"column":null}},"11":{"start":{"line":30,"column":16},"end":{"line":30,"column":null}},"12":{"start":{"line":31,"column":16},"end":{"line":31,"column":null}},"13":{"start":{"line":33,"column":16},"end":{"line":33,"column":null}},"14":{"start":{"line":35,"column":16},"end":{"line":35,"column":null}},"15":{"start":{"line":36,"column":16},"end":{"line":36,"column":null}},"16":{"start":{"line":38,"column":16},"end":{"line":38,"column":null}},"17":{"start":{"line":43,"column":4},"end":{"line":43,"column":null}},"18":{"start":{"line":45,"column":18},"end":{"line":58,"column":null}},"19":{"start":{"line":60,"column":24},"end":{"line":63,"column":null}},"20":{"start":{"line":65,"column":4},"end":{"line":106,"column":null}}},"fnMap":{"0":{"name":"(anonymous_0)","decl":{"start":{"line":8,"column":26},"end":{"line":8,"column":27}},"loc":{"start":{"line":14,"column":6},"end":{"line":108,"column":null}}},"1":{"name":"(anonymous_1)","decl":{"start":{"line":18,"column":24},"end":{"line":18,"column":30}},"loc":{"start":{"line":18,"column":30},"end":{"line":22,"column":null}}},"2":{"name":"(anonymous_2)","decl":{"start":{"line":24,"column":26},"end":{"line":24,"column":38}},"loc":{"start":{"line":24,"column":38},"end":{"line":41,"column":null}}},"3":{"name":"(anonymous_3)","decl":{"start":{"line":43,"column":14},"end":{"line":43,"column":20}},"loc":{"start":{"line":43,"column":20},"end":{"line":43,"column":24}}}},"branchMap":{"0":{"loc":{"start":{"line":25,"column":8},"end":{"line":40,"column":null}},"type":"if","locations":[{"start":{"line":25,"column":8},"end":{"line":40,"column":null}},{"start":{"line":25,"column":8},"end":{"line":40,"column":null}}]},"1":{"loc":{"start":{"line":104,"column":13},"end":{"line":104,"column":null}},"type":"cond-expr","locations":[{"start":{"line":104,"column":21},"end":{"line":104,"column":82}},{"start":{"line":104,"column":82},"end":{"line":104,"column":null}}]},"2":{"loc":{"start":{"line":105,"column":13},"end":{"line":105,"column":null}},"type":"cond-expr","locations":[{"start":{"line":105,"column":23},"end":{"line":105,"column":72}},{"start":{"line":105,"column":72},"end":{"line":105,"column":null}}]}},"s":{"0":1,"1":0,"2":0,"3":0,"4":0,"5":0,"6":0,"7":0,"8":0,"9":0,"10":0,"11":0,"12":0,"13":0,"14":0,"15":0,"16":0,"17":0,"18":0,"19":0,"20":0},"f":{"0":0,"1":0,"2":0,"3":0},"b":{"0":[0,0],"1":[0,0],"2":[0,0]}}
,"/home/will/concordia/soen-490/UInnovate/UInnovateApp/src/components/FunctionPopup.tsx": {"path":"/home/will/concordia/soen-490/UInnovate/UInnovateApp/src/components/FunctionPopup.tsx","statementMap":{"0":{"start":{"line":4,"column":14},"end":{"line":17,"column":null}},"1":{"start":{"line":19,"column":20},"end":{"line":22,"column":null}},"2":{"start":{"line":24,"column":27},"end":{"line":53,"column":null}},"3":{"start":{"line":31,"column":4},"end":{"line":51,"column":null}},"4":{"start":{"line":55,"column":29},"end":{"line":76,"column":null}},"5":{"start":{"line":56,"column":4},"end":{"line":74,"column":null}}},"fnMap":{"0":{"name":"(anonymous_0)","decl":{"start":{"line":24,"column":27},"end":{"line":24,"column":28}},"loc":{"start":{"line":30,"column":6},"end":{"line":53,"column":null}}},"1":{"name":"(anonymous_1)","decl":{"start":{"line":55,"column":29},"end":{"line":55,"column":30}},"loc":{"start":{"line":55,"column":71},"end":{"line":76,"column":null}}}},"branchMap":{},"s":{"0":1,"1":1,"2":1,"3":0,"4":1,"5":0},"f":{"0":0,"1":0},"b":{}}
,"/home/will/concordia/soen-490/UInnovate/UInnovateApp/src/components/NavBar.tsx": {"path":"/home/will/concordia/soen-490/UInnovate/UInnovateApp/src/components/NavBar.tsx","statementMap":{"0":{"start":{"line":24,"column":48},"end":{"line":24,"column":null}},"1":{"start":{"line":25,"column":51},"end":{"line":25,"column":null}},"2":{"start":{"line":25,"column":85},"end":{"line":25,"column":95}},"3":{"start":{"line":26,"column":19},"end":{"line":26,"column":null}},"4":{"start":{"line":27,"column":19},"end":{"line":27,"column":null}},"5":{"start":{"line":28,"column":22},"end":{"line":28,"column":null}},"6":{"start":{"line":28,"column":28},"end":{"line":28,"column":null}},"7":{"start":{"line":29,"column":21},"end":{"line":29,"column":null}},"8":{"start":{"line":29,"column":27},"end":{"line":29,"column":null}},"9":{"start":{"line":30,"column":23},"end":{"line":37,"column":null}},"10":{"start":{"line":31,"column":4},"end":{"line":31,"column":null}},"11":{"start":{"line":32,"column":4},"end":{"line":32,"column":null}},"12":{"start":{"line":33,"column":4},"end":{"line":35,"column":null}},"13":{"start":{"line":34,"column":6},"end":{"line":34,"column":null}},"14":{"start":{"line":36,"column":4},"end":{"line":36,"column":null}},"15":{"start":{"line":40,"column":2},"end":{"line":98,"column":null}}},"fnMap":{"0":{"name":"NavBar","decl":{"start":{"line":23,"column":16},"end":{"line":23,"column":23}},"loc":{"start":{"line":23,"column":65},"end":{"line":100,"column":null}}},"1":{"name":"(anonymous_1)","decl":{"start":{"line":25,"column":63},"end":{"line":25,"column":64}},"loc":{"start":{"line":25,"column":85},"end":{"line":25,"column":95}}},"2":{"name":"(anonymous_2)","decl":{"start":{"line":28,"column":22},"end":{"line":28,"column":28}},"loc":{"start":{"line":28,"column":28},"end":{"line":28,"column":null}}},"3":{"name":"(anonymous_3)","decl":{"start":{"line":29,"column":21},"end":{"line":29,"column":27}},"loc":{"start":{"line":29,"column":27},"end":{"line":29,"column":null}}},"4":{"name":"(anonymous_4)","decl":{"start":{"line":30,"column":23},"end":{"line":30,"column":29}},"loc":{"start":{"line":30,"column":29},"end":{"line":37,"column":null}}},"5":{"name":"(anonymous_5)","decl":{"start":{"line":33,"column":30},"end":{"line":33,"column":36}},"loc":{"start":{"line":33,"column":36},"end":{"line":35,"column":5}}}},"branchMap":{"0":{"loc":{"start":{"line":23,"column":25},"end":{"line":23,"column":62}},"type":"default-arg","locations":[{"start":{"line":23,"column":44},"end":{"line":23,"column":62}}]},"1":{"loc":{"start":{"line":56,"column":13},"end":{"line":65,"column":null}},"type":"binary-expr","locations":[{"start":{"line":56,"column":13},"end":{"line":56,"column":29}},{"start":{"line":56,"column":29},"end":{"line":56,"column":null}},{"start":{"line":57,"column":10},"end":{"line":65,"column":null}}]},"2":{"loc":{"start":{"line":59,"column":14},"end":{"line":61,"column":null}},"type":"cond-expr","locations":[{"start":{"line":60,"column":18},"end":{"line":60,"column":null}},{"start":{"line":61,"column":18},"end":{"line":61,"column":null}}]},"3":{"loc":{"start":{"line":67,"column":15},"end":{"line":72,"column":null}},"type":"binary-expr","locations":[{"start":{"line":67,"column":15},"end":{"line":67,"column":31}},{"start":{"line":67,"column":31},"end":{"line":67,"column":null}},{"start":{"line":68,"column":12},"end":{"line":72,"column":null}}]},"4":{"loc":{"start":{"line":74,"column":13},"end":{"line":83,"column":null}},"type":"binary-expr","locations":[{"start":{"line":74,"column":13},"end":{"line":74,"column":null}},{"start":{"line":75,"column":12},"end":{"line":83,"column":null}}]},"5":{"loc":{"start":{"line":85,"column":13},"end":{"line":93,"column":null}},"type":"cond-expr","locations":[{"start":{"line":86,"column":12},"end":{"line":89,"column":null}},{"start":{"line":90,"column":12},"end":{"line":93,"column":null}}]}},"s":{"0":7,"1":7,"2":11,"3":7,"4":7,"5":7,"6":1,"7":7,"8":2,"9":7,"10":0,"11":0,"12":0,"13":0,"14":0,"15":7},"f":{"0":7,"1":11,"2":1,"3":2,"4":0,"5":0},"b":{"0":[7],"1":[7,7,2],"2":[2,0],"3":[7,7,2],"4":[7,2],"5":[2,5]}}
,"/home/will/concordia/soen-490/UInnovate/UInnovateApp/src/components/PrimaryKeyErrorPopup.tsx": {"path":"/home/will/concordia/soen-490/UInnovate/UInnovateApp/src/components/PrimaryKeyErrorPopup.tsx","statementMap":{"0":{"start":{"line":3,"column":14},"end":{"line":16,"column":null}},"1":{"start":{"line":18,"column":22},"end":{"line":21,"column":null}},"2":{"start":{"line":24,"column":20},"end":{"line":40,"column":null}},"3":{"start":{"line":25,"column":4},"end":{"line":38,"column":null}}},"fnMap":{"0":{"name":"(anonymous_0)","decl":{"start":{"line":24,"column":20},"end":{"line":24,"column":21}},"loc":{"start":{"line":24,"column":52},"end":{"line":40,"column":null}}}},"branchMap":{},"s":{"0":1,"1":1,"2":1,"3":0},"f":{"0":0},"b":{}}
,"/home/will/concordia/soen-490/UInnovate/UInnovateApp/src/components/SavePopup.tsx": {"path":"/home/will/concordia/soen-490/UInnovate/UInnovateApp/src/components/SavePopup.tsx","statementMap":{"0":{"start":{"line":3,"column":14},"end":{"line":16,"column":null}},"1":{"start":{"line":18,"column":22},"end":{"line":21,"column":null}},"2":{"start":{"line":24,"column":26},"end":{"line":35,"column":null}},"3":{"start":{"line":25,"column":4},"end":{"line":33,"column":null}}},"fnMap":{"0":{"name":"(anonymous_0)","decl":{"start":{"line":24,"column":26},"end":{"line":24,"column":27}},"loc":{"start":{"line":24,"column":77},"end":{"line":35,"column":null}}}},"branchMap":{},"s":{"0":1,"1":1,"2":1,"3":0},"f":{"0":0},"b":{}}
,"/home/will/concordia/soen-490/UInnovate/UInnovateApp/src/components/ScriptLoadPopup.tsx": {"path":"/home/will/concordia/soen-490/UInnovate/UInnovateApp/src/components/ScriptLoadPopup.tsx","statementMap":{"0":{"start":{"line":8,"column":24},"end":{"line":109,"column":null}},"1":{"start":{"line":15,"column":28},"end":{"line":15,"column":null}},"2":{"start":{"line":16,"column":32},"end":{"line":16,"column":null}},"3":{"start":{"line":18,"column":22},"end":{"line":22,"column":null}},"4":{"start":{"line":19,"column":4},"end":{"line":19,"column":null}},"5":{"start":{"line":20,"column":4},"end":{"line":20,"column":null}},"6":{"start":{"line":21,"column":4},"end":{"line":21,"column":null}},"7":{"start":{"line":24,"column":24},"end":{"line":42,"column":null}},"8":{"start":{"line":25,"column":4},"end":{"line":41,"column":null}},"9":{"start":{"line":26,"column":22},"end":{"line":26,"column":null}},"10":{"start":{"line":29,"column":6},"end":{"line":40,"column":null}},"11":{"start":{"line":30,"column":8},"end":{"line":30,"column":null}},"12":{"start":{"line":31,"column":8},"end":{"line":31,"column":null}},"13":{"start":{"line":32,"column":8},"end":{"line":32,"column":null}},"14":{"start":{"line":34,"column":8},"end":{"line":34,"column":null}},"15":{"start":{"line":36,"column":8},"end":{"line":36,"column":null}},"16":{"start":{"line":37,"column":8},"end":{"line":37,"column":null}},"17":{"start":{"line":39,"column":8},"end":{"line":39,"column":null}},"18":{"start":{"line":44,"column":2},"end":{"line":44,"column":null}},"19":{"start":{"line":46,"column":16},"end":{"line":59,"column":null}},"20":{"start":{"line":61,"column":22},"end":{"line":64,"column":null}},"21":{"start":{"line":66,"column":2},"end":{"line":107,"column":null}}},"fnMap":{"0":{"name":"(anonymous_0)","decl":{"start":{"line":8,"column":24},"end":{"line":8,"column":25}},"loc":{"start":{"line":14,"column":6},"end":{"line":109,"column":null}}},"1":{"name":"(anonymous_1)","decl":{"start":{"line":18,"column":22},"end":{"line":18,"column":28}},"loc":{"start":{"line":18,"column":28},"end":{"line":22,"column":null}}},"2":{"name":"(anonymous_2)","decl":{"start":{"line":24,"column":24},"end":{"line":24,"column":36}},"loc":{"start":{"line":24,"column":36},"end":{"line":42,"column":null}}},"3":{"name":"(anonymous_3)","decl":{"start":{"line":44,"column":12},"end":{"line":44,"column":18}},"loc":{"start":{"line":44,"column":18},"end":{"line":44,"column":22}}}},"branchMap":{"0":{"loc":{"start":{"line":25,"column":4},"end":{"line":41,"column":null}},"type":"if","locations":[{"start":{"line":25,"column":4},"end":{"line":41,"column":null}},{"start":{"line":25,"column":4},"end":{"line":41,"column":null}}]},"1":{"loc":{"start":{"line":105,"column":7},"end":{"line":105,"column":null}},"type":"cond-expr","locations":[{"start":{"line":105,"column":15},"end":{"line":105,"column":74}},{"start":{"line":105,"column":74},"end":{"line":105,"column":null}}]},"2":{"loc":{"start":{"line":106,"column":7},"end":{"line":106,"column":null}},"type":"cond-expr","locations":[{"start":{"line":106,"column":17},"end":{"line":106,"column":64}},{"start":{"line":106,"column":64},"end":{"line":106,"column":null}}]}},"s":{"0":2,"1":6,"2":6,"3":6,"4":0,"5":0,"6":0,"7":6,"8":1,"9":1,"10":1,"11":1,"12":1,"13":1,"14":0,"15":1,"16":1,"17":1,"18":6,"19":6,"20":6,"21":6},"f":{"0":6,"1":0,"2":1,"3":6},"b":{"0":[1,0],"1":[1,5],"2":[0,6]}}
,"/home/will/concordia/soen-490/UInnovate/UInnovateApp/src/components/ScriptPopup.tsx": {"path":"/home/will/concordia/soen-490/UInnovate/UInnovateApp/src/components/ScriptPopup.tsx","statementMap":{"0":{"start":{"line":4,"column":14},"end":{"line":17,"column":null}},"1":{"start":{"line":19,"column":20},"end":{"line":22,"column":null}},"2":{"start":{"line":24,"column":25},"end":{"line":53,"column":null}},"3":{"start":{"line":31,"column":2},"end":{"line":51,"column":null}},"4":{"start":{"line":55,"column":27},"end":{"line":76,"column":null}},"5":{"start":{"line":56,"column":2},"end":{"line":74,"column":null}}},"fnMap":{"0":{"name":"(anonymous_0)","decl":{"start":{"line":24,"column":25},"end":{"line":24,"column":26}},"loc":{"start":{"line":30,"column":6},"end":{"line":53,"column":null}}},"1":{"name":"(anonymous_1)","decl":{"start":{"line":55,"column":27},"end":{"line":55,"column":28}},"loc":{"start":{"line":55,"column":69},"end":{"line":76,"column":null}}}},"branchMap":{},"s":{"0":2,"1":2,"2":2,"3":1,"4":2,"5":0},"f":{"0":1,"1":0},"b":{}}
,"/home/will/concordia/soen-490/UInnovate/UInnovateApp/src/components/TableEnumView.tsx": {"path":"/home/will/concordia/soen-490/UInnovate/UInnovateApp/src/components/TableEnumView.tsx","statementMap":{"0":{"start":{"line":14,"column":20},"end":{"line":17,"column":null}},"1":{"start":{"line":19,"column":52},"end":{"line":120,"column":null}},"2":{"start":{"line":24,"column":30},"end":{"line":24,"column":null}},"3":{"start":{"line":25,"column":48},"end":{"line":25,"column":null}},"4":{"start":{"line":26,"column":26},"end":{"line":26,"column":null}},"5":{"start":{"line":27,"column":46},"end":{"line":27,"column":null}},"6":{"start":{"line":29,"column":2},"end":{"line":67,"column":null}},"7":{"start":{"line":30,"column":22},"end":{"line":64,"column":null}},"8":{"start":{"line":31,"column":6},"end":{"line":63,"column":null}},"9":{"start":{"line":32,"column":23},"end":{"line":32,"column":null}},"10":{"start":{"line":33,"column":8},"end":{"line":35,"column":null}},"11":{"start":{"line":34,"column":10},"end":{"line":34,"column":null}},"12":{"start":{"line":37,"column":26},"end":{"line":37,"column":null}},"13":{"start":{"line":38,"column":24},"end":{"line":38,"column":null}},"14":{"start":{"line":40,"column":8},"end":{"line":42,"column":null}},"15":{"start":{"line":41,"column":10},"end":{"line":41,"column":null}},"16":{"start":{"line":44,"column":44},"end":{"line":47,"column":null}},"17":{"start":{"line":48,"column":22},"end":{"line":48,"column":null}},"18":{"start":{"line":51,"column":29},"end":{"line":56,"column":null}},"19":{"start":{"line":53,"column":12},"end":{"line":53,"column":null}},"20":{"start":{"line":54,"column":10},"end":{"line":54,"column":null}},"21":{"start":{"line":55,"column":10},"end":{"line":55,"column":null}},"22":{"start":{"line":58,"column":8},"end":{"line":58,"column":null}},"23":{"start":{"line":59,"column":8},"end":{"line":59,"column":null}},"24":{"start":{"line":60,"column":8},"end":{"line":60,"column":null}},"25":{"start":{"line":62,"column":8},"end":{"line":62,"column":null}},"26":{"start":{"line":66,"column":4},"end":{"line":66,"column":null}},"27":{"start":{"line":69,"column":28},"end":{"line":71,"column":null}},"28":{"start":{"line":70,"column":4},"end":{"line":70,"column":null}},"29":{"start":{"line":73,"column":2},"end":{"line":118,"column":null}},"30":{"start":{"line":84,"column":14},"end":{"line":89,"column":null}},"31":{"start":{"line":87,"column":20},"end":{"line":87,"column":null}},"32":{"start":{"line":104,"column":29},"end":{"line":104,"column":null}},"33":{"start":{"line":111,"column":29},"end":{"line":111,"column":null}}},"fnMap":{"0":{"name":"(anonymous_0)","decl":{"start":{"line":19,"column":52},"end":{"line":19,"column":53}},"loc":{"start":{"line":23,"column":6},"end":{"line":120,"column":null}}},"1":{"name":"(anonymous_1)","decl":{"start":{"line":29,"column":12},"end":{"line":29,"column":18}},"loc":{"start":{"line":29,"column":18},"end":{"line":67,"column":5}}},"2":{"name":"(anonymous_2)","decl":{"start":{"line":30,"column":22},"end":{"line":30,"column":34}},"loc":{"start":{"line":30,"column":34},"end":{"line":64,"column":null}}},"3":{"name":"(anonymous_3)","decl":{"start":{"line":51,"column":40},"end":{"line":51,"column":41}},"loc":{"start":{"line":51,"column":54},"end":{"line":56,"column":9}}},"4":{"name":"(anonymous_4)","decl":{"start":{"line":69,"column":28},"end":{"line":69,"column":34}},"loc":{"start":{"line":69,"column":34},"end":{"line":71,"column":null}}},"5":{"name":"(anonymous_5)","decl":{"start":{"line":83,"column":23},"end":{"line":83,"column":24}},"loc":{"start":{"line":83,"column":40},"end":{"line":91,"column":13}}},"6":{"name":"(anonymous_6)","decl":{"start":{"line":86,"column":46},"end":{"line":86,"column":47}},"loc":{"start":{"line":86,"column":65},"end":{"line":88,"column":19}}},"7":{"name":"(anonymous_7)","decl":{"start":{"line":104,"column":23},"end":{"line":104,"column":29}},"loc":{"start":{"line":104,"column":29},"end":{"line":104,"column":null}}},"8":{"name":"(anonymous_8)","decl":{"start":{"line":111,"column":23},"end":{"line":111,"column":29}},"loc":{"start":{"line":111,"column":29},"end":{"line":111,"column":null}}}},"branchMap":{"0":{"loc":{"start":{"line":33,"column":8},"end":{"line":35,"column":null}},"type":"if","locations":[{"start":{"line":33,"column":8},"end":{"line":35,"column":null}},{"start":{"line":33,"column":8},"end":{"line":35,"column":null}}]},"1":{"loc":{"start":{"line":40,"column":8},"end":{"line":42,"column":null}},"type":"if","locations":[{"start":{"line":40,"column":8},"end":{"line":42,"column":null}},{"start":{"line":40,"column":8},"end":{"line":42,"column":null}}]},"2":{"loc":{"start":{"line":109,"column":11},"end":{"line":113,"column":null}},"type":"binary-expr","locations":[{"start":{"line":109,"column":11},"end":{"line":109,"column":null}},{"start":{"line":110,"column":12},"end":{"line":113,"column":null}}]}},"s":{"0":1,"1":1,"2":2,"3":2,"4":2,"5":2,"6":2,"7":1,"8":1,"9":1,"10":1,"11":0,"12":1,"13":1,"14":1,"15":0,"16":1,"17":1,"18":1,"19":3,"20":3,"21":3,"22":1,"23":1,"24":1,"25":0,"26":1,"27":2,"28":0,"29":2,"30":3,"31":3,"32":0,"33":0},"f":{"0":2,"1":1,"2":1,"3":3,"4":0,"5":3,"6":3,"7":0,"8":0},"b":{"0":[0,1],"1":[0,1],"2":[2,0]}}
,"/home/will/concordia/soen-490/UInnovate/UInnovateApp/src/components/TableListView.tsx": {"path":"/home/will/concordia/soen-490/UInnovate/UInnovateApp/src/components/TableListView.tsx","statementMap":{"0":{"start":{"line":89,"column":20},"end":{"line":93,"column":null}},"1":{"start":{"line":101,"column":14},"end":{"line":111,"column":null}},"2":{"start":{"line":113,"column":52},"end":{"line":1421,"column":null}},"3":{"start":{"line":118,"column":19},"end":{"line":118,"column":null}},"4":{"start":{"line":119,"column":32},"end":{"line":119,"column":null}},"5":{"start":{"line":120,"column":26},"end":{"line":120,"column":null}},"6":{"start":{"line":121,"column":38},"end":{"line":121,"column":null}},"7":{"start":{"line":122,"column":46},"end":{"line":122,"column":null}},"8":{"start":{"line":124,"column":4},"end":{"line":124,"column":null}},"9":{"start":{"line":126,"column":4},"end":{"line":126,"column":null}},"10":{"start":{"line":127,"column":40},"end":{"line":127,"column":null}},"11":{"start":{"line":128,"column":52},"end":{"line":130,"column":null}},"12":{"start":{"line":131,"column":36},"end":{"line":131,"column":null}},"13":{"start":{"line":132,"column":38},"end":{"line":132,"column":null}},"14":{"start":{"line":133,"column":42},"end":{"line":133,"column":null}},"15":{"start":{"line":134,"column":48},"end":{"line":134,"column":null}},"16":{"start":{"line":135,"column":46},"end":{"line":135,"column":null}},"17":{"start":{"line":136,"column":36},"end":{"line":136,"column":null}},"18":{"start":{"line":137,"column":32},"end":{"line":137,"column":null}},"19":{"start":{"line":138,"column":36},"end":{"line":138,"column":null}},"20":{"start":{"line":140,"column":52},"end":{"line":140,"column":null}},"21":{"start":{"line":141,"column":56},"end":{"line":143,"column":null}},"22":{"start":{"line":145,"column":46},"end":{"line":145,"column":null}},"23":{"start":{"line":146,"column":50},"end":{"line":146,"column":null}},"24":{"start":{"line":148,"column":48},"end":{"line":148,"column":null}},"25":{"start":{"line":149,"column":17},"end":{"line":149,"column":null}},"26":{"start":{"line":150,"column":46},"end":{"line":150,"column":null}},"27":{"start":{"line":151,"column":46},"end":{"line":151,"column":null}},"28":{"start":{"line":152,"column":44},"end":{"line":152,"column":null}},"29":{"start":{"line":154,"column":4},"end":{"line":154,"column":null}},"30":{"start":{"line":155,"column":22},"end":{"line":155,"column":null}},"31":{"start":{"line":156,"column":23},"end":{"line":156,"column":null}},"32":{"start":{"line":157,"column":25},"end":{"line":157,"column":null}},"33":{"start":{"line":159,"column":40},"end":{"line":161,"column":null}},"34":{"start":{"line":162,"column":26},"end":{"line":162,"column":null}},"35":{"start":{"line":163,"column":54},"end":{"line":163,"column":null}},"36":{"start":{"line":165,"column":4},"end":{"line":169,"column":null}},"37":{"start":{"line":170,"column":48},"end":{"line":170,"column":null}},"38":{"start":{"line":171,"column":50},"end":{"line":171,"column":null}},"39":{"start":{"line":173,"column":23},"end":{"line":173,"column":null}},"40":{"start":{"line":174,"column":26},"end":{"line":176,"column":null}},"41":{"start":{"line":175,"column":16},"end":{"line":175,"column":null}},"42":{"start":{"line":177,"column":2},"end":{"line":179,"column":null}},"43":{"start":{"line":178,"column":4},"end":{"line":178,"column":null}},"44":{"start":{"line":181,"column":48},"end":{"line":181,"column":null}},"45":{"start":{"line":182,"column":38},"end":{"line":182,"column":null}},"46":{"start":{"line":183,"column":31},"end":{"line":183,"column":null}},"47":{"start":{"line":184,"column":36},"end":{"line":184,"column":null}},"48":{"start":{"line":185,"column":36},"end":{"line":185,"column":null}},"49":{"start":{"line":186,"column":32},"end":{"line":186,"column":null}},"50":{"start":{"line":187,"column":48},"end":{"line":187,"column":null}},"51":{"start":{"line":188,"column":38},"end":{"line":190,"column":null}},"52":{"start":{"line":191,"column":52},"end":{"line":203,"column":null}},"53":{"start":{"line":194,"column":32},"end":{"line":200,"column":null}},"54":{"start":{"line":196,"column":8},"end":{"line":196,"column":null}},"55":{"start":{"line":197,"column":8},"end":{"line":197,"column":null}},"56":{"start":{"line":202,"column":4},"end":{"line":202,"column":null}},"57":{"start":{"line":204,"column":40},"end":{"line":204,"column":null}},"58":{"start":{"line":206,"column":18},"end":{"line":272,"column":null}},"59":{"start":{"line":207,"column":23},"end":{"line":207,"column":null}},"60":{"start":{"line":208,"column":20},"end":{"line":208,"column":null}},"61":{"start":{"line":210,"column":4},"end":{"line":212,"column":null}},"62":{"start":{"line":211,"column":6},"end":{"line":211,"column":null}},"63":{"start":{"line":214,"column":40},"end":{"line":222,"column":null}},"64":{"start":{"line":224,"column":40},"end":{"line":227,"column":null}},"65":{"start":{"line":228,"column":18},"end":{"line":228,"column":null}},"66":{"start":{"line":229,"column":18},"end":{"line":229,"column":null}},"67":{"start":{"line":231,"column":33},"end":{"line":231,"column":null}},"68":{"start":{"line":234,"column":6},"end":{"line":234,"column":null}},"69":{"start":{"line":236,"column":4},"end":{"line":240,"column":null}},"70":{"start":{"line":237,"column":6},"end":{"line":239,"column":null}},"71":{"start":{"line":238,"column":8},"end":{"line":238,"column":null}},"72":{"start":{"line":242,"column":25},"end":{"line":254,"column":null}},"73":{"start":{"line":243,"column":23},"end":{"line":245,"column":null}},"74":{"start":{"line":244,"column":23},"end":{"line":244,"column":null}},"75":{"start":{"line":246,"column":33},"end":{"line":246,"column":null}},"76":{"start":{"line":247,"column":6},"end":{"line":247,"column":null}},"77":{"start":{"line":248,"column":6},"end":{"line":248,"column":null}},"78":{"start":{"line":249,"column":76},"end":{"line":249,"column":null}},"79":{"start":{"line":250,"column":6},"end":{"line":252,"column":null}},"80":{"start":{"line":251,"column":8},"end":{"line":251,"column":null}},"81":{"start":{"line":253,"column":6},"end":{"line":253,"column":null}},"82":{"start":{"line":255,"column":30},"end":{"line":261,"column":null}},"83":{"start":{"line":256,"column":76},"end":{"line":256,"column":null}},"84":{"start":{"line":257,"column":6},"end":{"line":259,"column":null}},"85":{"start":{"line":258,"column":8},"end":{"line":258,"column":null}},"86":{"start":{"line":260,"column":6},"end":{"line":260,"column":null}},"87":{"start":{"line":262,"column":4},"end":{"line":262,"column":null}},"88":{"start":{"line":263,"column":4},"end":{"line":263,"column":null}},"89":{"start":{"line":265,"column":4},"end":{"line":271,"column":null}},"90":{"start":{"line":266,"column":6},"end":{"line":266,"column":null}},"91":{"start":{"line":267,"column":6},"end":{"line":267,"column":null}},"92":{"start":{"line":269,"column":6},"end":{"line":269,"column":null}},"93":{"start":{"line":270,"column":6},"end":{"line":270,"column":null}},"94":{"start":{"line":274,"column":2},"end":{"line":276,"column":null}},"95":{"start":{"line":275,"column":4},"end":{"line":275,"column":null}},"96":{"start":{"line":278,"column":37},"end":{"line":281,"column":null}},"97":{"start":{"line":282,"column":38},"end":{"line":285,"column":null}},"98":{"start":{"line":287,"column":28},"end":{"line":291,"column":null}},"99":{"start":{"line":288,"column":4},"end":{"line":290,"column":null}},"100":{"start":{"line":289,"column":6},"end":{"line":289,"column":null}},"101":{"start":{"line":293,"column":21},"end":{"line":309,"column":null}},"102":{"start":{"line":294,"column":4},"end":{"line":296,"column":null}},"103":{"start":{"line":295,"column":6},"end":{"line":295,"column":null}},"104":{"start":{"line":298,"column":48},"end":{"line":301,"column":null}},"105":{"start":{"line":303,"column":25},"end":{"line":303,"column":null}},"106":{"start":{"line":304,"column":28},"end":{"line":306,"column":null}},"107":{"start":{"line":305,"column":18},"end":{"line":305,"column":null}},"108":{"start":{"line":308,"column":4},"end":{"line":308,"column":null}},"109":{"start":{"line":310,"column":23},"end":{"line":326,"column":null}},"110":{"start":{"line":311,"column":4},"end":{"line":313,"column":null}},"111":{"start":{"line":312,"column":6},"end":{"line":312,"column":null}},"112":{"start":{"line":315,"column":50},"end":{"line":318,"column":null}},"113":{"start":{"line":320,"column":27},"end":{"line":320,"column":null}},"114":{"start":{"line":321,"column":30},"end":{"line":323,"column":null}},"115":{"start":{"line":322,"column":16},"end":{"line":322,"column":null}},"116":{"start":{"line":325,"column":4},"end":{"line":325,"column":null}},"117":{"start":{"line":327,"column":28},"end":{"line":329,"column":null}},"118":{"start":{"line":328,"column":4},"end":{"line":328,"column":null}},"119":{"start":{"line":331,"column":32},"end":{"line":333,"column":null}},"120":{"start":{"line":332,"column":4},"end":{"line":332,"column":null}},"121":{"start":{"line":334,"column":30},"end":{"line":336,"column":null}},"122":{"start":{"line":335,"column":4},"end":{"line":335,"column":null}},"123":{"start":{"line":338,"column":34},"end":{"line":340,"column":null}},"124":{"start":{"line":339,"column":4},"end":{"line":339,"column":null}},"125":{"start":{"line":342,"column":28},"end":{"line":344,"column":null}},"126":{"start":{"line":343,"column":4},"end":{"line":343,"column":null}},"127":{"start":{"line":345,"column":36},"end":{"line":347,"column":null}},"128":{"start":{"line":346,"column":4},"end":{"line":346,"column":null}},"129":{"start":{"line":348,"column":2},"end":{"line":352,"column":null}},"130":{"start":{"line":349,"column":4},"end":{"line":351,"column":null}},"131":{"start":{"line":350,"column":6},"end":{"line":350,"column":null}},"132":{"start":{"line":354,"column":2},"end":{"line":358,"column":null}},"133":{"start":{"line":355,"column":4},"end":{"line":357,"column":null}},"134":{"start":{"line":356,"column":6},"end":{"line":356,"column":null}},"135":{"start":{"line":360,"column":21},"end":{"line":373,"column":null}},"136":{"start":{"line":361,"column":4},"end":{"line":363,"column":null}},"137":{"start":{"line":362,"column":6},"end":{"line":362,"column":null}},"138":{"start":{"line":365,"column":47},"end":{"line":368,"column":null}},"139":{"start":{"line":370,"column":24},"end":{"line":370,"column":null}},"140":{"start":{"line":372,"column":4},"end":{"line":372,"column":null}},"141":{"start":{"line":375,"column":2},"end":{"line":380,"column":null}},"142":{"start":{"line":376,"column":4},"end":{"line":376,"column":null}},"143":{"start":{"line":377,"column":4},"end":{"line":377,"column":null}},"144":{"start":{"line":378,"column":4},"end":{"line":378,"column":null}},"145":{"start":{"line":379,"column":4},"end":{"line":379,"column":null}},"146":{"start":{"line":382,"column":36},"end":{"line":387,"column":null}},"147":{"start":{"line":388,"column":21},"end":{"line":390,"column":null}},"148":{"start":{"line":392,"column":21},"end":{"line":396,"column":null}},"149":{"start":{"line":393,"column":18},"end":{"line":393,"column":null}},"150":{"start":{"line":394,"column":4},"end":{"line":394,"column":null}},"151":{"start":{"line":395,"column":4},"end":{"line":395,"column":null}},"152":{"start":{"line":399,"column":21},"end":{"line":405,"column":null}},"153":{"start":{"line":400,"column":4},"end":{"line":404,"column":null}},"154":{"start":{"line":401,"column":6},"end":{"line":401,"column":null}},"155":{"start":{"line":403,"column":6},"end":{"line":403,"column":null}},"156":{"start":{"line":408,"column":33},"end":{"line":411,"column":null}},"157":{"start":{"line":409,"column":4},"end":{"line":409,"column":null}},"158":{"start":{"line":410,"column":4},"end":{"line":410,"column":null}},"159":{"start":{"line":414,"column":27},"end":{"line":416,"column":null}},"160":{"start":{"line":415,"column":4},"end":{"line":415,"column":null}},"161":{"start":{"line":417,"column":28},"end":{"line":420,"column":null}},"162":{"start":{"line":418,"column":4},"end":{"line":418,"column":null}},"163":{"start":{"line":419,"column":4},"end":{"line":419,"column":null}},"164":{"start":{"line":422,"column":22},"end":{"line":470,"column":null}},"165":{"start":{"line":429,"column":4},"end":{"line":429,"column":null}},"166":{"start":{"line":430,"column":4},"end":{"line":462,"column":null}},"167":{"start":{"line":449,"column":22},"end":{"line":452,"column":null}},"168":{"start":{"line":453,"column":8},"end":{"line":453,"column":null}},"169":{"start":{"line":454,"column":8},"end":{"line":460,"column":null}},"170":{"start":{"line":461,"column":8},"end":{"line":461,"column":null}},"171":{"start":{"line":461,"column":40},"end":{"line":461,"column":72}},"172":{"start":{"line":463,"column":30},"end":{"line":465,"column":null}},"173":{"start":{"line":464,"column":18},"end":{"line":464,"column":null}},"174":{"start":{"line":466,"column":4},"end":{"line":468,"column":null}},"175":{"start":{"line":467,"column":6},"end":{"line":467,"column":null}},"176":{"start":{"line":469,"column":4},"end":{"line":469,"column":null}},"177":{"start":{"line":472,"column":24},"end":{"line":500,"column":null}},"178":{"start":{"line":473,"column":4},"end":{"line":473,"column":null}},"179":{"start":{"line":474,"column":4},"end":{"line":496,"column":null}},"180":{"start":{"line":489,"column":8},"end":{"line":495,"column":null}},"181":{"start":{"line":490,"column":24},"end":{"line":493,"column":null}},"182":{"start":{"line":494,"column":10},"end":{"line":494,"column":null}},"183":{"start":{"line":497,"column":21},"end":{"line":497,"column":null}},"184":{"start":{"line":497,"column":53},"end":{"line":497,"column":72}},"185":{"start":{"line":498,"column":4},"end":{"line":498,"column":null}},"186":{"start":{"line":499,"column":4},"end":{"line":499,"column":null}},"187":{"start":{"line":502,"column":28},"end":{"line":535,"column":null}},"188":{"start":{"line":507,"column":30},"end":{"line":509,"column":null}},"189":{"start":{"line":508,"column":18},"end":{"line":508,"column":null}},"190":{"start":{"line":510,"column":4},"end":{"line":512,"column":null}},"191":{"start":{"line":511,"column":6},"end":{"line":511,"column":null}},"192":{"start":{"line":513,"column":40},"end":{"line":513,"column":null}},"193":{"start":{"line":514,"column":41},"end":{"line":514,"column":null}},"194":{"start":{"line":515,"column":4},"end":{"line":529,"column":null}},"195":{"start":{"line":516,"column":6},"end":{"line":516,"column":null}},"196":{"start":{"line":517,"column":6},"end":{"line":517,"column":null}},"197":{"start":{"line":519,"column":6},"end":{"line":528,"column":null}},"198":{"start":{"line":520,"column":8},"end":{"line":520,"column":null}},"199":{"start":{"line":521,"column":8},"end":{"line":521,"column":null}},"200":{"start":{"line":522,"column":6},"end":{"line":528,"column":null}},"201":{"start":{"line":523,"column":8},"end":{"line":523,"column":null}},"202":{"start":{"line":524,"column":8},"end":{"line":524,"column":null}},"203":{"start":{"line":526,"column":8},"end":{"line":526,"column":null}},"204":{"start":{"line":527,"column":8},"end":{"line":527,"column":null}},"205":{"start":{"line":531,"column":4},"end":{"line":534,"column":null}},"206":{"start":{"line":531,"column":41},"end":{"line":534,"column":6}},"207":{"start":{"line":537,"column":44},"end":{"line":539,"column":null}},"208":{"start":{"line":538,"column":26},"end":{"line":538,"column":null}},"209":{"start":{"line":540,"column":27},"end":{"line":574,"column":null}},"210":{"start":{"line":541,"column":4},"end":{"line":541,"column":null}},"211":{"start":{"line":543,"column":19},"end":{"line":543,"column":null}},"212":{"start":{"line":544,"column":4},"end":{"line":547,"column":null}},"213":{"start":{"line":545,"column":6},"end":{"line":545,"column":null}},"214":{"start":{"line":546,"column":6},"end":{"line":546,"column":null}},"215":{"start":{"line":549,"column":4},"end":{"line":556,"column":null}},"216":{"start":{"line":558,"column":34},"end":{"line":560,"column":null}},"217":{"start":{"line":562,"column":40},"end":{"line":568,"column":null}},"218":{"start":{"line":569,"column":4},"end":{"line":571,"column":null}},"219":{"start":{"line":570,"column":6},"end":{"line":570,"column":null}},"220":{"start":{"line":572,"column":4},"end":{"line":572,"column":null}},"221":{"start":{"line":573,"column":4},"end":{"line":573,"column":null}},"222":{"start":{"line":577,"column":28},"end":{"line":584,"column":null}},"223":{"start":{"line":581,"column":21},"end":{"line":581,"column":null}},"224":{"start":{"line":582,"column":4},"end":{"line":582,"column":null}},"225":{"start":{"line":583,"column":4},"end":{"line":583,"column":null}},"226":{"start":{"line":587,"column":28},"end":{"line":601,"column":null}},"227":{"start":{"line":588,"column":21},"end":{"line":588,"column":null}},"228":{"start":{"line":589,"column":4},"end":{"line":589,"column":null}},"229":{"start":{"line":590,"column":4},"end":{"line":590,"column":null}},"230":{"start":{"line":591,"column":17},"end":{"line":591,"column":null}},"231":{"start":{"line":592,"column":4},"end":{"line":597,"column":null}},"232":{"start":{"line":593,"column":6},"end":{"line":596,"column":null}},"233":{"start":{"line":594,"column":8},"end":{"line":594,"column":null}},"234":{"start":{"line":594,"column":53},"end":{"line":594,"column":62}},"235":{"start":{"line":595,"column":8},"end":{"line":595,"column":null}},"236":{"start":{"line":598,"column":4},"end":{"line":600,"column":null}},"237":{"start":{"line":598,"column":58},"end":{"line":598,"column":76}},"238":{"start":{"line":599,"column":6},"end":{"line":599,"column":null}},"239":{"start":{"line":604,"column":29},"end":{"line":615,"column":null}},"240":{"start":{"line":604,"column":68},"end":{"line":615,"column":null}},"241":{"start":{"line":605,"column":25},"end":{"line":605,"column":null}},"242":{"start":{"line":606,"column":23},"end":{"line":606,"column":null}},"243":{"start":{"line":608,"column":4},"end":{"line":612,"column":null}},"244":{"start":{"line":609,"column":6},"end":{"line":609,"column":null}},"245":{"start":{"line":611,"column":6},"end":{"line":611,"column":null}},"246":{"start":{"line":614,"column":4},"end":{"line":614,"column":null}},"247":{"start":{"line":618,"column":22},"end":{"line":625,"column":null}},"248":{"start":{"line":619,"column":54},"end":{"line":619,"column":null}},"249":{"start":{"line":620,"column":4},"end":{"line":622,"column":null}},"250":{"start":{"line":621,"column":6},"end":{"line":621,"column":null}},"251":{"start":{"line":623,"column":4},"end":{"line":623,"column":null}},"252":{"start":{"line":624,"column":4},"end":{"line":624,"column":null}},"253":{"start":{"line":630,"column":25},"end":{"line":659,"column":null}},"254":{"start":{"line":631,"column":4},"end":{"line":633,"column":null}},"255":{"start":{"line":632,"column":6},"end":{"line":632,"column":null}},"256":{"start":{"line":635,"column":4},"end":{"line":640,"column":null}},"257":{"start":{"line":636,"column":6},"end":{"line":639,"column":null}},"258":{"start":{"line":642,"column":4},"end":{"line":648,"column":null}},"259":{"start":{"line":643,"column":21},"end":{"line":643,"column":null}},"260":{"start":{"line":644,"column":6},"end":{"line":647,"column":null}},"261":{"start":{"line":649,"column":4},"end":{"line":657,"column":null}},"262":{"start":{"line":661,"column":28},"end":{"line":686,"column":null}},"263":{"start":{"line":662,"column":19},"end":{"line":662,"column":null}},"264":{"start":{"line":663,"column":4},"end":{"line":663,"column":null}},"265":{"start":{"line":665,"column":4},"end":{"line":668,"column":null}},"266":{"start":{"line":666,"column":6},"end":{"line":666,"column":null}},"267":{"start":{"line":667,"column":6},"end":{"line":667,"column":null}},"268":{"start":{"line":669,"column":4},"end":{"line":675,"column":null}},"269":{"start":{"line":670,"column":6},"end":{"line":672,"column":null}},"270":{"start":{"line":673,"column":6},"end":{"line":673,"column":null}},"271":{"start":{"line":674,"column":6},"end":{"line":674,"column":null}},"272":{"start":{"line":676,"column":23},"end":{"line":676,"column":null}},"273":{"start":{"line":678,"column":4},"end":{"line":678,"column":null}},"274":{"start":{"line":679,"column":22},"end":{"line":679,"column":null}},"275":{"start":{"line":680,"column":26},"end":{"line":680,"column":null}},"276":{"start":{"line":681,"column":4},"end":{"line":685,"column":null}},"277":{"start":{"line":688,"column":22},"end":{"line":705,"column":null}},"278":{"start":{"line":689,"column":4},"end":{"line":691,"column":null}},"279":{"start":{"line":690,"column":6},"end":{"line":690,"column":null}},"280":{"start":{"line":693,"column":4},"end":{"line":695,"column":null}},"281":{"start":{"line":694,"column":6},"end":{"line":694,"column":null}},"282":{"start":{"line":698,"column":4},"end":{"line":704,"column":null}},"283":{"start":{"line":699,"column":6},"end":{"line":702,"column":null}},"284":{"start":{"line":701,"column":8},"end":{"line":701,"column":null}},"285":{"start":{"line":703,"column":6},"end":{"line":703,"column":null}},"286":{"start":{"line":707,"column":21},"end":{"line":762,"column":null}},"287":{"start":{"line":708,"column":26},"end":{"line":753,"column":null}},"288":{"start":{"line":709,"column":6},"end":{"line":709,"column":null}},"289":{"start":{"line":709,"column":28},"end":{"line":709,"column":null}},"290":{"start":{"line":711,"column":23},"end":{"line":711,"column":null}},"291":{"start":{"line":712,"column":25},"end":{"line":712,"column":null}},"292":{"start":{"line":714,"column":21},"end":{"line":714,"column":null}},"293":{"start":{"line":715,"column":6},"end":{"line":718,"column":null}},"294":{"start":{"line":716,"column":8},"end":{"line":716,"column":null}},"295":{"start":{"line":717,"column":8},"end":{"line":717,"column":null}},"296":{"start":{"line":720,"column":6},"end":{"line":726,"column":null}},"297":{"start":{"line":728,"column":30},"end":{"line":728,"column":null}},"298":{"start":{"line":730,"column":36},"end":{"line":730,"column":null}},"299":{"start":{"line":732,"column":6},"end":{"line":751,"column":null}},"300":{"start":{"line":733,"column":44},"end":{"line":739,"column":null}},"301":{"start":{"line":740,"column":8},"end":{"line":742,"column":null}},"302":{"start":{"line":741,"column":10},"end":{"line":741,"column":null}},"303":{"start":{"line":744,"column":28},"end":{"line":744,"column":null}},"304":{"start":{"line":745,"column":8},"end":{"line":745,"column":null}},"305":{"start":{"line":746,"column":8},"end":{"line":746,"column":null}},"306":{"start":{"line":750,"column":8},"end":{"line":750,"column":null}},"307":{"start":{"line":752,"column":6},"end":{"line":752,"column":null}},"308":{"start":{"line":755,"column":4},"end":{"line":760,"column":null}},"309":{"start":{"line":761,"column":4},"end":{"line":761,"column":null}},"310":{"start":{"line":763,"column":24},"end":{"line":767,"column":null}},"311":{"start":{"line":764,"column":4},"end":{"line":766,"column":null}},"312":{"start":{"line":765,"column":6},"end":{"line":765,"column":null}},"313":{"start":{"line":768,"column":30},"end":{"line":771,"column":null}},"314":{"start":{"line":769,"column":4},"end":{"line":769,"column":null}},"315":{"start":{"line":770,"column":4},"end":{"line":770,"column":null}},"316":{"start":{"line":772,"column":2},"end":{"line":955,"column":null}},"317":{"start":{"line":773,"column":26},"end":{"line":941,"column":null}},"318":{"start":{"line":774,"column":6},"end":{"line":776,"column":null}},"319":{"start":{"line":775,"column":8},"end":{"line":775,"column":null}},"320":{"start":{"line":777,"column":32},"end":{"line":782,"column":null}},"321":{"start":{"line":779,"column":10},"end":{"line":781,"column":null}},"322":{"start":{"line":784,"column":6},"end":{"line":940,"column":null}},"323":{"start":{"line":789,"column":8},"end":{"line":796,"column":null}},"324":{"start":{"line":799,"column":6},"end":{"line":940,"column":null}},"325":{"start":{"line":800,"column":8},"end":{"line":807,"column":null}},"326":{"start":{"line":810,"column":6},"end":{"line":940,"column":null}},"327":{"start":{"line":811,"column":8},"end":{"line":818,"column":null}},"328":{"start":{"line":821,"column":6},"end":{"line":940,"column":null}},"329":{"start":{"line":822,"column":8},"end":{"line":829,"column":null}},"330":{"start":{"line":832,"column":6},"end":{"line":940,"column":null}},"331":{"start":{"line":833,"column":8},"end":{"line":846,"column":null}},"332":{"start":{"line":839,"column":18},"end":{"line":839,"column":null}},"333":{"start":{"line":848,"column":6},"end":{"line":940,"column":null}},"334":{"start":{"line":849,"column":8},"end":{"line":862,"column":null}},"335":{"start":{"line":855,"column":18},"end":{"line":855,"column":null}},"336":{"start":{"line":864,"column":6},"end":{"line":940,"column":null}},"337":{"start":{"line":865,"column":8},"end":{"line":885,"column":null}},"338":{"start":{"line":874,"column":14},"end":{"line":874,"column":null}},"339":{"start":{"line":875,"column":14},"end":{"line":875,"column":null}},"340":{"start":{"line":881,"column":14},"end":{"line":883,"column":null}},"341":{"start":{"line":887,"column":6},"end":{"line":940,"column":null}},"342":{"start":{"line":888,"column":8},"end":{"line":899,"column":null}},"343":{"start":{"line":896,"column":14},"end":{"line":896,"column":null}},"344":{"start":{"line":897,"column":14},"end":{"line":897,"column":null}},"345":{"start":{"line":902,"column":6},"end":{"line":940,"column":null}},"346":{"start":{"line":903,"column":8},"end":{"line":910,"column":null}},"347":{"start":{"line":913,"column":6},"end":{"line":940,"column":null}},"348":{"start":{"line":914,"column":8},"end":{"line":937,"column":null}},"349":{"start":{"line":923,"column":14},"end":{"line":923,"column":null}},"350":{"start":{"line":924,"column":14},"end":{"line":924,"column":null}},"351":{"start":{"line":930,"column":14},"end":{"line":936,"column":null}},"352":{"start":{"line":942,"column":4},"end":{"line":942,"column":null}},"353":{"start":{"line":942,"column":24},"end":{"line":942,"column":72}},"354":{"start":{"line":956,"column":2},"end":{"line":958,"column":null}},"355":{"start":{"line":957,"column":4},"end":{"line":957,"column":null}},"356":{"start":{"line":961,"column":26},"end":{"line":982,"column":null}},"357":{"start":{"line":962,"column":4},"end":{"line":962,"column":null}},"358":{"start":{"line":963,"column":4},"end":{"line":963,"column":null}},"359":{"start":{"line":964,"column":4},"end":{"line":964,"column":null}},"360":{"start":{"line":965,"column":4},"end":{"line":965,"column":null}},"361":{"start":{"line":966,"column":4},"end":{"line":968,"column":null}},"362":{"start":{"line":967,"column":6},"end":{"line":967,"column":null}},"363":{"start":{"line":969,"column":4},"end":{"line":971,"column":null}},"364":{"start":{"line":970,"column":6},"end":{"line":970,"column":null}},"365":{"start":{"line":972,"column":19},"end":{"line":972,"column":null}},"366":{"start":{"line":973,"column":21},"end":{"line":973,"column":null}},"367":{"start":{"line":974,"column":4},"end":{"line":976,"column":null}},"368":{"start":{"line":975,"column":6},"end":{"line":975,"column":null}},"369":{"start":{"line":977,"column":4},"end":{"line":980,"column":null}},"370":{"start":{"line":981,"column":4},"end":{"line":981,"column":null}},"371":{"start":{"line":985,"column":28},"end":{"line":987,"column":null}},"372":{"start":{"line":986,"column":4},"end":{"line":986,"column":null}},"373":{"start":{"line":989,"column":2},"end":{"line":1419,"column":null}},"374":{"start":{"line":1002,"column":27},"end":{"line":1002,"column":47}},"375":{"start":{"line":1009,"column":29},"end":{"line":1009,"column":null}},"376":{"start":{"line":1019,"column":12},"end":{"line":1039,"column":null}},"377":{"start":{"line":1032,"column":20},"end":{"line":1032,"column":null}},"378":{"start":{"line":1034,"column":38},"end":{"line":1034,"column":null}},"379":{"start":{"line":1045,"column":16},"end":{"line":1045,"column":null}},"380":{"start":{"line":1046,"column":16},"end":{"line":1046,"column":null}},"381":{"start":{"line":1055,"column":12},"end":{"line":1074,"column":null}},"382":{"start":{"line":1067,"column":20},"end":{"line":1067,"column":null}},"383":{"start":{"line":1069,"column":38},"end":{"line":1069,"column":null}},"384":{"start":{"line":1080,"column":16},"end":{"line":1080,"column":null}},"385":{"start":{"line":1081,"column":16},"end":{"line":1081,"column":null}},"386":{"start":{"line":1114,"column":16},"end":{"line":1205,"column":null}},"387":{"start":{"line":1121,"column":35},"end":{"line":1121,"column":null}},"388":{"start":{"line":1132,"column":40},"end":{"line":1132,"column":null}},"389":{"start":{"line":1142,"column":35},"end":{"line":1142,"column":null}},"390":{"start":{"line":1164,"column":37},"end":{"line":1164,"column":null}},"391":{"start":{"line":1173,"column":51},"end":{"line":1173,"column":78}},"392":{"start":{"line":1176,"column":24},"end":{"line":1178,"column":null}},"393":{"start":{"line":1177,"column":26},"end":{"line":1177,"column":null}},"394":{"start":{"line":1179,"column":24},"end":{"line":1200,"column":null}},"395":{"start":{"line":1211,"column":14},"end":{"line":1257,"column":null}},"396":{"start":{"line":1214,"column":31},"end":{"line":1214,"column":null}},"397":{"start":{"line":1215,"column":37},"end":{"line":1215,"column":null}},"398":{"start":{"line":1219,"column":18},"end":{"line":1252,"column":null}},"399":{"start":{"line":1222,"column":22},"end":{"line":1222,"column":null}},"400":{"start":{"line":1232,"column":26},"end":{"line":1232,"column":null}},"401":{"start":{"line":1235,"column":26},"end":{"line":1235,"column":null}},"402":{"start":{"line":1246,"column":47},"end":{"line":1246,"column":null}},"403":{"start":{"line":1275,"column":25},"end":{"line":1275,"column":51}},"404":{"start":{"line":1313,"column":10},"end":{"line":1313,"column":null}},"405":{"start":{"line":1314,"column":10},"end":{"line":1314,"column":null}},"406":{"start":{"line":1315,"column":10},"end":{"line":1315,"column":null}},"407":{"start":{"line":1316,"column":10},"end":{"line":1316,"column":null}},"408":{"start":{"line":1317,"column":10},"end":{"line":1317,"column":null}},"409":{"start":{"line":1318,"column":10},"end":{"line":1318,"column":null}},"410":{"start":{"line":1329,"column":20},"end":{"line":1338,"column":null}},"411":{"start":{"line":1330,"column":22},"end":{"line":1336,"column":null}},"412":{"start":{"line":1341,"column":20},"end":{"line":1354,"column":null}},"413":{"start":{"line":1342,"column":22},"end":{"line":1352,"column":null}},"414":{"start":{"line":1363,"column":20},"end":{"line":1363,"column":null}},"415":{"start":{"line":1364,"column":20},"end":{"line":1364,"column":null}},"416":{"start":{"line":1365,"column":20},"end":{"line":1365,"column":null}},"417":{"start":{"line":1366,"column":20},"end":{"line":1366,"column":null}},"418":{"start":{"line":1367,"column":20},"end":{"line":1367,"column":null}},"419":{"start":{"line":1368,"column":20},"end":{"line":1368,"column":null}},"420":{"start":{"line":1411,"column":31},"end":{"line":1411,"column":50}}},"fnMap":{"0":{"name":"(anonymous_0)","decl":{"start":{"line":113,"column":52},"end":{"line":113,"column":53}},"loc":{"start":{"line":117,"column":6},"end":{"line":1421,"column":null}}},"1":{"name":"(anonymous_1)","decl":{"start":{"line":168,"column":21},"end":{"line":168,"column":27}},"loc":{"start":{"line":168,"column":27},"end":{"line":168,"column":null}}},"2":{"name":"(anonymous_2)","decl":{"start":{"line":175,"column":4},"end":{"line":175,"column":5}},"loc":{"start":{"line":175,"column":16},"end":{"line":175,"column":null}}},"3":{"name":"(anonymous_3)","decl":{"start":{"line":193,"column":5},"end":{"line":193,"column":11}},"loc":{"start":{"line":193,"column":11},"end":{"line":203,"column":3}}},"4":{"name":"(anonymous_4)","decl":{"start":{"line":195,"column":6},"end":{"line":195,"column":7}},"loc":{"start":{"line":195,"column":23},"end":{"line":198,"column":null}}},"5":{"name":"(anonymous_5)","decl":{"start":{"line":206,"column":18},"end":{"line":206,"column":30}},"loc":{"start":{"line":206,"column":30},"end":{"line":272,"column":null}}},"6":{"name":"(anonymous_6)","decl":{"start":{"line":236,"column":23},"end":{"line":236,"column":24}},"loc":{"start":{"line":236,"column":35},"end":{"line":240,"column":5}}},"7":{"name":"(anonymous_7)","decl":{"start":{"line":242,"column":36},"end":{"line":242,"column":37}},"loc":{"start":{"line":242,"column":45},"end":{"line":254,"column":5}}},"8":{"name":"(anonymous_8)","decl":{"start":{"line":244,"column":8},"end":{"line":244,"column":9}},"loc":{"start":{"line":244,"column":23},"end":{"line":244,"column":null}}},"9":{"name":"(anonymous_9)","decl":{"start":{"line":250,"column":25},"end":{"line":250,"column":26}},"loc":{"start":{"line":250,"column":37},"end":{"line":252,"column":7}}},"10":{"name":"(anonymous_10)","decl":{"start":{"line":255,"column":41},"end":{"line":255,"column":42}},"loc":{"start":{"line":255,"column":50},"end":{"line":261,"column":5}}},"11":{"name":"(anonymous_11)","decl":{"start":{"line":257,"column":25},"end":{"line":257,"column":26}},"loc":{"start":{"line":257,"column":37},"end":{"line":259,"column":7}}},"12":{"name":"(anonymous_12)","decl":{"start":{"line":274,"column":12},"end":{"line":274,"column":18}},"loc":{"start":{"line":274,"column":18},"end":{"line":276,"column":5}}},"13":{"name":"(anonymous_13)","decl":{"start":{"line":287,"column":28},"end":{"line":287,"column":40}},"loc":{"start":{"line":287,"column":40},"end":{"line":291,"column":null}}},"14":{"name":"(anonymous_14)","decl":{"start":{"line":288,"column":48},"end":{"line":288,"column":49}},"loc":{"start":{"line":288,"column":62},"end":{"line":290,"column":5}}},"15":{"name":"(anonymous_15)","decl":{"start":{"line":293,"column":21},"end":{"line":293,"column":33}},"loc":{"start":{"line":293,"column":33},"end":{"line":309,"column":null}}},"16":{"name":"(anonymous_16)","decl":{"start":{"line":305,"column":6},"end":{"line":305,"column":7}},"loc":{"start":{"line":305,"column":18},"end":{"line":305,"column":null}}},"17":{"name":"(anonymous_17)","decl":{"start":{"line":310,"column":23},"end":{"line":310,"column":35}},"loc":{"start":{"line":310,"column":35},"end":{"line":326,"column":null}}},"18":{"name":"(anonymous_18)","decl":{"start":{"line":322,"column":6},"end":{"line":322,"column":7}},"loc":{"start":{"line":322,"column":16},"end":{"line":322,"column":null}}},"19":{"name":"(anonymous_19)","decl":{"start":{"line":327,"column":28},"end":{"line":327,"column":35}},"loc":{"start":{"line":327,"column":59},"end":{"line":329,"column":null}}},"20":{"name":"(anonymous_20)","decl":{"start":{"line":331,"column":32},"end":{"line":331,"column":38}},"loc":{"start":{"line":331,"column":38},"end":{"line":333,"column":null}}},"21":{"name":"(anonymous_21)","decl":{"start":{"line":334,"column":30},"end":{"line":334,"column":37}},"loc":{"start":{"line":334,"column":61},"end":{"line":336,"column":null}}},"22":{"name":"(anonymous_22)","decl":{"start":{"line":338,"column":34},"end":{"line":338,"column":40}},"loc":{"start":{"line":338,"column":40},"end":{"line":340,"column":null}}},"23":{"name":"(anonymous_23)","decl":{"start":{"line":342,"column":28},"end":{"line":342,"column":34}},"loc":{"start":{"line":342,"column":34},"end":{"line":344,"column":null}}},"24":{"name":"(anonymous_24)","decl":{"start":{"line":345,"column":36},"end":{"line":345,"column":42}},"loc":{"start":{"line":345,"column":42},"end":{"line":347,"column":null}}},"25":{"name":"(anonymous_25)","decl":{"start":{"line":348,"column":12},"end":{"line":348,"column":18}},"loc":{"start":{"line":348,"column":18},"end":{"line":352,"column":5}}},"26":{"name":"(anonymous_26)","decl":{"start":{"line":354,"column":12},"end":{"line":354,"column":18}},"loc":{"start":{"line":354,"column":18},"end":{"line":358,"column":5}}},"27":{"name":"(anonymous_27)","decl":{"start":{"line":360,"column":21},"end":{"line":360,"column":33}},"loc":{"start":{"line":360,"column":33},"end":{"line":373,"column":null}}},"28":{"name":"(anonymous_28)","decl":{"start":{"line":375,"column":12},"end":{"line":375,"column":18}},"loc":{"start":{"line":375,"column":18},"end":{"line":380,"column":5}}},"29":{"name":"(anonymous_29)","decl":{"start":{"line":392,"column":21},"end":{"line":392,"column":22}},"loc":{"start":{"line":392,"column":63},"end":{"line":396,"column":null}}},"30":{"name":"(anonymous_30)","decl":{"start":{"line":399,"column":36},"end":{"line":399,"column":37}},"loc":{"start":{"line":399,"column":46},"end":{"line":405,"column":3}}},"31":{"name":"(anonymous_31)","decl":{"start":{"line":408,"column":33},"end":{"line":408,"column":34}},"loc":{"start":{"line":408,"column":63},"end":{"line":411,"column":null}}},"32":{"name":"(anonymous_32)","decl":{"start":{"line":414,"column":27},"end":{"line":414,"column":28}},"loc":{"start":{"line":414,"column":77},"end":{"line":416,"column":null}}},"33":{"name":"(anonymous_33)","decl":{"start":{"line":417,"column":28},"end":{"line":417,"column":34}},"loc":{"start":{"line":417,"column":34},"end":{"line":420,"column":null}}},"34":{"name":"(anonymous_34)","decl":{"start":{"line":422,"column":22},"end":{"line":422,"column":null}},"loc":{"start":{"line":428,"column":7},"end":{"line":470,"column":null}}},"35":{"name":"(anonymous_35)","decl":{"start":{"line":448,"column":13},"end":{"line":448,"column":14}},"loc":{"start":{"line":448,"column":27},"end":{"line":462,"column":7}}},"36":{"name":"(anonymous_36)","decl":{"start":{"line":461,"column":25},"end":{"line":461,"column":26}},"loc":{"start":{"line":461,"column":40},"end":{"line":461,"column":72}}},"37":{"name":"(anonymous_37)","decl":{"start":{"line":464,"column":6},"end":{"line":464,"column":7}},"loc":{"start":{"line":464,"column":18},"end":{"line":464,"column":null}}},"38":{"name":"(anonymous_38)","decl":{"start":{"line":472,"column":24},"end":{"line":472,"column":31}},"loc":{"start":{"line":472,"column":58},"end":{"line":500,"column":null}}},"39":{"name":"(anonymous_39)","decl":{"start":{"line":488,"column":12},"end":{"line":488,"column":13}},"loc":{"start":{"line":488,"column":26},"end":{"line":496,"column":7}}},"40":{"name":"(anonymous_40)","decl":{"start":{"line":497,"column":43},"end":{"line":497,"column":44}},"loc":{"start":{"line":497,"column":53},"end":{"line":497,"column":72}}},"41":{"name":"(anonymous_41)","decl":{"start":{"line":502,"column":28},"end":{"line":502,"column":null}},"loc":{"start":{"line":506,"column":7},"end":{"line":535,"column":null}}},"42":{"name":"(anonymous_42)","decl":{"start":{"line":508,"column":6},"end":{"line":508,"column":7}},"loc":{"start":{"line":508,"column":18},"end":{"line":508,"column":null}}},"43":{"name":"(anonymous_43)","decl":{"start":{"line":531,"column":19},"end":{"line":531,"column":20}},"loc":{"start":{"line":531,"column":41},"end":{"line":534,"column":6}}},"44":{"name":"(anonymous_44)","decl":{"start":{"line":538,"column":4},"end":{"line":538,"column":5}},"loc":{"start":{"line":538,"column":26},"end":{"line":538,"column":null}}},"45":{"name":"(anonymous_45)","decl":{"start":{"line":540,"column":27},"end":{"line":540,"column":34}},"loc":{"start":{"line":540,"column":78},"end":{"line":574,"column":null}}},"46":{"name":"(anonymous_46)","decl":{"start":{"line":569,"column":35},"end":{"line":569,"column":41}},"loc":{"start":{"line":569,"column":41},"end":{"line":571,"column":5}}},"47":{"name":"(anonymous_47)","decl":{"start":{"line":577,"column":28},"end":{"line":577,"column":null}},"loc":{"start":{"line":580,"column":7},"end":{"line":584,"column":null}}},"48":{"name":"(anonymous_48)","decl":{"start":{"line":587,"column":28},"end":{"line":587,"column":29}},"loc":{"start":{"line":587,"column":47},"end":{"line":601,"column":null}}},"49":{"name":"(anonymous_49)","decl":{"start":{"line":592,"column":42},"end":{"line":592,"column":43}},"loc":{"start":{"line":592,"column":60},"end":{"line":597,"column":5}}},"50":{"name":"(anonymous_50)","decl":{"start":{"line":594,"column":43},"end":{"line":594,"column":44}},"loc":{"start":{"line":594,"column":53},"end":{"line":594,"column":62}}},"51":{"name":"(anonymous_51)","decl":{"start":{"line":598,"column":47},"end":{"line":598,"column":48}},"loc":{"start":{"line":598,"column":58},"end":{"line":598,"column":76}}},"52":{"name":"(anonymous_52)","decl":{"start":{"line":604,"column":29},"end":{"line":604,"column":30}},"loc":{"start":{"line":604,"column":68},"end":{"line":615,"column":null}}},"53":{"name":"(anonymous_53)","decl":{"start":{"line":604,"column":68},"end":{"line":604,"column":74}},"loc":{"start":{"line":604,"column":74},"end":{"line":615,"column":null}}},"54":{"name":"(anonymous_54)","decl":{"start":{"line":618,"column":22},"end":{"line":618,"column":28}},"loc":{"start":{"line":618,"column":28},"end":{"line":625,"column":null}}},"55":{"name":"(anonymous_55)","decl":{"start":{"line":620,"column":20},"end":{"line":620,"column":21}},"loc":{"start":{"line":620,"column":32},"end":{"line":622,"column":5}}},"56":{"name":"(anonymous_56)","decl":{"start":{"line":630,"column":25},"end":{"line":630,"column":26}},"loc":{"start":{"line":630,"column":45},"end":{"line":659,"column":null}}},"57":{"name":"(anonymous_57)","decl":{"start":{"line":661,"column":28},"end":{"line":661,"column":29}},"loc":{"start":{"line":661,"column":66},"end":{"line":686,"column":null}}},"58":{"name":"(anonymous_58)","decl":{"start":{"line":688,"column":22},"end":{"line":688,"column":23}},"loc":{"start":{"line":688,"column":36},"en
[...]
onymous_0)","decl":{"start":{"line":7,"column":2},"end":{"line":7,"column":14}},"loc":{"start":{"line":7,"column":38},"end":{"line":11,"column":null}}},"1":{"name":"(anonymous_1)","decl":{"start":{"line":13,"column":39},"end":{"line":13,"column":40}},"loc":{"start":{"line":13,"column":54},"end":{"line":16,"column":3}}},"2":{"name":"(anonymous_2)","decl":{"start":{"line":18,"column":47},"end":{"line":18,"column":53}},"loc":{"start":{"line":18,"column":53},"end":{"line":33,"column":3}}}},"branchMap":{"0":{"loc":{"start":{"line":8,"column":4},"end":{"line":10,"column":null}},"type":"if","locations":[{"start":{"line":8,"column":4},"end":{"line":10,"column":null}},{"start":{"line":8,"column":4},"end":{"line":10,"column":null}}]},"1":{"loc":{"start":{"line":21,"column":4},"end":{"line":32,"column":null}},"type":"switch","locations":[{"start":{"line":22,"column":6},"end":{"line":25,"column":null}},{"start":{"line":27,"column":6},"end":{"line":29,"column":null}},{"start":{"line":31,"column":6},"end":{"line":31,"column":null}}]},"2":{"loc":{"start":{"line":22,"column":28},"end":{"line":25,"column":54}},"type":"if","locations":[{"start":{"line":22,"column":28},"end":{"line":25,"column":54}},{"start":{"line":25,"column":11},"end":{"line":25,"column":54}}]},"3":{"loc":{"start":{"line":22,"column":32},"end":{"line":22,"column":91}},"type":"binary-expr","locations":[{"start":{"line":22,"column":32},"end":{"line":22,"column":45}},{"start":{"line":22,"column":45},"end":{"line":22,"column":91}}]},"4":{"loc":{"start":{"line":27,"column":20},"end":{"line":29,"column":null}},"type":"if","locations":[{"start":{"line":27,"column":20},"end":{"line":29,"column":null}},{"start":{"line":29,"column":13},"end":{"line":29,"column":null}}]},"5":{"loc":{"start":{"line":27,"column":24},"end":{"line":27,"column":81}},"type":"binary-expr","locations":[{"start":{"line":27,"column":24},"end":{"line":27,"column":37}},{"start":{"line":27,"column":37},"end":{"line":27,"column":81}}]}},"s":{"0":9,"1":9,"2":9,"3":9,"4":6,"5":6,"6":9,"7":8,"8":8,"9":3,"10":1,"11":2,"12":1,"13":1,"14":0,"15":4},"f":{"0":9,"1":6,"2":8},"b":{"0":[9,0],"1":[3,1,4],"2":[1,2],"3":[3,3],"4":[1,0],"5":[1,1]}}
,"/home/will/concordia/soen-490/UInnovate/UInnovateApp/src/virtualmodel/__mocks__/ScriptHandler.tsx": {"path":"/home/will/concordia/soen-490/UInnovate/UInnovateApp/src/virtualmodel/__mocks__/ScriptHandler.tsx","statementMap":{"0":{"start":{"line":11,"column":0},"end":{"line":11,"column":null}},"1":{"start":{"line":15,"column":4},"end":{"line":15,"column":null}},"2":{"start":{"line":17,"column":4},"end":{"line":17,"column":null}},"3":{"start":{"line":18,"column":4},"end":{"line":20,"column":null}},"4":{"start":{"line":21,"column":4},"end":{"line":21,"column":null}},"5":{"start":{"line":23,"column":4},"end":{"line":25,"column":null}},"6":{"start":{"line":24,"column":6},"end":{"line":24,"column":null}},"7":{"start":{"line":28,"column":9},"end":{"line":49,"column":null}},"8":{"start":{"line":29,"column":4},"end":{"line":29,"column":null}},"9":{"start":{"line":31,"column":4},"end":{"line":33,"column":null}},"10":{"start":{"line":32,"column":6},"end":{"line":32,"column":null}},"11":{"start":{"line":35,"column":29},"end":{"line":38,"column":null}},"12":{"start":{"line":40,"column":4},"end":{"line":42,"column":null}},"13":{"start":{"line":44,"column":4},"end":{"line":48,"column":null}},"14":{"start":{"line":45,"column":6},"end":{"line":45,"column":null}},"15":{"start":{"line":47,"column":6},"end":{"line":47,"column":null}},"16":{"start":{"line":51,"column":18},"end":{"line":80,"column":null}},"17":{"start":{"line":52,"column":4},"end":{"line":52,"column":null}},"18":{"start":{"line":53,"column":4},"end":{"line":53,"column":null}},"19":{"start":{"line":55,"column":4},"end":{"line":79,"column":null}},"20":{"start":{"line":56,"column":21},"end":{"line":72,"column":null}},"21":{"start":{"line":74,"column":6},"end":{"line":74,"column":null}},"22":{"start":{"line":75,"column":6},"end":{"line":75,"column":null}},"23":{"start":{"line":76,"column":6},"end":{"line":76,"column":null}},"24":{"start":{"line":78,"column":6},"end":{"line":78,"column":null}},"25":{"start":{"line":82,"column":20},"end":{"line":84,"column":null}},"26":{"start":{"line":83,"column":4},"end":{"line":83,"column":null}},"27":{"start":{"line":86,"column":14},"end":{"line":88,"column":null}},"28":{"start":{"line":87,"column":4},"end":{"line":87,"column":null}},"29":{"start":{"line":90,"column":17},"end":{"line":92,"column":null}},"30":{"start":{"line":91,"column":4},"end":{"line":91,"column":null}},"31":{"start":{"line":94,"column":20},"end":{"line":96,"column":null}},"32":{"start":{"line":95,"column":4},"end":{"line":95,"column":null}},"33":{"start":{"line":98,"column":13},"end":{"line":100,"column":null}},"34":{"start":{"line":99,"column":4},"end":{"line":99,"column":null}},"35":{"start":{"line":102,"column":16},"end":{"line":104,"column":null}},"36":{"start":{"line":103,"column":4},"end":{"line":103,"column":null}},"37":{"start":{"line":106,"column":18},"end":{"line":108,"column":null}},"38":{"start":{"line":107,"column":4},"end":{"line":107,"column":null}},"39":{"start":{"line":110,"column":14},"end":{"line":112,"column":null}},"40":{"start":{"line":111,"column":4},"end":{"line":111,"column":null}},"41":{"start":{"line":114,"column":17},"end":{"line":116,"column":null}},"42":{"start":{"line":115,"column":4},"end":{"line":115,"column":null}},"43":{"start":{"line":118,"column":20},"end":{"line":120,"column":null}},"44":{"start":{"line":119,"column":4},"end":{"line":119,"column":null}},"45":{"start":{"line":122,"column":13},"end":{"line":124,"column":null}},"46":{"start":{"line":123,"column":4},"end":{"line":123,"column":null}},"47":{"start":{"line":126,"column":16},"end":{"line":128,"column":null}},"48":{"start":{"line":127,"column":4},"end":{"line":127,"column":null}},"49":{"start":{"line":130,"column":18},"end":{"line":132,"column":null}},"50":{"start":{"line":131,"column":4},"end":{"line":131,"column":null}}},"fnMap":{"0":{"name":"(anonymous_0)","decl":{"start":{"line":14,"column":2},"end":{"line":14,"column":14}},"loc":{"start":{"line":14,"column":27},"end":{"line":26,"column":null}}},"1":{"name":"(anonymous_1)","decl":{"start":{"line":28,"column":36},"end":{"line":28,"column":48}},"loc":{"start":{"line":28,"column":48},"end":{"line":49,"column":3}}},"2":{"name":"(anonymous_2)","decl":{"start":{"line":51,"column":45},"end":{"line":51,"column":57}},"loc":{"start":{"line":51,"column":57},"end":{"line":80,"column":3}}},"3":{"name":"(anonymous_3)","decl":{"start":{"line":82,"column":47},"end":{"line":82,"column":53}},"loc":{"start":{"line":82,"column":53},"end":{"line":84,"column":3}}},"4":{"name":"(anonymous_4)","decl":{"start":{"line":86,"column":41},"end":{"line":86,"column":47}},"loc":{"start":{"line":86,"column":47},"end":{"line":88,"column":3}}},"5":{"name":"(anonymous_5)","decl":{"start":{"line":90,"column":44},"end":{"line":90,"column":50}},"loc":{"start":{"line":90,"column":50},"end":{"line":92,"column":3}}},"6":{"name":"(anonymous_6)","decl":{"start":{"line":94,"column":47},"end":{"line":94,"column":53}},"loc":{"start":{"line":94,"column":53},"end":{"line":96,"column":3}}},"7":{"name":"(anonymous_7)","decl":{"start":{"line":98,"column":40},"end":{"line":98,"column":46}},"loc":{"start":{"line":98,"column":46},"end":{"line":100,"column":3}}},"8":{"name":"(anonymous_8)","decl":{"start":{"line":102,"column":43},"end":{"line":102,"column":49}},"loc":{"start":{"line":102,"column":49},"end":{"line":104,"column":3}}},"9":{"name":"(anonymous_9)","decl":{"start":{"line":106,"column":45},"end":{"line":106,"column":51}},"loc":{"start":{"line":106,"column":51},"end":{"line":108,"column":3}}},"10":{"name":"(anonymous_10)","decl":{"start":{"line":110,"column":41},"end":{"line":110,"column":42}},"loc":{"start":{"line":110,"column":58},"end":{"line":112,"column":3}}},"11":{"name":"(anonymous_11)","decl":{"start":{"line":114,"column":44},"end":{"line":114,"column":45}},"loc":{"start":{"line":114,"column":67},"end":{"line":116,"column":3}}},"12":{"name":"(anonymous_12)","decl":{"start":{"line":118,"column":47},"end":{"line":118,"column":48}},"loc":{"start":{"line":118,"column":74},"end":{"line":120,"column":3}}},"13":{"name":"(anonymous_13)","decl":{"start":{"line":122,"column":40},"end":{"line":122,"column":41}},"loc":{"start":{"line":122,"column":58},"end":{"line":124,"column":3}}},"14":{"name":"(anonymous_14)","decl":{"start":{"line":126,"column":43},"end":{"line":126,"column":44}},"loc":{"start":{"line":126,"column":71},"end":{"line":128,"column":3}}},"15":{"name":"(anonymous_15)","decl":{"start":{"line":130,"column":45},"end":{"line":130,"column":46}},"loc":{"start":{"line":130,"column":70},"end":{"line":132,"column":3}}}},"branchMap":{"0":{"loc":{"start":{"line":23,"column":4},"end":{"line":25,"column":null}},"type":"if","locations":[{"start":{"line":23,"column":4},"end":{"line":25,"column":null}},{"start":{"line":23,"column":4},"end":{"line":25,"column":null}}]},"1":{"loc":{"start":{"line":31,"column":4},"end":{"line":33,"column":null}},"type":"if","locations":[{"start":{"line":31,"column":4},"end":{"line":33,"column":null}},{"start":{"line":31,"column":4},"end":{"line":33,"column":null}}]},"2":{"loc":{"start":{"line":31,"column":8},"end":{"line":31,"column":51}},"type":"binary-expr","locations":[{"start":{"line":31,"column":8},"end":{"line":31,"column":28}},{"start":{"line":31,"column":28},"end":{"line":31,"column":51}}]}},"s":{"0":1,"1":9,"2":9,"3":9,"4":9,"5":9,"6":7,"7":9,"8":3,"9":3,"10":2,"11":3,"12":3,"13":3,"14":3,"15":0,"16":9,"17":1,"18":1,"19":1,"20":1,"21":1,"22":1,"23":1,"24":0,"25":9,"26":1,"27":9,"28":4,"29":9,"30":4,"31":9,"32":5,"33":9,"34":5,"35":9,"36":6,"37":9,"38":4,"39":9,"40":1,"41":9,"42":1,"43":9,"44":3,"45":9,"46":2,"47":9,"48":1,"49":9,"50":1},"f":{"0":9,"1":3,"2":1,"3":1,"4":4,"5":4,"6":5,"7":5,"8":6,"9":4,"10":1,"11":1,"12":3,"13":2,"14":1,"15":1},"b":{"0":[7,2],"1":[2,1],"2":[3,3]}}
,"/home/will/concordia/soen-490/UInnovate/UInnovateApp/src/virtualmodel/__mocks__/VMD.tsx": {"path":"/home/will/concordia/soen-490/UInnovate/UInnovateApp/src/virtualmodel/__mocks__/VMD.tsx","statementMap":{"0":{"start":{"line":9,"column":4},"end":{"line":9,"column":null}},"1":{"start":{"line":10,"column":4},"end":{"line":10,"column":null}},"2":{"start":{"line":13,"column":4},"end":{"line":13,"column":null}},"3":{"start":{"line":14,"column":4},"end":{"line":14,"column":null}},"4":{"start":{"line":17,"column":4},"end":{"line":17,"column":null}},"5":{"start":{"line":18,"column":4},"end":{"line":18,"column":null}},"6":{"start":{"line":21,"column":4},"end":{"line":21,"column":null}},"7":{"start":{"line":22,"column":4},"end":{"line":22,"column":null}},"8":{"start":{"line":25,"column":4},"end":{"line":25,"column":null}},"9":{"start":{"line":26,"column":4},"end":{"line":26,"column":null}},"10":{"start":{"line":29,"column":4},"end":{"line":29,"column":null}},"11":{"start":{"line":30,"column":23},"end":{"line":30,"column":null}},"12":{"start":{"line":31,"column":4},"end":{"line":33,"column":null}},"13":{"start":{"line":35,"column":4},"end":{"line":35,"column":null}},"14":{"start":{"line":38,"column":4},"end":{"line":38,"column":null}},"15":{"start":{"line":39,"column":4},"end":{"line":41,"column":null}},"16":{"start":{"line":45,"column":4},"end":{"line":45,"column":null}},"17":{"start":{"line":46,"column":4},"end":{"line":48,"column":null}},"18":{"start":{"line":52,"column":4},"end":{"line":52,"column":null}},"19":{"start":{"line":53,"column":4},"end":{"line":53,"column":null}},"20":{"start":{"line":56,"column":4},"end":{"line":56,"column":null}},"21":{"start":{"line":57,"column":4},"end":{"line":60,"column":null}},"22":{"start":{"line":64,"column":4},"end":{"line":64,"column":null}},"23":{"start":{"line":65,"column":4},"end":{"line":65,"column":null}},"24":{"start":{"line":68,"column":4},"end":{"line":71,"column":null}},"25":{"start":{"line":77,"column":6},"end":{"line":77,"column":null}},"26":{"start":{"line":78,"column":6},"end":{"line":78,"column":null}},"27":{"start":{"line":89,"column":8},"end":{"line":89,"column":null}},"28":{"start":{"line":90,"column":8},"end":{"line":90,"column":null}},"29":{"start":{"line":102,"column":8},"end":{"line":102,"column":null}},"30":{"start":{"line":103,"column":8},"end":{"line":103,"column":null}},"31":{"start":{"line":107,"column":4},"end":{"line":107,"column":null}},"32":{"start":{"line":108,"column":4},"end":{"line":108,"column":null}},"33":{"start":{"line":111,"column":4},"end":{"line":111,"column":null}},"34":{"start":{"line":112,"column":4},"end":{"line":112,"column":null}},"35":{"start":{"line":115,"column":4},"end":{"line":115,"column":null}},"36":{"start":{"line":116,"column":4},"end":{"line":116,"column":null}},"37":{"start":{"line":128,"column":8},"end":{"line":128,"column":null}},"38":{"start":{"line":129,"column":8},"end":{"line":129,"column":null}},"39":{"start":{"line":133,"column":4},"end":{"line":133,"column":null}},"40":{"start":{"line":142,"column":4},"end":{"line":142,"column":null}},"41":{"start":{"line":144,"column":14},"end":{"line":165,"column":null}},"42":{"start":{"line":155,"column":8},"end":{"line":155,"column":null}},"43":{"start":{"line":156,"column":8},"end":{"line":163,"column":null}},"44":{"start":{"line":166,"column":15},"end":{"line":174,"column":null}},"45":{"start":{"line":167,"column":4},"end":{"line":167,"column":null}},"46":{"start":{"line":168,"column":4},"end":{"line":172,"column":null}},"47":{"start":{"line":175,"column":22},"end":{"line":178,"column":null}},"48":{"start":{"line":176,"column":4},"end":{"line":176,"column":null}},"49":{"start":{"line":177,"column":4},"end":{"line":177,"column":null}},"50":{"start":{"line":179,"column":20},"end":{"line":182,"column":null}},"51":{"start":{"line":180,"column":4},"end":{"line":180,"column":null}},"52":{"start":{"line":181,"column":4},"end":{"line":181,"column":null}},"53":{"start":{"line":187,"column":4},"end":{"line":187,"column":null}},"54":{"start":{"line":189,"column":18},"end":{"line":192,"column":null}},"55":{"start":{"line":190,"column":4},"end":{"line":190,"column":null}},"56":{"start":{"line":191,"column":4},"end":{"line":191,"column":null}},"57":{"start":{"line":193,"column":18},"end":{"line":196,"column":null}},"58":{"start":{"line":194,"column":4},"end":{"line":194,"column":null}},"59":{"start":{"line":195,"column":4},"end":{"line":195,"column":null}}},"fnMap":{"0":{"name":"(anonymous_0)","decl":{"start":{"line":8,"column":49},"end":{"line":8,"column":55}},"loc":{"start":{"line":8,"column":55},"end":{"line":11,"column":3}}},"1":{"name":"(anonymous_1)","decl":{"start":{"line":12,"column":50},"end":{"line":12,"column":51}},"loc":{"start":{"line":12,"column":69},"end":{"line":15,"column":3}}},"2":{"name":"(anonymous_2)","decl":{"start":{"line":16,"column":58},"end":{"line":16,"column":64}},"loc":{"start":{"line":16,"column":64},"end":{"line":19,"column":3}}},"3":{"name":"(anonymous_3)","decl":{"start":{"line":20,"column":55},"end":{"line":20,"column":61}},"loc":{"start":{"line":20,"column":61},"end":{"line":23,"column":3}}},"4":{"name":"(anonymous_4)","decl":{"start":{"line":24,"column":52},"end":{"line":24,"column":58}},"loc":{"start":{"line":24,"column":58},"end":{"line":27,"column":3}}},"5":{"name":"(anonymous_5)","decl":{"start":{"line":28,"column":40},"end":{"line":28,"column":46}},"loc":{"start":{"line":28,"column":46},"end":{"line":36,"column":3}}},"6":{"name":"(anonymous_6)","decl":{"start":{"line":37,"column":41},"end":{"line":37,"column":47}},"loc":{"start":{"line":37,"column":47},"end":{"line":43,"column":3}}},"7":{"name":"(anonymous_7)","decl":{"start":{"line":44,"column":52},"end":{"line":44,"column":58}},"loc":{"start":{"line":44,"column":58},"end":{"line":50,"column":3}}},"8":{"name":"(anonymous_8)","decl":{"start":{"line":51,"column":39},"end":{"line":51,"column":45}},"loc":{"start":{"line":51,"column":45},"end":{"line":54,"column":3}}},"9":{"name":"(anonymous_9)","decl":{"start":{"line":55,"column":40},"end":{"line":55,"column":46}},"loc":{"start":{"line":55,"column":46},"end":{"line":62,"column":3}}},"10":{"name":"(anonymous_10)","decl":{"start":{"line":63,"column":45},"end":{"line":63,"column":51}},"loc":{"start":{"line":63,"column":51},"end":{"line":66,"column":3}}},"11":{"name":"(anonymous_11)","decl":{"start":{"line":67,"column":43},"end":{"line":67,"column":49}},"loc":{"start":{"line":67,"column":49},"end":{"line":73,"column":3}}},"12":{"name":"(anonymous_12)","decl":{"start":{"line":76,"column":24},"end":{"line":76,"column":25}},"loc":{"start":{"line":76,"column":72},"end":{"line":79,"column":5}}},"13":{"name":"(anonymous_13)","decl":{"start":{"line":83,"column":6},"end":{"line":83,"column":null}},"loc":{"start":{"line":88,"column":11},"end":{"line":91,"column":null}}},"14":{"name":"(anonymous_14)","decl":{"start":{"line":96,"column":6},"end":{"line":96,"column":null}},"loc":{"start":{"line":101,"column":11},"end":{"line":104,"column":null}}},"15":{"name":"(anonymous_15)","decl":{"start":{"line":106,"column":51},"end":{"line":106,"column":57}},"loc":{"start":{"line":106,"column":57},"end":{"line":109,"column":3}}},"16":{"name":"(anonymous_16)","decl":{"start":{"line":110,"column":52},"end":{"line":110,"column":58}},"loc":{"start":{"line":110,"column":58},"end":{"line":113,"column":3}}},"17":{"name":"(anonymous_17)","decl":{"start":{"line":114,"column":64},"end":{"line":114,"column":70}},"loc":{"start":{"line":114,"column":70},"end":{"line":117,"column":3}}},"18":{"name":"(anonymous_18)","decl":{"start":{"line":121,"column":6},"end":{"line":121,"column":null}},"loc":{"start":{"line":127,"column":11},"end":{"line":130,"column":null}}},"19":{"name":"(anonymous_19)","decl":{"start":{"line":132,"column":45},"end":{"line":132,"column":51}},"loc":{"start":{"line":132,"column":51},"end":{"line":134,"column":3}}},"20":{"name":"(anonymous_20)","decl":{"start":{"line":141,"column":2},"end":{"line":141,"column":14}},"loc":{"start":{"line":141,"column":28},"end":{"line":143,"column":null}}},"21":{"name":"(anonymous_21)","decl":{"start":{"line":147,"column":6},"end":{"line":147,"column":null}},"loc":{"start":{"line":154,"column":11},"end":{"line":164,"column":null}}},"22":{"name":"(anonymous_22)","decl":{"start":{"line":166,"column":42},"end":{"line":166,"column":48}},"loc":{"start":{"line":166,"column":48},"end":{"line":174,"column":3}}},"23":{"name":"(anonymous_23)","decl":{"start":{"line":175,"column":49},"end":{"line":175,"column":55}},"loc":{"start":{"line":175,"column":55},"end":{"line":178,"column":3}}},"24":{"name":"(anonymous_24)","decl":{"start":{"line":179,"column":47},"end":{"line":179,"column":48}},"loc":{"start":{"line":179,"column":73},"end":{"line":182,"column":3}}},"25":{"name":"(anonymous_25)","decl":{"start":{"line":186,"column":2},"end":{"line":186,"column":14}},"loc":{"start":{"line":186,"column":28},"end":{"line":188,"column":null}}},"26":{"name":"(anonymous_26)","decl":{"start":{"line":189,"column":45},"end":{"line":189,"column":51}},"loc":{"start":{"line":189,"column":51},"end":{"line":192,"column":3}}},"27":{"name":"(anonymous_27)","decl":{"start":{"line":193,"column":45},"end":{"line":193,"column":51}},"loc":{"start":{"line":193,"column":51},"end":{"line":196,"column":3}}}},"branchMap":{},"s":{"0":1,"1":1,"2":62,"3":62,"4":10,"5":10,"6":32,"7":32,"8":5,"9":5,"10":36,"11":36,"12":36,"13":36,"14":14,"15":14,"16":76,"17":76,"18":94,"19":94,"20":0,"21":0,"22":67,"23":67,"24":40,"25":9,"26":9,"27":1,"28":1,"29":69,"30":69,"31":2,"32":2,"33":48,"34":48,"35":4,"36":4,"37":1,"38":1,"39":1,"40":299,"41":299,"42":12,"43":12,"44":299,"45":49,"46":49,"47":299,"48":1,"49":1,"50":299,"51":4,"52":4,"53":209,"54":209,"55":0,"56":0,"57":209,"58":1,"59":1},"f":{"0":1,"1":62,"2":10,"3":32,"4":5,"5":36,"6":14,"7":76,"8":94,"9":0,"10":67,"11":40,"12":9,"13":1,"14":69,"15":2,"16":48,"17":4,"18":1,"19":1,"20":299,"21":12,"22":49,"23":1,"24":4,"25":209,"26":0,"27":1},"b":{}}
}
